#
# There is insufficient memory for the Java Runtime Environment to continue.
# Native memory allocation (malloc) failed to allocate 1807056 bytes for Chunk::new
# Possible reasons:
#   The system is out of physical RAM or swap space
#   The process is running with CompressedOops enabled, and the Java Heap may be blocking the growth of the native heap
# Possible solutions:
#   Reduce memory load on the system
#   Increase physical memory or swap space
#   Check if swap backing store is full
#   Decrease Java heap size (-Xmx/-Xms)
#   Decrease number of Java threads
#   Decrease Java thread stack sizes (-Xss)
#   Set larger code cache with -XX:ReservedCodeCacheSize=
#   JVM is running with Unscaled Compressed Oops mode in which the Java heap is
#     placed in the first 4GB address space. The Java Heap base address is the
#     maximum limit for the native heap growth. Please use -XX:HeapBaseMinAddress
#     to set the Java Heap base and to place the Java Heap above 4GB virtual address.
# This output file may be truncated or incomplete.
#
#  Out of Memory Error (src/hotspot/share/memory/arena.cpp:197), pid=9100, tid=3860
#
# JRE version: OpenJDK Runtime Environment (11.0.15) (build 11.0.15+0-b2043.56-9505619)
# Java VM: OpenJDK 64-Bit Server VM (11.0.15+0-b2043.56-9505619, mixed mode, tiered, compressed oops, g1 gc, windows-amd64)
# No core dump will be written. Minidumps are not enabled by default on client versions of Windows
#

---------------  S U M M A R Y ------------

Command Line: --add-opens=java.base/java.util=ALL-UNNAMED --add-opens=java.base/java.lang=ALL-UNNAMED --add-opens=java.base/java.lang.invoke=ALL-UNNAMED --add-opens=java.base/java.util=ALL-UNNAMED --add-opens=java.prefs/java.util.prefs=ALL-UNNAMED --add-opens=java.prefs/java.util.prefs=ALL-UNNAMED --add-opens=java.base/java.nio.charset=ALL-UNNAMED --add-opens=java.base/java.net=ALL-UNNAMED --add-opens=java.base/java.util.concurrent.atomic=ALL-UNNAMED -Xmx2048m -Dfile.encoding=UTF-8 -Duser.country=US -Duser.language=en -Duser.variant org.gradle.launcher.daemon.bootstrap.GradleDaemon 7.5

Host: Intel(R) Core(TM) i5-7200U CPU @ 2.50GHz, 4 cores, 7G,  Windows 11 , 64 bit Build 22000 (10.0.22000.2003)
Time: Tue Jun 27 22:32:46 2023 SE Asia Standard Time elapsed time: 535.109812 seconds (0d 0h 8m 55s)

---------------  T H R E A D  ---------------

Current thread (0x0000020a5104b800):  JavaThread "C2 CompilerThread1" daemon [_thread_in_native, id=3860, stack(0x00000071f9000000,0x00000071f9100000)]


Current CompileTask:
C2: 535109 19860 %     4       com.android.tools.r8.internal.Ab::a @ 2683 (6176 bytes)

Stack: [0x00000071f9000000,0x00000071f9100000]
Native frames: (J=compiled Java code, j=interpreted, Vv=VM code, C=native code)
V  [jvm.dll+0x64135a]
V  [jvm.dll+0x7d39f9]
V  [jvm.dll+0x7d51b9]
V  [jvm.dll+0x7d58a3]
V  [jvm.dll+0x2691c5]
V  [jvm.dll+0xc1a5c]
V  [jvm.dll+0xc200c]
V  [jvm.dll+0x3774a7]
V  [jvm.dll+0x342495]
V  [jvm.dll+0x34186a]
V  [jvm.dll+0x2214bd]
V  [jvm.dll+0x220498]
V  [jvm.dll+0x19e851]
V  [jvm.dll+0x230479]
V  [jvm.dll+0x22e5ef]
V  [jvm.dll+0x794de1]
V  [jvm.dll+0x78dc24]
V  [jvm.dll+0x6400f6]
C  [ucrtbase.dll+0x26c0c]
C  [KERNEL32.DLL+0x155a0]
C  [ntdll.dll+0x485b]


---------------  P R O C E S S  ---------------

Threads class SMR info:
_java_thread_list=0x0000020a563f1f90, length=98, elements={
0x0000020a31fd9000, 0x0000020a4db76800, 0x0000020a4db77800, 0x0000020a4e502800,
0x0000020a4db97000, 0x0000020a4db97800, 0x0000020a4db9e000, 0x0000020a4db9f000,
0x0000020a4dba3000, 0x0000020a4e646800, 0x0000020a5083b800, 0x0000020a4fb52000,
0x0000020a50d64800, 0x0000020a4f348000, 0x0000020a4f34e800, 0x0000020a4f34a000,
0x0000020a4f34a800, 0x0000020a4f34b800, 0x0000020a4f34c800, 0x0000020a4f34e000,
0x0000020a4f34d000, 0x0000020a4f349000, 0x0000020a4ecb3800, 0x0000020a4ecba000,
0x0000020a546de800, 0x0000020a546db000, 0x0000020a546d2000, 0x0000020a546d6000,
0x0000020a546d0800, 0x0000020a546d3000, 0x0000020a546d3800, 0x0000020a546d5800,
0x0000020a546d9800, 0x0000020a546da000, 0x0000020a546d7000, 0x0000020a546d4800,
0x0000020a546dc800, 0x0000020a546dd800, 0x0000020a546d7800, 0x0000020a546df000,
0x0000020a546dc000, 0x0000020a4ecb7000, 0x0000020a4ecb4800, 0x0000020a4ecb5800,
0x0000020a4ecb6000, 0x0000020a4ecbe800, 0x0000020a4ecbc800, 0x0000020a4ecbd800,
0x0000020a4ecb8800, 0x0000020a4ecb9800, 0x0000020a4ecc1800, 0x0000020a4ecc2800,
0x0000020a4ecbf000, 0x0000020a4ecc0800, 0x0000020a4ecc0000, 0x0000020a4ed98800,
0x0000020a4ed95800, 0x0000020a4ed97000, 0x0000020a4ed97800, 0x0000020a4ed9b000,
0x0000020a4ed9c000, 0x0000020a4ed99800, 0x0000020a4ed96000, 0x0000020a4eda0000,
0x0000020a4ed9e800, 0x0000020a4ed9c800, 0x0000020a4ed9a000, 0x0000020a4ed9d800,
0x0000020a4eda0800, 0x0000020a4eda1800, 0x0000020a4eda2800, 0x0000020a4eda3000,
0x0000020a4eda4000, 0x0000020a4ed9f000, 0x0000020a5414c000, 0x0000020a5414d800,
0x0000020a5414b800, 0x0000020a5414d000, 0x0000020a5414e800, 0x0000020a54149800,
0x0000020a54149000, 0x0000020a5414f800, 0x0000020a54150000, 0x0000020a5414a800,
0x0000020a54155000, 0x0000020a54152000, 0x0000020a54152800, 0x0000020a54151000,
0x0000020a54156800, 0x0000020a54156000, 0x0000020a5104b800, 0x0000020a54153800,
0x0000020a54157800, 0x0000020a5c0bd800, 0x0000020a5c0c1000, 0x0000020a5c0bd000,
0x0000020a5c0bc000, 0x0000020a5c0be800
}

Java Threads: ( => current thread )
  0x0000020a31fd9000 JavaThread "main" [_thread_blocked, id=10676, stack(0x00000071f3100000,0x00000071f3200000)]
  0x0000020a4db76800 JavaThread "Reference Handler" daemon [_thread_blocked, id=3800, stack(0x00000071f3800000,0x00000071f3900000)]
  0x0000020a4db77800 JavaThread "Finalizer" daemon [_thread_blocked, id=6276, stack(0x00000071f3900000,0x00000071f3a00000)]
  0x0000020a4e502800 JavaThread "Signal Dispatcher" daemon [_thread_blocked, id=13400, stack(0x00000071f3a00000,0x00000071f3b00000)]
  0x0000020a4db97000 JavaThread "Attach Listener" daemon [_thread_blocked, id=16000, stack(0x00000071f3b00000,0x00000071f3c00000)]
  0x0000020a4db97800 JavaThread "Service Thread" daemon [_thread_blocked, id=7628, stack(0x00000071f3c00000,0x00000071f3d00000)]
  0x0000020a4db9e000 JavaThread "C2 CompilerThread0" daemon [_thread_in_native, id=2512, stack(0x00000071f3d00000,0x00000071f3e00000)]
  0x0000020a4db9f000 JavaThread "C1 CompilerThread0" daemon [_thread_blocked, id=12520, stack(0x00000071f3e00000,0x00000071f3f00000)]
  0x0000020a4dba3000 JavaThread "Sweeper thread" daemon [_thread_blocked, id=7300, stack(0x00000071f3f00000,0x00000071f4000000)]
  0x0000020a4e646800 JavaThread "Common-Cleaner" daemon [_thread_blocked, id=8156, stack(0x00000071f4000000,0x00000071f4100000)]
  0x0000020a5083b800 JavaThread "Daemon health stats" [_thread_blocked, id=3512, stack(0x00000071f4500000,0x00000071f4600000)]
  0x0000020a4fb52000 JavaThread "Incoming local TCP Connector on port 53676" [_thread_in_native, id=12460, stack(0x00000071f4200000,0x00000071f4300000)]
  0x0000020a50d64800 JavaThread "Daemon periodic checks" [_thread_blocked, id=5392, stack(0x00000071f4600000,0x00000071f4700000)]
  0x0000020a4f348000 JavaThread "Cache worker for journal cache (C:\Users\user\.gradle\caches\journal-1)" [_thread_blocked, id=10548, stack(0x00000071f5000000,0x00000071f5100000)]
  0x0000020a4f34e800 JavaThread "File lock request listener" [_thread_in_native, id=13876, stack(0x00000071f5100000,0x00000071f5200000)]
  0x0000020a4f34a000 JavaThread "Cache worker for file hash cache (C:\Users\user\.gradle\caches\7.5\fileHashes)" [_thread_blocked, id=14896, stack(0x00000071f5200000,0x00000071f5300000)]
  0x0000020a4f34a800 JavaThread "File watcher server" daemon [_thread_in_native, id=14684, stack(0x00000071f5400000,0x00000071f5500000)]
  0x0000020a4f34b800 JavaThread "File watcher consumer" daemon [_thread_blocked, id=5720, stack(0x00000071f5500000,0x00000071f5600000)]
  0x0000020a4f34c800 JavaThread "jar transforms" [_thread_blocked, id=5284, stack(0x00000071f5600000,0x00000071f5700000)]
  0x0000020a4f34e000 JavaThread "jar transforms Thread 2" [_thread_blocked, id=11828, stack(0x00000071f5700000,0x00000071f5800000)]
  0x0000020a4f34d000 JavaThread "jar transforms Thread 3" [_thread_blocked, id=14668, stack(0x00000071f5800000,0x00000071f5900000)]
  0x0000020a4f349000 JavaThread "jar transforms Thread 4" [_thread_blocked, id=15800, stack(0x00000071f5900000,0x00000071f5a00000)]
  0x0000020a4ecb3800 JavaThread "Cache worker for file content cache (C:\Users\user\.gradle\caches\7.5\fileContent)" [_thread_blocked, id=12004, stack(0x00000071f5b00000,0x00000071f5c00000)]
  0x0000020a4ecba000 JavaThread "Cache worker for execution history cache (C:\Users\user\.gradle\caches\7.5\executionHistory)" [_thread_blocked, id=7440, stack(0x00000071f5e00000,0x00000071f5f00000)]
  0x0000020a546de800 JavaThread "Memory manager" [_thread_blocked, id=14368, stack(0x00000071f8b00000,0x00000071f8c00000)]
  0x0000020a546db000 JavaThread "pool-3-thread-1" [_thread_blocked, id=3016, stack(0x00000071f2f00000,0x00000071f3000000)]
  0x0000020a546d2000 JavaThread "Daemon Thread 2" [_thread_blocked, id=9116, stack(0x00000071f2e00000,0x00000071f2f00000)]
  0x0000020a546d6000 JavaThread "Handler for socket connection from /127.0.0.1:53676 to /127.0.0.1:54033" [_thread_in_native, id=6600, stack(0x00000071f3000000,0x00000071f3100000)]
  0x0000020a546d0800 JavaThread "Cancel handler" [_thread_blocked, id=8396, stack(0x00000071f4700000,0x00000071f4800000)]
  0x0000020a546d3000 JavaThread "Daemon worker Thread 2" [_thread_blocked, id=5288, stack(0x00000071f4800000,0x00000071f4900000)]
  0x0000020a546d3800 JavaThread "Asynchronous log dispatcher for DefaultDaemonConnection: socket connection from /127.0.0.1:53676 to /127.0.0.1:54033" [_thread_blocked, id=11360, stack(0x00000071f4900000,0x00000071f4a00000)]
  0x0000020a546d5800 JavaThread "Stdin handler" [_thread_blocked, id=2836, stack(0x00000071f4a00000,0x00000071f4b00000)]
  0x0000020a546d9800 JavaThread "Daemon client event forwarder" [_thread_blocked, id=10408, stack(0x00000071f4b00000,0x00000071f4c00000)]
  0x0000020a546da000 JavaThread "Cache worker for checksums cache (D:\AndroidStudioProjects\GithubUserExplorer\.gradle\7.5\checksums)" [_thread_blocked, id=12300, stack(0x00000071f4d00000,0x00000071f4e00000)]
  0x0000020a546d7000 JavaThread "Cache worker for cache directory md-rule (C:\Users\user\.gradle\caches\7.5\md-rule)" [_thread_blocked, id=140, stack(0x00000071f5300000,0x00000071f5400000)]
  0x0000020a546d4800 JavaThread "Cache worker for file hash cache (D:\AndroidStudioProjects\GithubUserExplorer\.gradle\7.5\fileHashes)" [_thread_blocked, id=1792, stack(0x00000071f5a00000,0x00000071f5b00000)]
  0x0000020a546dc800 JavaThread "Cache worker for cache directory md-supplier (C:\Users\user\.gradle\caches\7.5\md-supplier)" [_thread_blocked, id=12304, stack(0x00000071f5c00000,0x00000071f5d00000)]
  0x0000020a546dd800 JavaThread "Cache worker for dependencies-accessors (D:\AndroidStudioProjects\GithubUserExplorer\.gradle\7.5\dependencies-accessors)" [_thread_blocked, id=7776, stack(0x00000071f5d00000,0x00000071f5e00000)]
  0x0000020a546d7800 JavaThread "Cache worker for Build Output Cleanup Cache (D:\AndroidStudioProjects\GithubUserExplorer\.gradle\buildOutputCleanup)" [_thread_blocked, id=14940, stack(0x00000071f5f00000,0x00000071f6000000)]
  0x0000020a546df000 JavaThread "Unconstrained build operations" [_thread_blocked, id=6596, stack(0x00000071f6000000,0x00000071f6100000)]
  0x0000020a546dc000 JavaThread "Unconstrained build operations Thread 2" [_thread_blocked, id=15552, stack(0x00000071f6100000,0x00000071f6200000)]
  0x0000020a4ecb7000 JavaThread "Unconstrained build operations Thread 3" [_thread_blocked, id=10792, stack(0x00000071f6200000,0x00000071f6300000)]
  0x0000020a4ecb4800 JavaThread "Unconstrained build operations Thread 4" [_thread_blocked, id=6592, stack(0x00000071f6300000,0x00000071f6400000)]
  0x0000020a4ecb5800 JavaThread "Unconstrained build operations Thread 5" [_thread_blocked, id=8452, stack(0x00000071f6400000,0x00000071f6500000)]
  0x0000020a4ecb6000 JavaThread "Unconstrained build operations Thread 6" [_thread_blocked, id=6552, stack(0x00000071f6500000,0x00000071f6600000)]
  0x0000020a4ecbe800 JavaThread "Unconstrained build operations Thread 7" [_thread_blocked, id=12976, stack(0x00000071f6600000,0x00000071f6700000)]
  0x0000020a4ecbc800 JavaThread "Unconstrained build operations Thread 8" [_thread_blocked, id=4376, stack(0x00000071f6700000,0x00000071f6800000)]
  0x0000020a4ecbd800 JavaThread "Unconstrained build operations Thread 9" [_thread_blocked, id=5308, stack(0x00000071f6800000,0x00000071f6900000)]
  0x0000020a4ecb8800 JavaThread "Unconstrained build operations Thread 10" [_thread_blocked, id=6844, stack(0x00000071f6900000,0x00000071f6a00000)]
  0x0000020a4ecb9800 JavaThread "Unconstrained build operations Thread 11" [_thread_blocked, id=9424, stack(0x00000071f6a00000,0x00000071f6b00000)]
  0x0000020a4ecc1800 JavaThread "Unconstrained build operations Thread 12" [_thread_blocked, id=1464, stack(0x00000071f6b00000,0x00000071f6c00000)]
  0x0000020a4ecc2800 JavaThread "Unconstrained build operations Thread 13" [_thread_blocked, id=11312, stack(0x00000071f6c00000,0x00000071f6d00000)]
  0x0000020a4ecbf000 JavaThread "Unconstrained build operations Thread 14" [_thread_blocked, id=14064, stack(0x00000071f6d00000,0x00000071f6e00000)]
  0x0000020a4ecc0800 JavaThread "Unconstrained build operations Thread 15" [_thread_blocked, id=15680, stack(0x00000071f6e00000,0x00000071f6f00000)]
  0x0000020a4ecc0000 JavaThread "Unconstrained build operations Thread 16" [_thread_blocked, id=14424, stack(0x00000071f6f00000,0x00000071f7000000)]
  0x0000020a4ed98800 JavaThread "Unconstrained build operations Thread 17" [_thread_blocked, id=1648, stack(0x00000071f7000000,0x00000071f7100000)]
  0x0000020a4ed95800 JavaThread "Unconstrained build operations Thread 18" [_thread_blocked, id=16348, stack(0x00000071f7100000,0x00000071f7200000)]
  0x0000020a4ed97000 JavaThread "Unconstrained build operations Thread 19" [_thread_blocked, id=8024, stack(0x00000071f7200000,0x00000071f7300000)]
  0x0000020a4ed97800 JavaThread "Unconstrained build operations Thread 20" [_thread_blocked, id=2180, stack(0x00000071f7300000,0x00000071f7400000)]
  0x0000020a4ed9b000 JavaThread "Unconstrained build operations Thread 21" [_thread_blocked, id=7952, stack(0x00000071f7400000,0x00000071f7500000)]
  0x0000020a4ed9c000 JavaThread "Unconstrained build operations Thread 22" [_thread_blocked, id=15948, stack(0x00000071f7500000,0x00000071f7600000)]
  0x0000020a4ed99800 JavaThread "Unconstrained build operations Thread 23" [_thread_blocked, id=15776, stack(0x00000071f7600000,0x00000071f7700000)]
  0x0000020a4ed96000 JavaThread "Unconstrained build operations Thread 24" [_thread_blocked, id=13956, stack(0x00000071f7700000,0x00000071f7800000)]
  0x0000020a4eda0000 JavaThread "Unconstrained build operations Thread 25" [_thread_blocked, id=14976, stack(0x00000071f7800000,0x00000071f7900000)]
  0x0000020a4ed9e800 JavaThread "Unconstrained build operations Thread 26" [_thread_blocked, id=9688, stack(0x00000071f7900000,0x00000071f7a00000)]
  0x0000020a4ed9c800 JavaThread "Unconstrained build operations Thread 27" [_thread_blocked, id=10788, stack(0x00000071f7a00000,0x00000071f7b00000)]
  0x0000020a4ed9a000 JavaThread "Unconstrained build operations Thread 28" [_thread_blocked, id=12564, stack(0x00000071f7b00000,0x00000071f7c00000)]
  0x0000020a4ed9d800 JavaThread "Unconstrained build operations Thread 29" [_thread_blocked, id=8788, stack(0x00000071f7c00000,0x00000071f7d00000)]
  0x0000020a4eda0800 JavaThread "Unconstrained build operations Thread 30" [_thread_blocked, id=9660, stack(0x00000071f7d00000,0x00000071f7e00000)]
  0x0000020a4eda1800 JavaThread "Unconstrained build operations Thread 31" [_thread_blocked, id=9124, stack(0x00000071f7e00000,0x00000071f7f00000)]
  0x0000020a4eda2800 JavaThread "Unconstrained build operations Thread 32" [_thread_blocked, id=5780, stack(0x00000071f7f00000,0x00000071f8000000)]
  0x0000020a4eda3000 JavaThread "Unconstrained build operations Thread 33" [_thread_blocked, id=9720, stack(0x00000071f8000000,0x00000071f8100000)]
  0x0000020a4eda4000 JavaThread "Unconstrained build operations Thread 34" [_thread_blocked, id=12496, stack(0x00000071f8100000,0x00000071f8200000)]
  0x0000020a4ed9f000 JavaThread "Unconstrained build operations Thread 35" [_thread_blocked, id=14992, stack(0x00000071f8200000,0x00000071f8300000)]
  0x0000020a5414c000 JavaThread "Unconstrained build operations Thread 36" [_thread_in_native_trans, id=7376, stack(0x00000071f8300000,0x00000071f8400000)]
  0x0000020a5414d800 JavaThread "Unconstrained build operations Thread 37" [_thread_blocked, id=10244, stack(0x00000071f8400000,0x00000071f8500000)]
  0x0000020a5414b800 JavaThread "Unconstrained build operations Thread 38" [_thread_blocked, id=14236, stack(0x00000071f8500000,0x00000071f8600000)]
  0x0000020a5414d000 JavaThread "Unconstrained build operations Thread 39" [_thread_in_vm, id=11868, stack(0x00000071f8600000,0x00000071f8700000)]
  0x0000020a5414e800 JavaThread "Unconstrained build operations Thread 40" [_thread_blocked, id=14592, stack(0x00000071f8700000,0x00000071f8800000)]
  0x0000020a54149800 JavaThread "build event listener" [_thread_blocked, id=716, stack(0x00000071f8800000,0x00000071f8900000)]
  0x0000020a54149000 JavaThread "pool-6-thread-1" [_thread_blocked, id=15016, stack(0x00000071f8900000,0x00000071f8a00000)]
  0x0000020a5414f800 JavaThread "build event listener" [_thread_blocked, id=3428, stack(0x00000071f8a00000,0x00000071f8b00000)]
  0x0000020a54150000 JavaThread "included builds" [_thread_blocked, id=5524, stack(0x00000071f8c00000,0x00000071f8d00000)]
  0x0000020a5414a800 JavaThread "Execution worker" [_thread_blocked, id=14436, stack(0x00000071f8d00000,0x00000071f8e00000)]
  0x0000020a54155000 JavaThread "Execution worker Thread 2" [_thread_blocked, id=13020, stack(0x00000071f8e00000,0x00000071f8f00000)]
  0x0000020a54152000 JavaThread "Execution worker Thread 3" [_thread_blocked, id=10620, stack(0x00000071f8f00000,0x00000071f9000000)]
  0x0000020a54152800 JavaThread "Cache worker for execution history cache (D:\AndroidStudioProjects\GithubUserExplorer\.gradle\7.5\executionHistory)" [_thread_blocked, id=1152, stack(0x00000071f4c00000,0x00000071f4d00000)]
  0x0000020a54151000 JavaThread "pool-7-thread-1" [_thread_blocked, id=10440, stack(0x00000071f9100000,0x00000071f9200000)]
  0x0000020a54156800 JavaThread "stderr" [_thread_in_native, id=9328, stack(0x00000071f9200000,0x00000071f9300000)]
  0x0000020a54156000 JavaThread "stdout" [_thread_in_native, id=15576, stack(0x00000071f9300000,0x00000071f9400000)]
=>0x0000020a5104b800 JavaThread "C2 CompilerThread1" daemon [_thread_in_native, id=3860, stack(0x00000071f9000000,0x00000071f9100000)]
  0x0000020a54153800 JavaThread "WorkerExecutor Queue" [_thread_in_native, id=7216, stack(0x00000071f9500000,0x00000071f9600000)]
  0x0000020a54157800 JavaThread "RMI Scheduler(0)" daemon [_thread_blocked, id=7912, stack(0x00000071f9600000,0x00000071f9700000)]
  0x0000020a5c0bd800 JavaThread "RMI RenewClean-[127.0.0.1:17096,org.jetbrains.kotlin.daemon.common.LoopbackNetworkInterface$ClientLoopbackSocketFactory@7da26c79]" daemon [_thread_blocked, id=16216, stack(0x00000071f9700000,0x00000071f9800000)]
  0x0000020a5c0c1000 JavaThread "RMI GC Daemon" daemon [_thread_blocked, id=6356, stack(0x00000071f9800000,0x00000071f9900000)]
  0x0000020a5c0bd000 JavaThread "RMI TCP Accept-0" daemon [_thread_in_native, id=15028, stack(0x00000071f9900000,0x00000071f9a00000)]
  0x0000020a5c0bc000 JavaThread "RMI Reaper" [_thread_blocked, id=7564, stack(0x00000071f9a00000,0x00000071f9b00000)]
  0x0000020a5c0be800 JavaThread "RMI TCP Connection(1)-127.0.0.1" daemon [_thread_in_native, id=15212, stack(0x00000071f9b00000,0x00000071f9c00000)]

Other Threads:
  0x0000020a4db74800 VMThread "VM Thread" [stack: 0x00000071f3700000,0x00000071f3800000] [id=10720]
  0x0000020a4e664800 WatcherThread [stack: 0x00000071f4100000,0x00000071f4200000] [id=13144]
  0x0000020a31f5c800 GCTaskThread "GC Thread#0" [stack: 0x00000071f3200000,0x00000071f3300000] [id=12164]
  0x0000020a4eeff800 GCTaskThread "GC Thread#1" [stack: 0x00000071f4300000,0x00000071f4400000] [id=2316]
  0x0000020a4ef2d000 GCTaskThread "GC Thread#2" [stack: 0x00000071f4400000,0x00000071f4500000] [id=12388]
  0x0000020a5059d800 GCTaskThread "GC Thread#3" [stack: 0x00000071f4e00000,0x00000071f4f00000] [id=9012]
  0x0000020a3201e000 ConcurrentGCThread "G1 Main Marker" [stack: 0x00000071f3300000,0x00000071f3400000] [id=8940]
  0x0000020a32020000 ConcurrentGCThread "G1 Conc#0" [stack: 0x00000071f3400000,0x00000071f3500000] [id=14372]
  0x0000020a4d9d0800 ConcurrentGCThread "G1 Refine#0" [stack: 0x00000071f3500000,0x00000071f3600000] [id=1452]
  0x0000020a50641000 ConcurrentGCThread "G1 Refine#1" [stack: 0x00000071f4f00000,0x00000071f5000000] [id=9740]
  0x0000020a4d9d1800 ConcurrentGCThread "G1 Young RemSet Sampling" [stack: 0x00000071f3600000,0x00000071f3700000] [id=8952]

Threads with active compile tasks:
C2 CompilerThread0   535165 19802 %     4       com.android.tools.r8.internal.Ab::a @ 4295 (4413 bytes)
C2 CompilerThread1   535165 19860 %     4       com.android.tools.r8.internal.Ab::a @ 2683 (6176 bytes)

VM state:not at safepoint (normal execution)

VM Mutex/Monitor currently owned by a thread: None

Heap address: 0x0000000080000000, size: 2048 MB, Compressed Oops mode: 32-bit
Narrow klass base: 0x0000000000000000, Narrow klass shift: 3
Compressed class space size: 1073741824 Address: 0x0000000100000000

Heap:
 garbage-first heap   total 288768K, used 260361K [0x0000000080000000, 0x0000000100000000)
  region size 1024K, 10 young (10240K), 2 survivors (2048K)
 Metaspace       used 140888K, capacity 145112K, committed 145360K, reserved 1175552K
  class space    used 17584K, capacity 19130K, committed 19232K, reserved 1048576K
Heap Regions: E=young(eden), S=young(survivor), O=old, HS=humongous(starts), HC=humongous(continues), CS=collection set, F=free, A=archive, TAMS=top-at-mark-start (previous, next)
|   0|0x0000000080000000, 0x0000000080100000, 0x0000000080100000|100%|HS|  |TAMS 0x0000000080100000, 0x0000000080100000| Complete 
|   1|0x0000000080100000, 0x0000000080200000, 0x0000000080200000|100%|HC|  |TAMS 0x0000000080200000, 0x0000000080200000| Complete 
|   2|0x0000000080200000, 0x0000000080300000, 0x0000000080300000|100%|HC|  |TAMS 0x0000000080300000, 0x0000000080300000| Complete 
|   3|0x0000000080300000, 0x0000000080400000, 0x0000000080400000|100%| O|  |TAMS 0x0000000080400000, 0x0000000080400000| Untracked 
|   4|0x0000000080400000, 0x0000000080500000, 0x0000000080500000|100%| O|  |TAMS 0x0000000080500000, 0x0000000080500000| Untracked 
|   5|0x0000000080500000, 0x0000000080600000, 0x0000000080600000|100%| O|  |TAMS 0x0000000080600000, 0x0000000080600000| Untracked 
|   6|0x0000000080600000, 0x0000000080700000, 0x0000000080700000|100%| O|  |TAMS 0x0000000080700000, 0x0000000080700000| Untracked 
|   7|0x0000000080700000, 0x0000000080800000, 0x0000000080800000|100%| O|  |TAMS 0x0000000080800000, 0x0000000080800000| Untracked 
|   8|0x0000000080800000, 0x0000000080900000, 0x0000000080900000|100%| O|  |TAMS 0x0000000080900000, 0x0000000080900000| Untracked 
|   9|0x0000000080900000, 0x0000000080a00000, 0x0000000080a00000|100%| O|  |TAMS 0x0000000080a00000, 0x0000000080a00000| Untracked 
|  10|0x0000000080a00000, 0x0000000080b00000, 0x0000000080b00000|100%| O|  |TAMS 0x0000000080b00000, 0x0000000080b00000| Untracked 
|  11|0x0000000080b00000, 0x0000000080c00000, 0x0000000080c00000|100%| O|  |TAMS 0x0000000080c00000, 0x0000000080c00000| Untracked 
|  12|0x0000000080c00000, 0x0000000080d00000, 0x0000000080d00000|100%| O|  |TAMS 0x0000000080d00000, 0x0000000080d00000| Untracked 
|  13|0x0000000080d00000, 0x0000000080e00000, 0x0000000080e00000|100%| O|  |TAMS 0x0000000080e00000, 0x0000000080e00000| Untracked 
|  14|0x0000000080e00000, 0x0000000080f00000, 0x0000000080f00000|100%| O|  |TAMS 0x0000000080f00000, 0x0000000080f00000| Untracked 
|  15|0x0000000080f00000, 0x0000000081000000, 0x0000000081000000|100%| O|  |TAMS 0x0000000081000000, 0x0000000081000000| Untracked 
|  16|0x0000000081000000, 0x0000000081100000, 0x0000000081100000|100%|HS|  |TAMS 0x0000000081100000, 0x0000000081100000| Complete 
|  17|0x0000000081100000, 0x0000000081200000, 0x0000000081200000|100%|HC|  |TAMS 0x0000000081200000, 0x0000000081200000| Complete 
|  18|0x0000000081200000, 0x0000000081300000, 0x0000000081300000|100%|HS|  |TAMS 0x0000000081300000, 0x0000000081300000| Complete 
|  19|0x0000000081300000, 0x0000000081400000, 0x0000000081400000|100%|HC|  |TAMS 0x0000000081400000, 0x0000000081400000| Complete 
|  20|0x0000000081400000, 0x0000000081500000, 0x0000000081500000|100%|HC|  |TAMS 0x0000000081500000, 0x0000000081500000| Complete 
|  21|0x0000000081500000, 0x0000000081600000, 0x0000000081600000|100%|HS|  |TAMS 0x0000000081600000, 0x0000000081600000| Complete 
|  22|0x0000000081600000, 0x0000000081700000, 0x0000000081700000|100%|HC|  |TAMS 0x0000000081700000, 0x0000000081700000| Complete 
|  23|0x0000000081700000, 0x0000000081800000, 0x0000000081800000|100%|HC|  |TAMS 0x0000000081800000, 0x0000000081800000| Complete 
|  24|0x0000000081800000, 0x0000000081900000, 0x0000000081900000|100%|HS|  |TAMS 0x0000000081900000, 0x0000000081900000| Complete 
|  25|0x0000000081900000, 0x0000000081a00000, 0x0000000081a00000|100%|HC|  |TAMS 0x0000000081a00000, 0x0000000081a00000| Complete 
|  26|0x0000000081a00000, 0x0000000081b00000, 0x0000000081b00000|100%|HS|  |TAMS 0x0000000081b00000, 0x0000000081b00000| Complete 
|  27|0x0000000081b00000, 0x0000000081c00000, 0x0000000081c00000|100%|HC|  |TAMS 0x0000000081c00000, 0x0000000081c00000| Complete 
|  28|0x0000000081c00000, 0x0000000081d00000, 0x0000000081d00000|100%|HC|  |TAMS 0x0000000081d00000, 0x0000000081d00000| Complete 
|  29|0x0000000081d00000, 0x0000000081e00000, 0x0000000081e00000|100%|HC|  |TAMS 0x0000000081e00000, 0x0000000081e00000| Complete 
|  30|0x0000000081e00000, 0x0000000081f00000, 0x0000000081f00000|100%|HC|  |TAMS 0x0000000081f00000, 0x0000000081f00000| Complete 
|  31|0x0000000081f00000, 0x0000000082000000, 0x0000000082000000|100%|HS|  |TAMS 0x0000000082000000, 0x0000000082000000| Complete 
|  32|0x0000000082000000, 0x0000000082100000, 0x0000000082100000|100%|HC|  |TAMS 0x0000000082100000, 0x0000000082100000| Complete 
|  33|0x0000000082100000, 0x0000000082200000, 0x0000000082200000|100%|HC|  |TAMS 0x0000000082200000, 0x0000000082200000| Complete 
|  34|0x0000000082200000, 0x0000000082300000, 0x0000000082300000|100%|HC|  |TAMS 0x0000000082300000, 0x0000000082300000| Complete 
|  35|0x0000000082300000, 0x0000000082400000, 0x0000000082400000|100%|HC|  |TAMS 0x0000000082400000, 0x0000000082400000| Complete 
|  36|0x0000000082400000, 0x0000000082500000, 0x0000000082500000|100%|HC|  |TAMS 0x0000000082500000, 0x0000000082500000| Complete 
|  37|0x0000000082500000, 0x0000000082600000, 0x0000000082600000|100%|HC|  |TAMS 0x0000000082600000, 0x0000000082600000| Complete 
|  38|0x0000000082600000, 0x0000000082700000, 0x0000000082700000|100%|HC|  |TAMS 0x0000000082700000, 0x0000000082700000| Complete 
|  39|0x0000000082700000, 0x0000000082800000, 0x0000000082800000|100%|HC|  |TAMS 0x0000000082800000, 0x0000000082800000| Complete 
|  40|0x0000000082800000, 0x0000000082900000, 0x0000000082900000|100%|HC|  |TAMS 0x0000000082900000, 0x0000000082900000| Complete 
|  41|0x0000000082900000, 0x0000000082a00000, 0x0000000082a00000|100%|HS|  |TAMS 0x0000000082a00000, 0x0000000082a00000| Complete 
|  42|0x0000000082a00000, 0x0000000082b00000, 0x0000000082b00000|100%|HC|  |TAMS 0x0000000082b00000, 0x0000000082b00000| Complete 
|  43|0x0000000082b00000, 0x0000000082c00000, 0x0000000082c00000|100%| O|  |TAMS 0x0000000082c00000, 0x0000000082c00000| Untracked 
|  44|0x0000000082c00000, 0x0000000082d00000, 0x0000000082d00000|100%| O|  |TAMS 0x0000000082d00000, 0x0000000082d00000| Untracked 
|  45|0x0000000082d00000, 0x0000000082e00000, 0x0000000082e00000|100%| O|  |TAMS 0x0000000082e00000, 0x0000000082e00000| Untracked 
|  46|0x0000000082e00000, 0x0000000082f00000, 0x0000000082f00000|100%| O|  |TAMS 0x0000000082e00000, 0x0000000082f00000| Untracked 
|  47|0x0000000082f00000, 0x0000000083000000, 0x0000000083000000|100%| O|  |TAMS 0x0000000083000000, 0x0000000083000000| Untracked 
|  48|0x0000000083000000, 0x0000000083100000, 0x0000000083100000|100%| O|  |TAMS 0x0000000083100000, 0x0000000083100000| Untracked 
|  49|0x0000000083100000, 0x0000000083200000, 0x0000000083200000|100%| O|  |TAMS 0x0000000083200000, 0x0000000083200000| Untracked 
|  50|0x0000000083200000, 0x0000000083300000, 0x0000000083300000|100%| O|  |TAMS 0x0000000083300000, 0x0000000083300000| Untracked 
|  51|0x0000000083300000, 0x0000000083400000, 0x0000000083400000|100%| O|  |TAMS 0x0000000083400000, 0x0000000083400000| Untracked 
|  52|0x0000000083400000, 0x0000000083500000, 0x0000000083500000|100%| O|  |TAMS 0x0000000083500000, 0x0000000083500000| Untracked 
|  53|0x0000000083500000, 0x0000000083600000, 0x0000000083600000|100%| O|  |TAMS 0x0000000083600000, 0x0000000083600000| Untracked 
|  54|0x0000000083600000, 0x0000000083700000, 0x0000000083700000|100%| O|  |TAMS 0x0000000083700000, 0x0000000083700000| Untracked 
|  55|0x0000000083700000, 0x0000000083800000, 0x0000000083800000|100%| O|  |TAMS 0x0000000083800000, 0x0000000083800000| Untracked 
|  56|0x0000000083800000, 0x0000000083900000, 0x0000000083900000|100%| O|  |TAMS 0x0000000083900000, 0x0000000083900000| Untracked 
|  57|0x0000000083900000, 0x0000000083a00000, 0x0000000083a00000|100%| O|  |TAMS 0x0000000083a00000, 0x0000000083a00000| Untracked 
|  58|0x0000000083a00000, 0x0000000083b00000, 0x0000000083b00000|100%|HS|  |TAMS 0x0000000083b00000, 0x0000000083b00000| Complete 
|  59|0x0000000083b00000, 0x0000000083c00000, 0x0000000083c00000|100%|HC|  |TAMS 0x0000000083c00000, 0x0000000083c00000| Complete 
|  60|0x0000000083c00000, 0x0000000083d00000, 0x0000000083d00000|100%|HC|  |TAMS 0x0000000083d00000, 0x0000000083d00000| Complete 
|  61|0x0000000083d00000, 0x0000000083e00000, 0x0000000083e00000|100%|HC|  |TAMS 0x0000000083e00000, 0x0000000083e00000| Complete 
|  62|0x0000000083e00000, 0x0000000083f00000, 0x0000000083f00000|100%|HC|  |TAMS 0x0000000083f00000, 0x0000000083f00000| Complete 
|  63|0x0000000083f00000, 0x0000000084000000, 0x0000000084000000|100%|HC|  |TAMS 0x0000000084000000, 0x0000000084000000| Complete 
|  64|0x0000000084000000, 0x0000000084100000, 0x0000000084100000|100%|HC|  |TAMS 0x0000000084100000, 0x0000000084100000| Complete 
|  65|0x0000000084100000, 0x0000000084200000, 0x0000000084200000|100%|HC|  |TAMS 0x0000000084200000, 0x0000000084200000| Complete 
|  66|0x0000000084200000, 0x0000000084300000, 0x0000000084300000|100%|HC|  |TAMS 0x0000000084300000, 0x0000000084300000| Complete 
|  67|0x0000000084300000, 0x0000000084400000, 0x0000000084400000|100%|HC|  |TAMS 0x0000000084400000, 0x0000000084400000| Complete 
|  68|0x0000000084400000, 0x0000000084500000, 0x0000000084500000|100%|HS|  |TAMS 0x0000000084500000, 0x0000000084500000| Complete 
|  69|0x0000000084500000, 0x0000000084600000, 0x0000000084600000|100%|HC|  |TAMS 0x0000000084600000, 0x0000000084600000| Complete 
|  70|0x0000000084600000, 0x0000000084700000, 0x0000000084700000|100%| O|  |TAMS 0x0000000084700000, 0x0000000084700000| Untracked 
|  71|0x0000000084700000, 0x0000000084800000, 0x0000000084800000|100%| O|  |TAMS 0x0000000084800000, 0x0000000084800000| Untracked 
|  72|0x0000000084800000, 0x0000000084900000, 0x0000000084900000|100%|HS|  |TAMS 0x0000000084900000, 0x0000000084900000| Complete 
|  73|0x0000000084900000, 0x0000000084a00000, 0x0000000084a00000|100%|HC|  |TAMS 0x0000000084a00000, 0x0000000084a00000| Complete 
|  74|0x0000000084a00000, 0x0000000084b00000, 0x0000000084b00000|100%|HC|  |TAMS 0x0000000084b00000, 0x0000000084b00000| Complete 
|  75|0x0000000084b00000, 0x0000000084c00000, 0x0000000084c00000|100%|HS|  |TAMS 0x0000000084c00000, 0x0000000084c00000| Complete 
|  76|0x0000000084c00000, 0x0000000084d00000, 0x0000000084d00000|100%|HC|  |TAMS 0x0000000084d00000, 0x0000000084d00000| Complete 
|  77|0x0000000084d00000, 0x0000000084e00000, 0x0000000084e00000|100%|HS|  |TAMS 0x0000000084e00000, 0x0000000084e00000| Complete 
|  78|0x0000000084e00000, 0x0000000084f00000, 0x0000000084f00000|100%|HC|  |TAMS 0x0000000084f00000, 0x0000000084f00000| Complete 
|  79|0x0000000084f00000, 0x0000000085000000, 0x0000000085000000|100%|HC|  |TAMS 0x0000000085000000, 0x0000000085000000| Complete 
|  80|0x0000000085000000, 0x0000000085100000, 0x0000000085100000|100%| O|  |TAMS 0x0000000085100000, 0x0000000085100000| Untracked 
|  81|0x0000000085100000, 0x0000000085200000, 0x0000000085200000|100%| O|  |TAMS 0x0000000085200000, 0x0000000085200000| Untracked 
|  82|0x0000000085200000, 0x0000000085300000, 0x0000000085300000|100%| O|  |TAMS 0x0000000085300000, 0x0000000085300000| Untracked 
|  83|0x0000000085300000, 0x0000000085400000, 0x0000000085400000|100%| O|  |TAMS 0x0000000085400000, 0x0000000085400000| Untracked 
|  84|0x0000000085400000, 0x0000000085500000, 0x0000000085500000|100%| O|  |TAMS 0x0000000085500000, 0x0000000085500000| Untracked 
|  85|0x0000000085500000, 0x0000000085600000, 0x0000000085600000|100%| O|  |TAMS 0x0000000085600000, 0x0000000085600000| Untracked 
|  86|0x0000000085600000, 0x0000000085700000, 0x0000000085700000|100%| O|  |TAMS 0x0000000085700000, 0x0000000085700000| Untracked 
|  87|0x0000000085700000, 0x0000000085800000, 0x0000000085800000|100%|HS|  |TAMS 0x0000000085800000, 0x0000000085800000| Complete 
|  88|0x0000000085800000, 0x0000000085900000, 0x0000000085900000|100%|HC|  |TAMS 0x0000000085900000, 0x0000000085900000| Complete 
|  89|0x0000000085900000, 0x0000000085a00000, 0x0000000085a00000|100%|HC|  |TAMS 0x0000000085a00000, 0x0000000085a00000| Complete 
|  90|0x0000000085a00000, 0x0000000085b00000, 0x0000000085b00000|100%|HC|  |TAMS 0x0000000085b00000, 0x0000000085b00000| Complete 
|  91|0x0000000085b00000, 0x0000000085c00000, 0x0000000085c00000|100%|HC|  |TAMS 0x0000000085c00000, 0x0000000085c00000| Complete 
|  92|0x0000000085c00000, 0x0000000085d00000, 0x0000000085d00000|100%| O|  |TAMS 0x0000000085d00000, 0x0000000085d00000| Untracked 
|  93|0x0000000085d00000, 0x0000000085e00000, 0x0000000085e00000|100%| O|  |TAMS 0x0000000085e00000, 0x0000000085e00000| Untracked 
|  94|0x0000000085e00000, 0x0000000085f00000, 0x0000000085f00000|100%| O|  |TAMS 0x0000000085f00000, 0x0000000085f00000| Untracked 
|  95|0x0000000085f00000, 0x0000000086000000, 0x0000000086000000|100%| O|  |TAMS 0x0000000086000000, 0x0000000086000000| Untracked 
|  96|0x0000000086000000, 0x0000000086100000, 0x0000000086100000|100%| O|  |TAMS 0x0000000086100000, 0x0000000086100000| Untracked 
|  97|0x0000000086100000, 0x0000000086200000, 0x0000000086200000|100%| O|  |TAMS 0x0000000086200000, 0x0000000086200000| Untracked 
|  98|0x0000000086200000, 0x0000000086300000, 0x0000000086300000|100%| O|  |TAMS 0x0000000086300000, 0x0000000086300000| Untracked 
|  99|0x0000000086300000, 0x0000000086400000, 0x0000000086400000|100%| O|  |TAMS 0x0000000086400000, 0x0000000086400000| Untracked 
| 100|0x0000000086400000, 0x0000000086500000, 0x0000000086500000|100%| O|  |TAMS 0x0000000086500000, 0x0000000086500000| Untracked 
| 101|0x0000000086500000, 0x0000000086600000, 0x0000000086600000|100%|HS|  |TAMS 0x0000000086600000, 0x0000000086600000| Complete 
| 102|0x0000000086600000, 0x0000000086700000, 0x0000000086700000|100%|HS|  |TAMS 0x0000000086700000, 0x0000000086700000| Complete 
| 103|0x0000000086700000, 0x0000000086800000, 0x0000000086800000|100%|HS|  |TAMS 0x0000000086800000, 0x0000000086800000| Complete 
| 104|0x0000000086800000, 0x0000000086900000, 0x0000000086900000|100%|HC|  |TAMS 0x0000000086900000, 0x0000000086900000| Complete 
| 105|0x0000000086900000, 0x0000000086a00000, 0x0000000086a00000|100%| O|  |TAMS 0x0000000086a00000, 0x0000000086a00000| Untracked 
| 106|0x0000000086a00000, 0x0000000086b00000, 0x0000000086b00000|100%|HS|  |TAMS 0x0000000086b00000, 0x0000000086b00000| Complete 
| 107|0x0000000086b00000, 0x0000000086c00000, 0x0000000086c00000|100%|HC|  |TAMS 0x0000000086c00000, 0x0000000086c00000| Complete 
| 108|0x0000000086c00000, 0x0000000086d00000, 0x0000000086d00000|100%|HC|  |TAMS 0x0000000086d00000, 0x0000000086d00000| Complete 
| 109|0x0000000086d00000, 0x0000000086e00000, 0x0000000086e00000|100%|HC|  |TAMS 0x0000000086e00000, 0x0000000086e00000| Complete 
| 110|0x0000000086e00000, 0x0000000086f00000, 0x0000000086f00000|100%| O|  |TAMS 0x0000000086f00000, 0x0000000086f00000| Untracked 
| 111|0x0000000086f00000, 0x0000000087000000, 0x0000000087000000|100%| O|  |TAMS 0x0000000087000000, 0x0000000087000000| Untracked 
| 112|0x0000000087000000, 0x0000000087100000, 0x0000000087100000|100%| O|  |TAMS 0x0000000087100000, 0x0000000087100000| Untracked 
| 113|0x0000000087100000, 0x0000000087200000, 0x0000000087200000|100%| O|  |TAMS 0x0000000087200000, 0x0000000087200000| Untracked 
| 114|0x0000000087200000, 0x0000000087300000, 0x0000000087300000|100%| O|  |TAMS 0x0000000087300000, 0x0000000087300000| Untracked 
| 115|0x0000000087300000, 0x0000000087400000, 0x0000000087400000|100%| O|  |TAMS 0x0000000087300000, 0x0000000087400000| Untracked 
| 116|0x0000000087400000, 0x0000000087500000, 0x0000000087500000|100%| O|  |TAMS 0x0000000087500000, 0x0000000087500000| Untracked 
| 117|0x0000000087500000, 0x0000000087600000, 0x0000000087600000|100%| O|  |TAMS 0x0000000087600000, 0x0000000087600000| Untracked 
| 118|0x0000000087600000, 0x0000000087700000, 0x0000000087700000|100%| O|  |TAMS 0x0000000087700000, 0x0000000087700000| Untracked 
| 119|0x0000000087700000, 0x0000000087800000, 0x0000000087800000|100%| O|  |TAMS 0x0000000087800000, 0x0000000087800000| Untracked 
| 120|0x0000000087800000, 0x0000000087900000, 0x0000000087900000|100%| O|  |TAMS 0x0000000087900000, 0x0000000087900000| Untracked 
| 121|0x0000000087900000, 0x0000000087a00000, 0x0000000087a00000|100%| O|  |TAMS 0x0000000087a00000, 0x0000000087a00000| Untracked 
| 122|0x0000000087a00000, 0x0000000087b00000, 0x0000000087b00000|100%| O|  |TAMS 0x0000000087b00000, 0x0000000087b00000| Untracked 
| 123|0x0000000087b00000, 0x0000000087c00000, 0x0000000087c00000|100%| O|  |TAMS 0x0000000087c00000, 0x0000000087c00000| Untracked 
| 124|0x0000000087c00000, 0x0000000087d00000, 0x0000000087d00000|100%| O|  |TAMS 0x0000000087d00000, 0x0000000087d00000| Untracked 
| 125|0x0000000087d00000, 0x0000000087e00000, 0x0000000087e00000|100%| O|  |TAMS 0x0000000087e00000, 0x0000000087e00000| Untracked 
| 126|0x0000000087e00000, 0x0000000087f00000, 0x0000000087f00000|100%| O|  |TAMS 0x0000000087f00000, 0x0000000087f00000| Untracked 
| 127|0x0000000087f00000, 0x0000000088000000, 0x0000000088000000|100%| O|  |TAMS 0x0000000087f00000, 0x0000000088000000| Untracked 
| 128|0x0000000088000000, 0x0000000088100000, 0x0000000088100000|100%| O|  |TAMS 0x000000008805d000, 0x0000000088100000| Untracked 
| 129|0x0000000088100000, 0x0000000088200000, 0x0000000088200000|100%| O|  |TAMS 0x0000000088100000, 0x0000000088200000| Untracked 
| 130|0x0000000088200000, 0x0000000088300000, 0x0000000088300000|100%| O|  |TAMS 0x0000000088300000, 0x0000000088300000| Untracked 
| 131|0x0000000088300000, 0x0000000088400000, 0x0000000088400000|100%| O|  |TAMS 0x0000000088400000, 0x0000000088400000| Untracked 
| 132|0x0000000088400000, 0x0000000088500000, 0x0000000088500000|100%| O|  |TAMS 0x0000000088500000, 0x0000000088500000| Untracked 
| 133|0x0000000088500000, 0x0000000088600000, 0x0000000088600000|100%| O|  |TAMS 0x0000000088600000, 0x0000000088600000| Untracked 
| 134|0x0000000088600000, 0x0000000088700000, 0x0000000088700000|100%| O|  |TAMS 0x0000000088700000, 0x0000000088700000| Untracked 
| 135|0x0000000088700000, 0x0000000088800000, 0x0000000088800000|100%| O|  |TAMS 0x0000000088800000, 0x0000000088800000| Untracked 
| 136|0x0000000088800000, 0x0000000088900000, 0x0000000088900000|100%| O|  |TAMS 0x0000000088900000, 0x0000000088900000| Untracked 
| 137|0x0000000088900000, 0x0000000088a00000, 0x0000000088a00000|100%|HS|  |TAMS 0x0000000088a00000, 0x0000000088a00000| Complete 
| 138|0x0000000088a00000, 0x0000000088b00000, 0x0000000088b00000|100%|HC|  |TAMS 0x0000000088b00000, 0x0000000088b00000| Complete 
| 139|0x0000000088b00000, 0x0000000088c00000, 0x0000000088c00000|100%|HS|  |TAMS 0x0000000088c00000, 0x0000000088c00000| Complete 
| 140|0x0000000088c00000, 0x0000000088d00000, 0x0000000088d00000|100%|HC|  |TAMS 0x0000000088d00000, 0x0000000088d00000| Complete 
| 141|0x0000000088d00000, 0x0000000088e00000, 0x0000000088e00000|100%|HC|  |TAMS 0x0000000088e00000, 0x0000000088e00000| Complete 
| 142|0x0000000088e00000, 0x0000000088f00000, 0x0000000088f00000|100%|HS|  |TAMS 0x0000000088f00000, 0x0000000088f00000| Complete 
| 143|0x0000000088f00000, 0x0000000089000000, 0x0000000089000000|100%|HC|  |TAMS 0x0000000089000000, 0x0000000089000000| Complete 
| 144|0x0000000089000000, 0x0000000089100000, 0x0000000089100000|100%|HC|  |TAMS 0x0000000089100000, 0x0000000089100000| Complete 
| 145|0x0000000089100000, 0x0000000089200000, 0x0000000089200000|100%|HS|  |TAMS 0x0000000089200000, 0x0000000089200000| Complete 
| 146|0x0000000089200000, 0x0000000089300000, 0x0000000089300000|100%|HC|  |TAMS 0x0000000089300000, 0x0000000089300000| Complete 
| 147|0x0000000089300000, 0x0000000089400000, 0x0000000089400000|100%|HS|  |TAMS 0x0000000089400000, 0x0000000089400000| Complete 
| 148|0x0000000089400000, 0x0000000089500000, 0x0000000089500000|100%|HC|  |TAMS 0x0000000089500000, 0x0000000089500000| Complete 
| 149|0x0000000089500000, 0x0000000089600000, 0x0000000089600000|100%|HC|  |TAMS 0x0000000089600000, 0x0000000089600000| Complete 
| 150|0x0000000089600000, 0x0000000089700000, 0x0000000089700000|100%|HC|  |TAMS 0x0000000089700000, 0x0000000089700000| Complete 
| 151|0x0000000089700000, 0x0000000089800000, 0x0000000089800000|100%|HC|  |TAMS 0x0000000089800000, 0x0000000089800000| Complete 
| 152|0x0000000089800000, 0x0000000089900000, 0x0000000089900000|100%|HS|  |TAMS 0x0000000089900000, 0x0000000089900000| Complete 
| 153|0x0000000089900000, 0x0000000089a00000, 0x0000000089a00000|100%|HC|  |TAMS 0x0000000089a00000, 0x0000000089a00000| Complete 
| 154|0x0000000089a00000, 0x0000000089b00000, 0x0000000089b00000|100%|HC|  |TAMS 0x0000000089b00000, 0x0000000089b00000| Complete 
| 155|0x0000000089b00000, 0x0000000089c00000, 0x0000000089c00000|100%|HC|  |TAMS 0x0000000089c00000, 0x0000000089c00000| Complete 
| 156|0x0000000089c00000, 0x0000000089d00000, 0x0000000089d00000|100%|HC|  |TAMS 0x0000000089d00000, 0x0000000089d00000| Complete 
| 157|0x0000000089d00000, 0x0000000089e00000, 0x0000000089e00000|100%|HC|  |TAMS 0x0000000089e00000, 0x0000000089e00000| Complete 
| 158|0x0000000089e00000, 0x0000000089f00000, 0x0000000089f00000|100%|HC|  |TAMS 0x0000000089f00000, 0x0000000089f00000| Complete 
| 159|0x0000000089f00000, 0x000000008a000000, 0x000000008a000000|100%|HC|  |TAMS 0x000000008a000000, 0x000000008a000000| Complete 
| 160|0x000000008a000000, 0x000000008a100000, 0x000000008a100000|100%|HC|  |TAMS 0x000000008a100000, 0x000000008a100000| Complete 
| 161|0x000000008a100000, 0x000000008a200000, 0x000000008a200000|100%|HC|  |TAMS 0x000000008a200000, 0x000000008a200000| Complete 
| 162|0x000000008a200000, 0x000000008a300000, 0x000000008a300000|100%|HS|  |TAMS 0x000000008a300000, 0x000000008a300000| Complete 
| 163|0x000000008a300000, 0x000000008a400000, 0x000000008a400000|100%|HC|  |TAMS 0x000000008a400000, 0x000000008a400000| Complete 
| 164|0x000000008a400000, 0x000000008a500000, 0x000000008a500000|100%| O|  |TAMS 0x000000008a500000, 0x000000008a500000| Untracked 
| 165|0x000000008a500000, 0x000000008a600000, 0x000000008a600000|100%| O|  |TAMS 0x000000008a600000, 0x000000008a600000| Untracked 
| 166|0x000000008a600000, 0x000000008a700000, 0x000000008a700000|100%| O|  |TAMS 0x000000008a700000, 0x000000008a700000| Untracked 
| 167|0x000000008a700000, 0x000000008a800000, 0x000000008a800000|100%| O|  |TAMS 0x000000008a700000, 0x000000008a800000| Untracked 
| 168|0x000000008a800000, 0x000000008a900000, 0x000000008a900000|100%| O|  |TAMS 0x000000008a900000, 0x000000008a900000| Untracked 
| 169|0x000000008a900000, 0x000000008aa00000, 0x000000008aa00000|100%| O|  |TAMS 0x000000008aa00000, 0x000000008aa00000| Untracked 
| 170|0x000000008aa00000, 0x000000008ab00000, 0x000000008ab00000|100%| O|  |TAMS 0x000000008ab00000, 0x000000008ab00000| Untracked 
| 171|0x000000008ab00000, 0x000000008ac00000, 0x000000008ac00000|100%| O|  |TAMS 0x000000008ab00000, 0x000000008ac00000| Untracked 
| 172|0x000000008ac00000, 0x000000008ad00000, 0x000000008ad00000|100%| O|  |TAMS 0x000000008ad00000, 0x000000008ad00000| Untracked 
| 173|0x000000008ad00000, 0x000000008ae00000, 0x000000008ae00000|100%| O|  |TAMS 0x000000008ae00000, 0x000000008ae00000| Untracked 
| 174|0x000000008ae00000, 0x000000008af00000, 0x000000008af00000|100%| O|  |TAMS 0x000000008ae00000, 0x000000008af00000| Untracked 
| 175|0x000000008af00000, 0x000000008b000000, 0x000000008b000000|100%| O|  |TAMS 0x000000008b000000, 0x000000008b000000| Untracked 
| 176|0x000000008b000000, 0x000000008b100000, 0x000000008b100000|100%| O|  |TAMS 0x000000008b100000, 0x000000008b100000| Untracked 
| 177|0x000000008b100000, 0x000000008b200000, 0x000000008b200000|100%| O|  |TAMS 0x000000008b200000, 0x000000008b200000| Untracked 
| 178|0x000000008b200000, 0x000000008b300000, 0x000000008b300000|100%| O|  |TAMS 0x000000008b300000, 0x000000008b300000| Untracked 
| 179|0x000000008b300000, 0x000000008b400000, 0x000000008b400000|100%| O|  |TAMS 0x000000008b400000, 0x000000008b400000| Untracked 
| 180|0x000000008b400000, 0x000000008b500000, 0x000000008b500000|100%| O|  |TAMS 0x000000008b500000, 0x000000008b500000| Untracked 
| 181|0x000000008b500000, 0x000000008b600000, 0x000000008b600000|100%| O|  |TAMS 0x000000008b500000, 0x000000008b600000| Untracked 
| 182|0x000000008b600000, 0x000000008b700000, 0x000000008b700000|100%| O|  |TAMS 0x000000008b600000, 0x000000008b700000| Untracked 
| 183|0x000000008b700000, 0x000000008b800000, 0x000000008b800000|100%| O|  |TAMS 0x000000008b800000, 0x000000008b800000| Untracked 
| 184|0x000000008b800000, 0x000000008b900000, 0x000000008b900000|100%| O|  |TAMS 0x000000008b900000, 0x000000008b900000| Untracked 
| 185|0x000000008b900000, 0x000000008ba00000, 0x000000008ba00000|100%| O|  |TAMS 0x000000008ba00000, 0x000000008ba00000| Untracked 
| 186|0x000000008ba00000, 0x000000008bb00000, 0x000000008bb00000|100%| O|  |TAMS 0x000000008ba00000, 0x000000008bb00000| Untracked 
| 187|0x000000008bb00000, 0x000000008bc00000, 0x000000008bc00000|100%| O|  |TAMS 0x000000008bc00000, 0x000000008bc00000| Untracked 
| 188|0x000000008bc00000, 0x000000008bd00000, 0x000000008bd00000|100%| O|  |TAMS 0x000000008bd00000, 0x000000008bd00000| Untracked 
| 189|0x000000008bd00000, 0x000000008be00000, 0x000000008be00000|100%| O|  |TAMS 0x000000008bd00000, 0x000000008be00000| Untracked 
| 190|0x000000008be00000, 0x000000008bf00000, 0x000000008bf00000|100%| O|  |TAMS 0x000000008be00000, 0x000000008bf00000| Untracked 
| 191|0x000000008bf00000, 0x000000008c000000, 0x000000008c000000|100%| O|  |TAMS 0x000000008bf00000, 0x000000008c000000| Untracked 
| 192|0x000000008c000000, 0x000000008c100000, 0x000000008c100000|100%| O|  |TAMS 0x000000008c000000, 0x000000008c100000| Untracked 
| 193|0x000000008c100000, 0x000000008c200000, 0x000000008c200000|100%| O|  |TAMS 0x000000008c100000, 0x000000008c200000| Untracked 
| 194|0x000000008c200000, 0x000000008c300000, 0x000000008c300000|100%| O|  |TAMS 0x000000008c200000, 0x000000008c300000| Untracked 
| 195|0x000000008c300000, 0x000000008c400000, 0x000000008c400000|100%| O|  |TAMS 0x000000008c300000, 0x000000008c400000| Untracked 
| 196|0x000000008c400000, 0x000000008c500000, 0x000000008c500000|100%| O|  |TAMS 0x000000008c500000, 0x000000008c500000| Untracked 
| 197|0x000000008c500000, 0x000000008c600000, 0x000000008c600000|100%| O|  |TAMS 0x000000008c600000, 0x000000008c600000| Untracked 
| 198|0x000000008c600000, 0x000000008c700000, 0x000000008c700000|100%| O|  |TAMS 0x000000008c700000, 0x000000008c700000| Untracked 
| 199|0x000000008c700000, 0x000000008c800000, 0x000000008c800000|100%| O|  |TAMS 0x000000008c800000, 0x000000008c800000| Untracked 
| 200|0x000000008c800000, 0x000000008c900000, 0x000000008c900000|100%| O|  |TAMS 0x000000008c900000, 0x000000008c900000| Untracked 
| 201|0x000000008c900000, 0x000000008ca00000, 0x000000008ca00000|100%| O|  |TAMS 0x000000008ca00000, 0x000000008ca00000| Untracked 
| 202|0x000000008ca00000, 0x000000008cb00000, 0x000000008cb00000|100%| O|  |TAMS 0x000000008cb00000, 0x000000008cb00000| Untracked 
| 203|0x000000008cb00000, 0x000000008cc00000, 0x000000008cc00000|100%| O|  |TAMS 0x000000008cb00000, 0x000000008cc00000| Untracked 
| 204|0x000000008cc00000, 0x000000008cd00000, 0x000000008cd00000|100%| O|  |TAMS 0x000000008cc00000, 0x000000008cd00000| Untracked 
| 205|0x000000008cd00000, 0x000000008ce00000, 0x000000008ce00000|100%| O|  |TAMS 0x000000008ce00000, 0x000000008ce00000| Untracked 
| 206|0x000000008ce00000, 0x000000008cf00000, 0x000000008cf00000|100%| O|  |TAMS 0x000000008cf00000, 0x000000008cf00000| Untracked 
| 207|0x000000008cf00000, 0x000000008d000000, 0x000000008d000000|100%| O|  |TAMS 0x000000008d000000, 0x000000008d000000| Untracked 
| 208|0x000000008d000000, 0x000000008d100000, 0x000000008d100000|100%| O|  |TAMS 0x000000008d100000, 0x000000008d100000| Untracked 
| 209|0x000000008d100000, 0x000000008d200000, 0x000000008d200000|100%| O|  |TAMS 0x000000008d200000, 0x000000008d200000| Untracked 
| 210|0x000000008d200000, 0x000000008d300000, 0x000000008d300000|100%| O|  |TAMS 0x000000008d300000, 0x000000008d300000| Untracked 
| 211|0x000000008d300000, 0x000000008d400000, 0x000000008d400000|100%| O|  |TAMS 0x000000008d400000, 0x000000008d400000| Untracked 
| 212|0x000000008d400000, 0x000000008d500000, 0x000000008d500000|100%| O|  |TAMS 0x000000008d500000, 0x000000008d500000| Untracked 
| 213|0x000000008d500000, 0x000000008d600000, 0x000000008d600000|100%| O|  |TAMS 0x000000008d600000, 0x000000008d600000| Untracked 
| 214|0x000000008d600000, 0x000000008d700000, 0x000000008d700000|100%| O|  |TAMS 0x000000008d600000, 0x000000008d700000| Untracked 
| 215|0x000000008d700000, 0x000000008d800000, 0x000000008d800000|100%| O|  |TAMS 0x000000008d800000, 0x000000008d800000| Untracked 
| 216|0x000000008d800000, 0x000000008d900000, 0x000000008d900000|100%| O|  |TAMS 0x000000008d900000, 0x000000008d900000| Untracked 
| 217|0x000000008d900000, 0x000000008da00000, 0x000000008da00000|100%| O|  |TAMS 0x000000008da00000, 0x000000008da00000| Untracked 
| 218|0x000000008da00000, 0x000000008db00000, 0x000000008db00000|100%| O|  |TAMS 0x000000008db00000, 0x000000008db00000| Untracked 
| 219|0x000000008db00000, 0x000000008dc00000, 0x000000008dc00000|100%| O|  |TAMS 0x000000008dc00000, 0x000000008dc00000| Untracked 
| 220|0x000000008dc00000, 0x000000008dd00000, 0x000000008dd00000|100%| O|  |TAMS 0x000000008dd00000, 0x000000008dd00000| Untracked 
| 221|0x000000008dd00000, 0x000000008de00000, 0x000000008de00000|100%| O|  |TAMS 0x000000008de00000, 0x000000008de00000| Untracked 
| 222|0x000000008de00000, 0x000000008df00000, 0x000000008df00000|100%| O|  |TAMS 0x000000008df00000, 0x000000008df00000| Untracked 
| 223|0x000000008df00000, 0x000000008e000000, 0x000000008e000000|100%| O|  |TAMS 0x000000008e000000, 0x000000008e000000| Untracked 
| 224|0x000000008e000000, 0x000000008e100000, 0x000000008e100000|100%| O|  |TAMS 0x000000008e100000, 0x000000008e100000| Untracked 
| 225|0x000000008e100000, 0x000000008e200000, 0x000000008e200000|100%| O|  |TAMS 0x000000008e200000, 0x000000008e200000| Untracked 
| 226|0x000000008e200000, 0x000000008e300000, 0x000000008e300000|100%| O|  |TAMS 0x000000008e300000, 0x000000008e300000| Untracked 
| 227|0x000000008e300000, 0x000000008e400000, 0x000000008e400000|100%| O|  |TAMS 0x000000008e400000, 0x000000008e400000| Untracked 
| 228|0x000000008e400000, 0x000000008e500000, 0x000000008e500000|100%| O|  |TAMS 0x000000008e500000, 0x000000008e500000| Untracked 
| 229|0x000000008e500000, 0x000000008e600000, 0x000000008e600000|100%| O|  |TAMS 0x000000008e600000, 0x000000008e600000| Untracked 
| 230|0x000000008e600000, 0x000000008e700000, 0x000000008e700000|100%| O|  |TAMS 0x000000008e700000, 0x000000008e700000| Untracked 
| 231|0x000000008e700000, 0x000000008e800000, 0x000000008e800000|100%| O|  |TAMS 0x000000008e800000, 0x000000008e800000| Untracked 
| 232|0x000000008e800000, 0x000000008e900000, 0x000000008e900000|100%| O|  |TAMS 0x000000008e900000, 0x000000008e900000| Untracked 
| 233|0x000000008e900000, 0x000000008ea00000, 0x000000008ea00000|100%| O|  |TAMS 0x000000008e900000, 0x000000008ea00000| Untracked 
| 234|0x000000008ea00000, 0x000000008eb00000, 0x000000008eb00000|100%| O|  |TAMS 0x000000008ea00000, 0x000000008eb00000| Untracked 
| 235|0x000000008eb00000, 0x000000008ec00000, 0x000000008ec00000|100%| O|  |TAMS 0x000000008eb00000, 0x000000008ec00000| Untracked 
| 236|0x000000008ec00000, 0x000000008ed00000, 0x000000008ed00000|100%| O|  |TAMS 0x000000008ec00000, 0x000000008ed00000| Untracked 
| 237|0x000000008ed00000, 0x000000008ee00000, 0x000000008ee00000|100%| O|  |TAMS 0x000000008ed00000, 0x000000008ee00000| Untracked 
| 238|0x000000008ee00000, 0x000000008ef00000, 0x000000008ef00000|100%| O|  |TAMS 0x000000008ee00000, 0x000000008ef00000| Untracked 
| 239|0x000000008ef00000, 0x000000008f000000, 0x000000008f000000|100%| O|  |TAMS 0x000000008ef00000, 0x000000008f000000| Untracked 
| 240|0x000000008f000000, 0x000000008f100000, 0x000000008f100000|100%| O|  |TAMS 0x000000008f000000, 0x000000008f100000| Untracked 
| 241|0x000000008f100000, 0x000000008f200000, 0x000000008f200000|100%| O|  |TAMS 0x000000008f100000, 0x000000008f200000| Untracked 
| 242|0x000000008f200000, 0x000000008f300000, 0x000000008f300000|100%| O|  |TAMS 0x000000008f200000, 0x000000008f300000| Untracked 
| 243|0x000000008f300000, 0x000000008f400000, 0x000000008f400000|100%| O|  |TAMS 0x000000008f300000, 0x000000008f400000| Untracked 
| 244|0x000000008f400000, 0x000000008f500000, 0x000000008f500000|100%| O|  |TAMS 0x000000008f400000, 0x000000008f500000| Untracked 
| 245|0x000000008f500000, 0x000000008f579a00, 0x000000008f600000| 47%| O|  |TAMS 0x000000008f500000, 0x000000008f579a00| Untracked 
| 246|0x000000008f600000, 0x000000008f600000, 0x000000008f700000|  0%| F|  |TAMS 0x000000008f600000, 0x000000008f600000| Untracked 
| 247|0x000000008f700000, 0x000000008f700000, 0x000000008f800000|  0%| F|  |TAMS 0x000000008f700000, 0x000000008f700000| Untracked 
| 248|0x000000008f800000, 0x000000008f800000, 0x000000008f900000|  0%| F|  |TAMS 0x000000008f800000, 0x000000008f800000| Untracked 
| 249|0x000000008f900000, 0x000000008f900000, 0x000000008fa00000|  0%| F|  |TAMS 0x000000008f900000, 0x000000008f900000| Untracked 
| 250|0x000000008fa00000, 0x000000008fa00000, 0x000000008fb00000|  0%| F|  |TAMS 0x000000008fa00000, 0x000000008fa00000| Untracked 
| 251|0x000000008fb00000, 0x000000008fb00000, 0x000000008fc00000|  0%| F|  |TAMS 0x000000008fb00000, 0x000000008fb00000| Untracked 
| 252|0x000000008fc00000, 0x000000008fc00000, 0x000000008fd00000|  0%| F|  |TAMS 0x000000008fc00000, 0x000000008fc00000| Untracked 
| 253|0x000000008fd00000, 0x000000008fd00000, 0x000000008fe00000|  0%| F|  |TAMS 0x000000008fd00000, 0x000000008fd00000| Untracked 
| 254|0x000000008fe00000, 0x000000008fe00000, 0x000000008ff00000|  0%| F|  |TAMS 0x000000008fe00000, 0x000000008fe00000| Untracked 
| 255|0x000000008ff00000, 0x000000008ff00000, 0x0000000090000000|  0%| F|  |TAMS 0x000000008ff00000, 0x000000008ff00000| Untracked 
| 256|0x0000000090000000, 0x0000000090000000, 0x0000000090100000|  0%| F|  |TAMS 0x0000000090000000, 0x0000000090000000| Untracked 
| 257|0x0000000090100000, 0x0000000090100000, 0x0000000090200000|  0%| F|  |TAMS 0x0000000090100000, 0x0000000090100000| Untracked 
| 258|0x0000000090200000, 0x0000000090200000, 0x0000000090300000|  0%| F|  |TAMS 0x0000000090200000, 0x0000000090200000| Untracked 
| 259|0x0000000090300000, 0x0000000090300000, 0x0000000090400000|  0%| F|  |TAMS 0x0000000090300000, 0x0000000090300000| Untracked 
| 260|0x0000000090400000, 0x0000000090400000, 0x0000000090500000|  0%| F|  |TAMS 0x0000000090400000, 0x0000000090400000| Untracked 
| 261|0x0000000090500000, 0x0000000090500000, 0x0000000090600000|  0%| F|  |TAMS 0x0000000090500000, 0x0000000090500000| Untracked 
| 262|0x0000000090600000, 0x0000000090600000, 0x0000000090700000|  0%| F|  |TAMS 0x0000000090600000, 0x0000000090600000| Untracked 
| 263|0x0000000090700000, 0x0000000090700000, 0x0000000090800000|  0%| F|  |TAMS 0x0000000090700000, 0x0000000090700000| Untracked 
| 264|0x0000000090800000, 0x0000000090800000, 0x0000000090900000|  0%| F|  |TAMS 0x0000000090800000, 0x0000000090800000| Untracked 
| 265|0x0000000090900000, 0x0000000090900000, 0x0000000090a00000|  0%| F|  |TAMS 0x0000000090900000, 0x0000000090900000| Untracked 
| 266|0x0000000090a00000, 0x0000000090a00000, 0x0000000090b00000|  0%| F|  |TAMS 0x0000000090a00000, 0x0000000090a00000| Untracked 
| 267|0x0000000090b00000, 0x0000000090b00000, 0x0000000090c00000|  0%| F|  |TAMS 0x0000000090b00000, 0x0000000090b00000| Untracked 
| 268|0x0000000090c00000, 0x0000000090cc8a00, 0x0000000090d00000| 78%| S|CS|TAMS 0x0000000090c00000, 0x0000000090c00000| Complete 
| 269|0x0000000090d00000, 0x0000000090e00000, 0x0000000090e00000|100%| S|CS|TAMS 0x0000000090d00000, 0x0000000090d00000| Complete 
| 270|0x0000000090e00000, 0x0000000090e00000, 0x0000000090f00000|  0%| F|  |TAMS 0x0000000090e00000, 0x0000000090e00000| Untracked 
| 271|0x0000000090f00000, 0x0000000090f00000, 0x0000000091000000|  0%| F|  |TAMS 0x0000000090f00000, 0x0000000090f00000| Untracked 
| 272|0x0000000091000000, 0x000000009102b5a0, 0x0000000091100000| 16%| E|  |TAMS 0x0000000091000000, 0x0000000091000000| Complete 
| 273|0x0000000091100000, 0x0000000091200000, 0x0000000091200000|100%| E|CS|TAMS 0x0000000091100000, 0x0000000091100000| Complete 
| 274|0x0000000091200000, 0x0000000091300000, 0x0000000091300000|100%| E|CS|TAMS 0x0000000091200000, 0x0000000091200000| Complete 
| 275|0x0000000091300000, 0x0000000091400000, 0x0000000091400000|100%| E|CS|TAMS 0x0000000091300000, 0x0000000091300000| Complete 
| 276|0x0000000091400000, 0x0000000091500000, 0x0000000091500000|100%| E|CS|TAMS 0x0000000091400000, 0x0000000091400000| Complete 
| 277|0x0000000091500000, 0x0000000091600000, 0x0000000091600000|100%| E|CS|TAMS 0x0000000091500000, 0x0000000091500000| Complete 
| 278|0x0000000091600000, 0x0000000091700000, 0x0000000091700000|100%| E|CS|TAMS 0x0000000091600000, 0x0000000091600000| Complete 
| 279|0x0000000091700000, 0x0000000091800000, 0x0000000091800000|100%| E|CS|TAMS 0x0000000091700000, 0x0000000091700000| Complete 
| 280|0x0000000091800000, 0x0000000091900000, 0x0000000091900000|100%| E|CS|TAMS 0x0000000091800000, 0x0000000091800000| Complete 
| 281|0x0000000091900000, 0x0000000091a00000, 0x0000000091a00000|100%| E|CS|TAMS 0x0000000091900000, 0x0000000091900000| Complete 

Card table byte_map: [0x0000020a46d30000,0x0000020a47130000] _byte_map_base: 0x0000020a46930000

Marking Bits (Prev, Next): (CMBitMap*) 0x0000020a32015418, (CMBitMap*) 0x0000020a32015450
 Prev Bits: [0x0000020a47530000, 0x0000020a49530000)
 Next Bits: [0x0000020a49530000, 0x0000020a4b530000)

Polling page: 0x0000020a320b0000

Metaspace:

Usage:
  Non-class:    123.03 MB capacity,   120.41 MB ( 98%) used,     2.15 MB (  2%) free+waste,   477.44 KB ( <1%) overhead. 
      Class:     18.68 MB capacity,    17.17 MB ( 92%) used,     1.30 MB (  7%) free+waste,   216.00 KB (  1%) overhead. 
       Both:    141.71 MB capacity,   137.59 MB ( 97%) used,     3.45 MB (  2%) free+waste,   693.44 KB ( <1%) overhead. 

Virtual space:
  Non-class space:      124.00 MB reserved,     123.17 MB (>99%) committed 
      Class space:        1.00 GB reserved,      18.78 MB (  2%) committed 
             Both:        1.12 GB reserved,     141.95 MB ( 12%) committed 

Chunk freelists:
   Non-Class:  18.00 KB
       Class:  6.00 KB
        Both:  24.00 KB

MaxMetaspaceSize: 17179869184.00 GB
CompressedClassSpaceSize: 1.00 GB
Initial GC threshold: 20.80 MB
Current GC threshold: 216.17 MB
CDS: off

CodeHeap 'non-profiled nmethods': size=120064Kb used=14001Kb max_used=14302Kb free=106062Kb
 bounds [0x0000020a3edd0000, 0x0000020a3fbd0000, 0x0000020a46310000]
CodeHeap 'profiled nmethods': size=120000Kb used=41827Kb max_used=41988Kb free=78172Kb
 bounds [0x0000020a378a0000, 0x0000020a3a1f0000, 0x0000020a3edd0000]
CodeHeap 'non-nmethods': size=5696Kb used=2517Kb max_used=2563Kb free=3178Kb
 bounds [0x0000020a37310000, 0x0000020a375a0000, 0x0000020a378a0000]
 total_blobs=19388 nmethods=18320 adapters=979
 compilation: enabled
              stopped_count=0, restarted_count=0
 full_count=0

Compilation events (20 events):
Event: 534.935 Thread 0x0000020a4db9f000 19886       3       com.android.tools.r8.utils.x::a (26 bytes)
Event: 534.935 Thread 0x0000020a4db9f000 nmethod 19886 0x0000020a37e2bb90 code [0x0000020a37e2bdc0, 0x0000020a37e2c5c8]
Event: 534.935 Thread 0x0000020a4db9f000 19887       3       com.android.tools.r8.utils.x::a (10 bytes)
Event: 534.936 Thread 0x0000020a4db9f000 nmethod 19887 0x0000020a37cdbb90 code [0x0000020a37cdbd40, 0x0000020a37cdbee8]
Event: 534.953 Thread 0x0000020a4db9f000 19888       3       com.android.tools.r8.graph.a1::N1 (26 bytes)
Event: 534.953 Thread 0x0000020a4db9f000 nmethod 19888 0x0000020a37e2b510 code [0x0000020a37e2b700, 0x0000020a37e2ba18]
Event: 534.955 Thread 0x0000020a4db9f000 19889       3       com.android.tools.r8.D8$$Lambda$1575/0x00000001011ce040::accept (12 bytes)
Event: 534.956 Thread 0x0000020a4db9f000 nmethod 19889 0x0000020a37e2ac10 code [0x0000020a37e2ae20, 0x0000020a37e2b308]
Event: 534.957 Thread 0x0000020a4db9f000 19890       3       com.android.tools.r8.internal.Ei::T (4 bytes)
Event: 534.957 Thread 0x0000020a4db9f000 nmethod 19890 0x0000020a37e2a890 code [0x0000020a37e2aa40, 0x0000020a37e2ab58]
Event: 534.958 Thread 0x0000020a4db9f000 19891       3       com.android.tools.r8.graph.C2::b (213 bytes)
Event: 534.959 Thread 0x0000020a4db9f000 nmethod 19891 0x0000020a37e61690 code [0x0000020a37e61940, 0x0000020a37e626f8]
Event: 534.960 Thread 0x0000020a4db9f000 19892       3       com.android.tools.r8.graph.O2::c (32 bytes)
Event: 534.961 Thread 0x0000020a4db9f000 nmethod 19892 0x0000020a37e60d90 code [0x0000020a37e60f80, 0x0000020a37e61488]
Event: 534.962 Thread 0x0000020a4db9f000 19894       3       java.util.IdentityHashMap::resize (153 bytes)
Event: 534.963 Thread 0x0000020a4db9f000 nmethod 19894 0x0000020a38b9ca10 code [0x0000020a38b9cc60, 0x0000020a38b9d9b8]
Event: 534.975 Thread 0x0000020a4db9f000 19896       3       com.android.tools.r8.internal.Zq::p (2 bytes)
Event: 534.975 Thread 0x0000020a4db9f000 nmethod 19896 0x0000020a37e2a510 code [0x0000020a37e2a6c0, 0x0000020a37e2a7b8]
Event: 535.009 Thread 0x0000020a4db9f000 19897       3       com.android.tools.r8.internal.cY::p (2 bytes)
Event: 535.010 Thread 0x0000020a4db9f000 nmethod 19897 0x0000020a37e2a110 code [0x0000020a37e2a2c0, 0x0000020a37e2a3b8]

GC Heap History (20 events):
Event: 532.316 GC heap before
{Heap before GC invocations=124 (full 0):
 garbage-first heap   total 288768K, used 253916K [0x0000000080000000, 0x0000000100000000)
  region size 1024K, 24 young (24576K), 3 survivors (3072K)
 Metaspace       used 133591K, capacity 137386K, committed 137424K, reserved 1169408K
  class space    used 16554K, capacity 17952K, committed 17952K, reserved 1048576K
}
Event: 532.322 GC heap after
{Heap after GC invocations=125 (full 0):
 garbage-first heap   total 288768K, used 234026K [0x0000000080000000, 0x0000000100000000)
  region size 1024K, 2 young (2048K), 2 survivors (2048K)
 Metaspace       used 133591K, capacity 137386K, committed 137424K, reserved 1169408K
  class space    used 16554K, capacity 17952K, committed 17952K, reserved 1048576K
}
Event: 533.180 GC heap before
{Heap before GC invocations=125 (full 0):
 garbage-first heap   total 288768K, used 254506K [0x0000000080000000, 0x0000000100000000)
  region size 1024K, 23 young (23552K), 2 survivors (2048K)
 Metaspace       used 134097K, capacity 137928K, committed 138064K, reserved 1169408K
  class space    used 16621K, capacity 18003K, committed 18080K, reserved 1048576K
}
Event: 533.187 GC heap after
{Heap after GC invocations=126 (full 0):
 garbage-first heap   total 288768K, used 236357K [0x0000000080000000, 0x0000000100000000)
  region size 1024K, 3 young (3072K), 3 survivors (3072K)
 Metaspace       used 134097K, capacity 137928K, committed 138064K, reserved 1169408K
  class space    used 16621K, capacity 18003K, committed 18080K, reserved 1048576K
}
Event: 533.367 GC heap before
{Heap before GC invocations=126 (full 0):
 garbage-first heap   total 288768K, used 253765K [0x0000000080000000, 0x0000000100000000)
  region size 1024K, 21 young (21504K), 3 survivors (3072K)
 Metaspace       used 134353K, capacity 138240K, committed 138320K, reserved 1169408K
  class space    used 16651K, capacity 18043K, committed 18080K, reserved 1048576K
}
Event: 533.375 GC heap after
{Heap after GC invocations=127 (full 0):
 garbage-first heap   total 288768K, used 240914K [0x0000000080000000, 0x0000000100000000)
  region size 1024K, 3 young (3072K), 3 survivors (3072K)
 Metaspace       used 134353K, capacity 138240K, committed 138320K, reserved 1169408K
  class space    used 16651K, capacity 18043K, committed 18080K, reserved 1048576K
}
Event: 533.640 GC heap before
{Heap before GC invocations=127 (full 0):
 garbage-first heap   total 288768K, used 252178K [0x0000000080000000, 0x0000000100000000)
  region size 1024K, 15 young (15360K), 3 survivors (3072K)
 Metaspace       used 135407K, capacity 139305K, committed 139472K, reserved 1171456K
  class space    used 16789K, capacity 18207K, committed 18208K, reserved 1048576K
}
Event: 533.647 GC heap after
{Heap after GC invocations=128 (full 0):
 garbage-first heap   total 288768K, used 241389K [0x0000000080000000, 0x0000000100000000)
  region size 1024K, 2 young (2048K), 2 survivors (2048K)
 Metaspace       used 135407K, capacity 139305K, committed 139472K, reserved 1171456K
  class space    used 16789K, capacity 18207K, committed 18208K, reserved 1048576K
}
Event: 533.926 GC heap before
{Heap before GC invocations=128 (full 0):
 garbage-first heap   total 288768K, used 253677K [0x0000000080000000, 0x0000000100000000)
  region size 1024K, 14 young (14336K), 2 survivors (2048K)
 Metaspace       used 136749K, capacity 140805K, committed 141008K, reserved 1171456K
  class space    used 16973K, capacity 18424K, committed 18464K, reserved 1048576K
}
Event: 533.933 GC heap after
{Heap after GC invocations=129 (full 0):
 garbage-first heap   total 288768K, used 243269K [0x0000000080000000, 0x0000000100000000)
  region size 1024K, 2 young (2048K), 2 survivors (2048K)
 Metaspace       used 136749K, capacity 140805K, committed 141008K, reserved 1171456K
  class space    used 16973K, capacity 18424K, committed 18464K, reserved 1048576K
}
Event: 534.109 GC heap before
{Heap before GC invocations=129 (full 0):
 garbage-first heap   total 288768K, used 254533K [0x0000000080000000, 0x0000000100000000)
  region size 1024K, 14 young (14336K), 2 survivors (2048K)
 Metaspace       used 137416K, capacity 141502K, committed 141648K, reserved 1173504K
  class space    used 17062K, capacity 18517K, committed 18592K, reserved 1048576K
}
Event: 534.122 GC heap after
{Heap after GC invocations=130 (full 0):
 garbage-first heap   total 288768K, used 245110K [0x0000000080000000, 0x0000000100000000)
  region size 1024K, 2 young (2048K), 2 survivors (2048K)
 Metaspace       used 137416K, capacity 141502K, committed 141648K, reserved 1173504K
  class space    used 17062K, capacity 18517K, committed 18592K, reserved 1048576K
}
Event: 534.401 GC heap before
{Heap before GC invocations=130 (full 0):
 garbage-first heap   total 288768K, used 256374K [0x0000000080000000, 0x0000000100000000)
  region size 1024K, 14 young (14336K), 2 survivors (2048K)
 Metaspace       used 138040K, capacity 142169K, committed 142288K, reserved 1173504K
  class space    used 17152K, capacity 18650K, committed 18720K, reserved 1048576K
}
Event: 534.411 GC heap after
{Heap after GC invocations=131 (full 0):
 garbage-first heap   total 288768K, used 247436K [0x0000000080000000, 0x0000000100000000)
  region size 1024K, 2 young (2048K), 2 survivors (2048K)
 Metaspace       used 138040K, capacity 142169K, committed 142288K, reserved 1173504K
  class space    used 17152K, capacity 18650K, committed 18720K, reserved 1048576K
}
Event: 534.576 GC heap before
{Heap before GC invocations=131 (full 0):
 garbage-first heap   total 288768K, used 259724K [0x0000000080000000, 0x0000000100000000)
  region size 1024K, 14 young (14336K), 2 survivors (2048K)
 Metaspace       used 138832K, capacity 142982K, committed 143184K, reserved 1173504K
  class space    used 17250K, capacity 18758K, committed 18848K, reserved 1048576K
}
Event: 534.584 GC heap after
{Heap after GC invocations=132 (full 0):
 garbage-first heap   total 288768K, used 249671K [0x0000000080000000, 0x0000000100000000)
  region size 1024K, 2 young (2048K), 2 survivors (2048K)
 Metaspace       used 138832K, capacity 142982K, committed 143184K, reserved 1173504K
  class space    used 17250K, capacity 18758K, committed 18848K, reserved 1048576K
}
Event: 534.824 GC heap before
{Heap before GC invocations=132 (full 0):
 garbage-first heap   total 288768K, used 261959K [0x0000000080000000, 0x0000000100000000)
  region size 1024K, 14 young (14336K), 2 survivors (2048K)
 Metaspace       used 139899K, capacity 144130K, committed 144464K, reserved 1175552K
  class space    used 17444K, capacity 18992K, committed 19104K, reserved 1048576K
}
Event: 534.833 GC heap after
{Heap after GC invocations=133 (full 0):
 garbage-first heap   total 288768K, used 251239K [0x0000000080000000, 0x0000000100000000)
  region size 1024K, 2 young (2048K), 2 survivors (2048K)
 Metaspace       used 139899K, capacity 144130K, committed 144464K, reserved 1175552K
  class space    used 17444K, capacity 18992K, committed 19104K, reserved 1048576K
}
Event: 534.937 GC heap before
{Heap before GC invocations=133 (full 0):
 garbage-first heap   total 288768K, used 263527K [0x0000000080000000, 0x0000000100000000)
  region size 1024K, 14 young (14336K), 2 survivors (2048K)
 Metaspace       used 140398K, capacity 144667K, committed 144720K, reserved 1175552K
  class space    used 17533K, capacity 19089K, committed 19104K, reserved 1048576K
}
Event: 534.944 GC heap after
{Heap after GC invocations=134 (full 0):
 garbage-first heap   total 288768K, used 253193K [0x0000000080000000, 0x0000000100000000)
  region size 1024K, 2 young (2048K), 2 survivors (2048K)
 Metaspace       used 140398K, capacity 144667K, committed 144720K, reserved 1175552K
  class space    used 17533K, capacity 19089K, committed 19104K, reserved 1048576K
}

Deoptimization events (20 events):
Event: 534.132 Thread 0x0000020a5414c000 Uncommon trap: trap_request=0xffffff4d fr.pc=0x0000020a3f1d9604 relative=0x0000000000000924
Event: 534.133 Thread 0x0000020a5414c000 Uncommon trap: reason=unstable_if action=reinterpret pc=0x0000020a3f1d9604 method=com.android.tools.r8.internal.Ab.a([CII)Ljava/lang/String; @ 59 c2
Event: 534.134 Thread 0x0000020a5414c000 DEOPT PACKING pc=0x0000020a3f1d9604 sp=0x00000071f83f9fd0
Event: 534.134 Thread 0x0000020a5414c000 DEOPT UNPACKING pc=0x0000020a3735a1af sp=0x00000071f83f9f88 mode 2
Event: 534.305 Thread 0x0000020a5414c000 DEOPT PACKING pc=0x0000020a38178213 sp=0x00000071f83fa640
Event: 534.305 Thread 0x0000020a5414c000 DEOPT UNPACKING pc=0x0000020a3735a95e sp=0x00000071f83f9b70 mode 0
Event: 534.346 Thread 0x0000020a5414c000 DEOPT PACKING pc=0x0000020a38178213 sp=0x00000071f83fa640
Event: 534.346 Thread 0x0000020a5414c000 DEOPT UNPACKING pc=0x0000020a3735a95e sp=0x00000071f83f9b70 mode 0
Event: 534.384 Thread 0x0000020a5414c000 DEOPT PACKING pc=0x0000020a38178213 sp=0x00000071f83fa770
Event: 534.384 Thread 0x0000020a5414c000 DEOPT UNPACKING pc=0x0000020a3735a95e sp=0x00000071f83f9ca0 mode 0
Event: 534.421 Thread 0x0000020a5414c000 DEOPT PACKING pc=0x0000020a38178213 sp=0x00000071f83fa770
Event: 534.421 Thread 0x0000020a5414c000 DEOPT UNPACKING pc=0x0000020a3735a95e sp=0x00000071f83f9ca0 mode 0
Event: 534.441 Thread 0x0000020a54152000 Uncommon trap: trap_request=0xffffff4d fr.pc=0x0000020a3f0a33bc relative=0x000000000000009c
Event: 534.441 Thread 0x0000020a54152000 Uncommon trap: reason=unstable_if action=reinterpret pc=0x0000020a3f0a33bc method=com.android.tools.r8.internal.mN.d(Ljava/lang/Object;)Z @ 7 c2
Event: 534.441 Thread 0x0000020a54152000 DEOPT PACKING pc=0x0000020a3f0a33bc sp=0x00000071f8ff7ea0
Event: 534.441 Thread 0x0000020a54152000 DEOPT UNPACKING pc=0x0000020a3735a1af sp=0x00000071f8ff7dd8 mode 2
Event: 534.841 Thread 0x0000020a5414c000 Uncommon trap: trap_request=0xffffff4d fr.pc=0x0000020a3f0e6a80 relative=0x0000000000000c60
Event: 534.841 Thread 0x0000020a5414c000 Uncommon trap: reason=unstable_if action=reinterpret pc=0x0000020a3f0e6a80 method=java.util.HashMap.computeIfAbsent(Ljava/lang/Object;Ljava/util/function/Function;)Ljava/lang/Object; @ 145 c2
Event: 534.841 Thread 0x0000020a5414c000 DEOPT PACKING pc=0x0000020a3f0e6a80 sp=0x00000071f83f9640
Event: 534.841 Thread 0x0000020a5414c000 DEOPT UNPACKING pc=0x0000020a3735a1af sp=0x00000071f83f95f8 mode 2

Classes redefined (0 events):
No events

Internal exceptions (20 events):
Event: 533.828 Thread 0x0000020a54153800 Exception <a 'java/lang/NoSuchMethodError'{0x0000000091261170}: 'java.lang.Object java.lang.invoke.DirectMethodHandle$Holder.invokeSpecial(java.lang.Object, java.lang.Object, int, int, java.lang.Object, int, java.lang.Object, java.lang.Object)'> (0x0000000091261170) thrown at [src/hotspot/share/interpreter/linkResolver.cpp, line 773]
Event: 533.828 Thread 0x0000020a54153800 Exception <a 'java/lang/NoSuchMethodError'{0x0000000091264c98}: 'java.lang.Object java.lang.invoke.DelegatingMethodHandle$Holder.reinvoke_L(java.lang.Object, int, int, java.lang.Object, int, java.lang.Object, java.lang.Object)'> (0x0000000091264c98) thrown at [src/hotspot/share/interpreter/linkResolver.cpp, line 773]
Event: 533.832 Thread 0x0000020a54153800 Exception <a 'java/lang/NoSuchMethodError'{0x00000000912ac260}: 'java.lang.Object java.lang.invoke.DirectMethodHandle$Holder.invokeStatic(java.lang.Object, java.lang.Object, java.lang.Object, java.lang.Object, java.lang.Object, java.lang.Object, java.lang.Object, java.lang.Object, int)'> (0x00000000912ac260) thrown at [src/hotspot/share/interpreter/linkResolver.cpp, line 773]
Event: 533.835 Thread 0x0000020a54153800 Exception <a 'java/lang/NoSuchMethodError'{0x00000000912e3818}: 'java.lang.Object java.lang.invoke.DirectMethodHandle$Holder.invokeStatic(java.lang.Object, java.lang.Object, java.lang.Object, java.lang.Object, java.lang.Object, java.lang.Object, java.lang.Object, java.lang.Object, int, int)'> (0x00000000912e3818) thrown at [src/hotspot/share/interpreter/linkResolver.cpp, line 773]
Event: 533.847 Thread 0x0000020a54153800 Exception <a 'java/lang/NoSuchMethodError'{0x0000000091192f00}: 'java.lang.Object java.lang.invoke.DirectMethodHandle$Holder.invokeStatic(java.lang.Object, java.lang.Object, java.lang.Object, java.lang.Object, java.lang.Object, java.lang.Object, java.lang.Object, java.lang.Object, int, int, java.lang.Object)'> (0x0000000091192f00) thrown at [src/hotspot/share/interpreter/linkResolver.cpp, line 773]
Event: 533.852 Thread 0x0000020a54153800 Exception <a 'java/lang/NoSuchMethodError'{0x00000000911bfbd8}: 'java.lang.Object java.lang.invoke.DirectMethodHandle$Holder.invokeStatic(java.lang.Object, java.lang.Object, java.lang.Object, java.lang.Object, java.lang.Object, java.lang.Object, java.lang.Object, java.lang.Object, int, int, java.lang.Object, java.lang.Object)'> (0x00000000911bfbd8) thrown at [src/hotspot/share/interpreter/linkResolver.cpp, line 773]
Event: 533.911 Thread 0x0000020a54153800 Exception <a 'java/lang/NoSuchMethodError'{0x0000000090eaafe0}: <clinit>> (0x0000000090eaafe0) thrown at [src/hotspot/share/prims/jni.cpp, line 1367]
Event: 533.939 Thread 0x0000020a5c0bd800 Exception <a 'java/lang/InterruptedException'{0x0000000091986fb0}> (0x0000000091986fb0) thrown at [src/hotspot/share/runtime/objectMonitor.cpp, line 1635]
Event: 533.941 Thread 0x0000020a5c0bd800 Exception <a 'java/lang/NoSuchMethodError'{0x00000000919b44c8}: 'java.lang.Object java.lang.invoke.DirectMethodHandle$Holder.invokeStatic(java.lang.Object, java.lang.Object, int, java.lang.Object, long)'> (0x00000000919b44c8) thrown at [src/hotspot/share/interpreter/linkResolver.cpp, line 773]
Event: 534.003 Thread 0x0000020a54153800 Exception <a 'java/lang/NoSuchMethodError'{0x0000000091555388}: <clinit>> (0x0000000091555388) thrown at [src/hotspot/share/prims/jni.cpp, line 1367]
Event: 534.004 Thread 0x0000020a54153800 Exception <a 'java/lang/NoSuchMethodError'{0x000000009158cf18}: <clinit>> (0x000000009158cf18) thrown at [src/hotspot/share/prims/jni.cpp, line 1367]
Event: 534.005 Thread 0x0000020a54153800 Exception <a 'java/lang/NoSuchMethodError'{0x00000000915a0da0}: <clinit>> (0x00000000915a0da0) thrown at [src/hotspot/share/prims/jni.cpp, line 1367]
Event: 534.014 Thread 0x0000020a54153800 Exception <a 'java/lang/NoSuchMethodError'{0x00000000914924f8}: <clinit>> (0x00000000914924f8) thrown at [src/hotspot/share/prims/jni.cpp, line 1367]
Event: 534.055 Thread 0x0000020a54153800 Exception <a 'java/lang/NoSuchMethodError'{0x00000000910c1c50}: <clinit>> (0x00000000910c1c50) thrown at [src/hotspot/share/prims/jni.cpp, line 1367]
Event: 534.467 Thread 0x0000020a5c0be800 Exception <a 'java/lang/NoSuchMethodError'{0x0000000091270b00}: 'java.lang.Object java.lang.invoke.DelegatingMethodHandle$Holder.reinvoke_L(java.lang.Object, int, java.lang.Object)'> (0x0000000091270b00) thrown at [src/hotspot/share/interpreter/linkResolver.cpp, line 773]
Event: 534.757 Thread 0x0000020a5414d000 Exception <a 'java/lang/IncompatibleClassChangeError'{0x000000009110f7f0}: Found class java.lang.Object, but interface was expected> (0x000000009110f7f0) thrown at [src/hotspot/share/interpreter/linkResolver.cpp, line 839]
Event: 534.757 Thread 0x0000020a54152000 Exception <a 'java/lang/IncompatibleClassChangeError'{0x000000009110bb38}: Found class java.lang.Object, but interface was expected> (0x000000009110bb38) thrown at [src/hotspot/share/interpreter/linkResolver.cpp, line 839]
Event: 534.766 Thread 0x0000020a54152000 Exception <a 'java/lang/IncompatibleClassChangeError'{0x000000009111eba8}: Found class java.lang.Object, but interface was expected> (0x000000009111eba8) thrown at [src/hotspot/share/interpreter/linkResolver.cpp, line 839]
Event: 534.928 Thread 0x0000020a5414d000 Exception <a 'java/lang/NoSuchMethodError'{0x0000000090e23e80}: 'void java.lang.invoke.DirectMethodHandle$Holder.invokeSpecial(java.lang.Object, java.lang.Object, int, java.lang.Object)'> (0x0000000090e23e80) thrown at [src/hotspot/share/interpreter/linkResolver.cpp, line 773]
Event: 534.928 Thread 0x0000020a54152000 Exception <a 'java/lang/NoSuchMethodError'{0x0000000090f9d6e8}: 'void java.lang.invoke.DirectMethodHandle$Holder.invokeSpecial(java.lang.Object, java.lang.Object, int, java.lang.Object)'> (0x0000000090f9d6e8) thrown at [src/hotspot/share/interpreter/linkResolver.cpp, line 773]

Events (20 events):
Event: 534.997 loading class com/android/tools/r8/internal/Ro
Event: 534.997 loading class com/android/tools/r8/internal/Ro done
Event: 534.997 loading class com/android/tools/r8/internal/So
Event: 534.997 loading class com/android/tools/r8/internal/So done
Event: 534.998 loading class com/android/tools/r8/internal/To
Event: 534.998 loading class com/android/tools/r8/internal/To done
Event: 535.000 loading class com/android/tools/r8/graph/z
Event: 535.000 loading class com/android/tools/r8/graph/z done
Event: 535.003 loading class com/android/tools/r8/internal/z5
Event: 535.003 loading class com/android/tools/r8/internal/z5 done
Event: 535.004 loading class com/android/tools/r8/internal/xT
Event: 535.004 loading class com/android/tools/r8/internal/xT done
Event: 535.005 loading class com/android/tools/r8/internal/Ed
Event: 535.005 loading class com/android/tools/r8/internal/Ed done
Event: 535.006 loading class com/android/tools/r8/graph/p0
Event: 535.006 loading class com/android/tools/r8/graph/p0 done
Event: 535.006 loading class com/android/tools/r8/internal/dn
Event: 535.006 loading class com/android/tools/r8/internal/dn done
Event: 535.010 loading class com/android/tools/r8/graph/p0
Event: 535.010 loading class com/android/tools/r8/graph/p0 done


Dynamic libraries:
0x00007ff7ae9e0000 - 0x00007ff7ae9ea000 	C:\Program Files\Android\Android Studio\jbr\bin\java.exe
0x00007ffb1aca0000 - 0x00007ffb1aea9000 	C:\WINDOWS\SYSTEM32\ntdll.dll
0x00007ffb19f40000 - 0x00007ffb19ffe000 	C:\WINDOWS\System32\KERNEL32.DLL
0x00007ffb18590000 - 0x00007ffb18914000 	C:\WINDOWS\System32\KERNELBASE.dll
0x00007ffb18260000 - 0x00007ffb18371000 	C:\WINDOWS\System32\ucrtbase.dll
0x00007ffb07940000 - 0x00007ffb07957000 	C:\Program Files\Android\Android Studio\jbr\bin\jli.dll
0x00007ffb078a0000 - 0x00007ffb078bb000 	C:\Program Files\Android\Android Studio\jbr\bin\VCRUNTIME140.dll
0x00007ffb18b10000 - 0x00007ffb18cbd000 	C:\WINDOWS\System32\USER32.dll
0x00007ffb183f0000 - 0x00007ffb18416000 	C:\WINDOWS\System32\win32u.dll
0x00007ffaff110000 - 0x00007ffaff3b5000 	C:\WINDOWS\WinSxS\amd64_microsoft.windows.common-controls_6595b64144ccf1df_6.0.22000.120_none_9d947278b86cc467\COMCTL32.dll
0x00007ffb19850000 - 0x00007ffb1987a000 	C:\WINDOWS\System32\GDI32.dll
0x00007ffb1aad0000 - 0x00007ffb1ab73000 	C:\WINDOWS\System32\msvcrt.dll
0x00007ffb18920000 - 0x00007ffb18a3f000 	C:\WINDOWS\System32\gdi32full.dll
0x00007ffb181c0000 - 0x00007ffb1825d000 	C:\WINDOWS\System32\msvcp_win.dll
0x00007ffb1ac20000 - 0x00007ffb1ac51000 	C:\WINDOWS\System32\IMM32.DLL
0x00007ffb0a550000 - 0x00007ffb0a55c000 	C:\Program Files\Android\Android Studio\jbr\bin\vcruntime140_1.dll
0x00007ffaefcb0000 - 0x00007ffaefd3d000 	C:\Program Files\Android\Android Studio\jbr\bin\msvcp140.dll
0x00007ffa90e40000 - 0x00007ffa919fc000 	C:\Program Files\Android\Android Studio\jbr\bin\server\jvm.dll
0x00007ffb19680000 - 0x00007ffb1972f000 	C:\WINDOWS\System32\ADVAPI32.dll
0x00007ffb19790000 - 0x00007ffb1982e000 	C:\WINDOWS\System32\sechost.dll
0x00007ffb19920000 - 0x00007ffb19a41000 	C:\WINDOWS\System32\RPCRT4.dll
0x00007ffb19910000 - 0x00007ffb19918000 	C:\WINDOWS\System32\PSAPI.DLL
0x00007ffb13c50000 - 0x00007ffb13c59000 	C:\WINDOWS\SYSTEM32\WSOCK32.dll
0x00007ffb194f0000 - 0x00007ffb1955f000 	C:\WINDOWS\System32\WS2_32.dll
0x00007ffb12ce0000 - 0x00007ffb12cea000 	C:\WINDOWS\SYSTEM32\VERSION.dll
0x00007ffb135e0000 - 0x00007ffb13613000 	C:\WINDOWS\SYSTEM32\WINMM.dll
0x00007ffb172a0000 - 0x00007ffb172b8000 	C:\WINDOWS\SYSTEM32\kernel.appcore.dll
0x00007ffb13620000 - 0x00007ffb13630000 	C:\Program Files\Android\Android Studio\jbr\bin\verify.dll
0x00007ffb15d10000 - 0x00007ffb15f31000 	C:\WINDOWS\SYSTEM32\DBGHELP.DLL
0x00007ffb00460000 - 0x00007ffb00491000 	C:\WINDOWS\SYSTEM32\dbgcore.DLL
0x00007ffb18140000 - 0x00007ffb181bf000 	C:\WINDOWS\System32\bcryptPrimitives.dll
0x00007ffb07970000 - 0x00007ffb07998000 	C:\Program Files\Android\Android Studio\jbr\bin\java.dll
0x00007ffb07aa0000 - 0x00007ffb07aaa000 	C:\Program Files\Android\Android Studio\jbr\bin\jimage.dll
0x00007ffb072c0000 - 0x00007ffb072d8000 	C:\Program Files\Android\Android Studio\jbr\bin\zip.dll
0x00007ffb1a300000 - 0x00007ffb1aac5000 	C:\WINDOWS\System32\SHELL32.dll
0x00007ffb16220000 - 0x00007ffb16a84000 	C:\WINDOWS\SYSTEM32\windows.storage.dll
0x00007ffb18cc0000 - 0x00007ffb19036000 	C:\WINDOWS\System32\combase.dll
0x00007ffb160b0000 - 0x00007ffb16217000 	C:\WINDOWS\SYSTEM32\wintypes.dll
0x00007ffb1a210000 - 0x00007ffb1a2fa000 	C:\WINDOWS\System32\SHCORE.dll
0x00007ffb19730000 - 0x00007ffb1978d000 	C:\WINDOWS\System32\shlwapi.dll
0x00007ffb18070000 - 0x00007ffb18091000 	C:\WINDOWS\SYSTEM32\profapi.dll
0x00007ffb014d0000 - 0x00007ffb014e9000 	C:\Program Files\Android\Android Studio\jbr\bin\net.dll
0x00007ffb12570000 - 0x00007ffb12683000 	C:\WINDOWS\SYSTEM32\WINHTTP.dll
0x00007ffb17750000 - 0x00007ffb177b7000 	C:\WINDOWS\system32\mswsock.dll
0x00007ffaefe60000 - 0x00007ffaefe73000 	C:\Program Files\Android\Android Studio\jbr\bin\nio.dll
0x00007ffb078c0000 - 0x00007ffb078e7000 	C:\Users\user\.gradle\native\e1d6ef7f7dcc3fd88c89a11ec53ec762bb8ba0a96d01ffa2cd45eb1d1d8dd5c5\windows-amd64\native-platform.dll
0x00007ffade370000 - 0x00007ffade4b4000 	C:\Users\user\.gradle\native\0d407fdbe67a94daf76414ababcb853783967236a71b16ec16e742cd7a986fd3\windows-amd64\native-platform-file-events.dll
0x00007ffb079f0000 - 0x00007ffb079fa000 	C:\Program Files\Android\Android Studio\jbr\bin\management.dll
0x00007ffb07960000 - 0x00007ffb0796b000 	C:\Program Files\Android\Android Studio\jbr\bin\management_ext.dll
0x00007ffb179b0000 - 0x00007ffb179c8000 	C:\WINDOWS\SYSTEM32\CRYPTSP.dll
0x00007ffb17200000 - 0x00007ffb17235000 	C:\WINDOWS\system32\rsaenh.dll
0x00007ffb17850000 - 0x00007ffb17879000 	C:\WINDOWS\SYSTEM32\USERENV.dll
0x00007ffb17b20000 - 0x00007ffb17b47000 	C:\WINDOWS\SYSTEM32\bcrypt.dll
0x00007ffb179a0000 - 0x00007ffb179ac000 	C:\WINDOWS\SYSTEM32\CRYPTBASE.dll
0x00007ffb16dc0000 - 0x00007ffb16ded000 	C:\WINDOWS\SYSTEM32\IPHLPAPI.DLL
0x00007ffb18b00000 - 0x00007ffb18b09000 	C:\WINDOWS\System32\NSI.dll
0x00007ffb12880000 - 0x00007ffb12899000 	C:\WINDOWS\SYSTEM32\dhcpcsvc6.DLL
0x00007ffb12b20000 - 0x00007ffb12b3e000 	C:\WINDOWS\SYSTEM32\dhcpcsvc.DLL
0x00007ffb16df0000 - 0x00007ffb16ed7000 	C:\WINDOWS\SYSTEM32\DNSAPI.dll
0x00007ffacb4e0000 - 0x00007ffacb507000 	C:\Program Files\Android\Android Studio\jbr\bin\sunec.dll
0x00007ffb0f800000 - 0x00007ffb0f80a000 	C:\Windows\System32\rasadhlp.dll
0x00007ffb111b0000 - 0x00007ffb11232000 	C:\WINDOWS\System32\fwpuclnt.dll
0x00007ffb13ce0000 - 0x00007ffb13cf7000 	C:\WINDOWS\system32\napinsp.dll
0x00007ffb14510000 - 0x00007ffb1452b000 	C:\WINDOWS\system32\pnrpnsp.dll
0x00007ffb13d00000 - 0x00007ffb13d12000 	C:\WINDOWS\System32\winrnr.dll
0x00007ffaed1e0000 - 0x00007ffaed1f5000 	C:\WINDOWS\system32\wshbth.dll
0x00007ffac4a70000 - 0x00007ffac4a8f000 	C:\WINDOWS\system32\nlansp_c.dll
0x00007ffb151c0000 - 0x00007ffb15252000 	C:\WINDOWS\system32\apphelp.dll
0x00007ffb083a0000 - 0x00007ffb083be000 	C:\Users\user\AppData\Local\Temp\native-platform13387737487163721910dir\native-platform.dll
0x00007ffb145a0000 - 0x00007ffb145a7000 	C:\Program Files\Android\Android Studio\jbr\bin\rmi.dll

dbghelp: loaded successfully - version: 4.0.5 - missing functions: none
symbol engine: initialized successfully - sym options: 0x614 - pdb path: .;C:\Program Files\Android\Android Studio\jbr\bin;C:\WINDOWS\SYSTEM32;C:\WINDOWS\WinSxS\amd64_microsoft.windows.common-controls_6595b64144ccf1df_6.0.22000.120_none_9d947278b86cc467;C:\Program Files\Android\Android Studio\jbr\bin\server;C:\Users\user\.gradle\native\e1d6ef7f7dcc3fd88c89a11ec53ec762bb8ba0a96d01ffa2cd45eb1d1d8dd5c5\windows-amd64;C:\Users\user\.gradle\native\0d407fdbe67a94daf76414ababcb853783967236a71b16ec16e742cd7a986fd3\windows-amd64;C:\Users\user\AppData\Local\Temp\native-platform13387737487163721910dir

VM Arguments:
jvm_args: --add-opens=java.base/java.util=ALL-UNNAMED --add-opens=java.base/java.lang=ALL-UNNAMED --add-opens=java.base/java.lang.invoke=ALL-UNNAMED --add-opens=java.base/java.util=ALL-UNNAMED --add-opens=java.prefs/java.util.prefs=ALL-UNNAMED --add-opens=java.prefs/java.util.prefs=ALL-UNNAMED --add-opens=java.base/java.nio.charset=ALL-UNNAMED --add-opens=java.base/java.net=ALL-UNNAMED --add-opens=java.base/java.util.concurrent.atomic=ALL-UNNAMED -Xmx2048m -Dfile.encoding=UTF-8 -Duser.country=US -Duser.language=en -Duser.variant 
java_command: org.gradle.launcher.daemon.bootstrap.GradleDaemon 7.5
java_class_path (initial): C:\Users\user\.gradle\wrapper\dists\gradle-7.5-bin\f1w0cc9nuo0eivz97x2xlu9sv\gradle-7.5\lib\gradle-launcher-7.5.jar
Launcher Type: SUN_STANDARD

[Global flags]
     intx CICompilerCount                          = 3                                         {product} {ergonomic}
     uint ConcGCThreads                            = 1                                         {product} {ergonomic}
     uint G1ConcRefinementThreads                  = 4                                         {product} {ergonomic}
   size_t G1HeapRegionSize                         = 1048576                                   {product} {ergonomic}
    uintx GCDrainStackTargetSize                   = 64                                        {product} {ergonomic}
   size_t InitialHeapSize                          = 134217728                                 {product} {ergonomic}
   size_t MarkStackSize                            = 4194304                                   {product} {ergonomic}
   size_t MaxHeapSize                              = 2147483648                                {product} {command line}
   size_t MaxNewSize                               = 1287651328                                {product} {ergonomic}
   size_t MinHeapDeltaBytes                        = 1048576                                   {product} {ergonomic}
    uintx NonNMethodCodeHeapSize                   = 5830732                                {pd product} {ergonomic}
    uintx NonProfiledCodeHeapSize                  = 122913754                              {pd product} {ergonomic}
    uintx ProfiledCodeHeapSize                     = 122913754                              {pd product} {ergonomic}
    uintx ReservedCodeCacheSize                    = 251658240                              {pd product} {ergonomic}
     bool SegmentedCodeCache                       = true                                      {product} {ergonomic}
     bool UseCompressedClassPointers               = true                                 {lp64_product} {ergonomic}
     bool UseCompressedOops                        = true                                 {lp64_product} {ergonomic}
     bool UseG1GC                                  = true                                      {product} {ergonomic}
     bool UseLargePagesIndividualAllocation        = false                                  {pd product} {ergonomic}

Logging:
Log output configuration:
 #0: stdout all=warning uptime,level,tags
 #1: stderr all=off uptime,level,tags

Environment Variables:
JAVA_HOME=C:\Program Files\Java\jdk-19.0.2
PATH=C:\Program Files\Zulu\zulu-8\bin\;C:\Program Files (x86)\Common Files\Oracle\Java\javapath;C:\WINDOWS\system32;C:\WINDOWS;C:\WINDOWS\System32\Wbem;C:\WINDOWS\System32\WindowsPowerShell\v1.0\;C:\WINDOWS\System32\OpenSSH\;C:\Program Files\Java\jdk-19.0.2\bin;C:\Program Files\Java\gradle-6.6\bin;C:\Program Files\Java\jdk-19.0.2;C:\Program Files\Git\cmd;C:\Users\user\AppData\Local\activestate\cache\bin;C:\Users\user\AppData\Local\ActiveState\StateTool\release;C:\Users\user\AppData\Local\Programs\Python\Python39\Scripts\;C:\Users\user\AppData\Local\Programs\Python\Python39\;C:\Users\user\AppData\Local\Microsoft\WindowsApps;;C:\Users\user\AppData\Local\Programs\Microsoft VS Code\bin
USERNAME=user
OS=Windows_NT
PROCESSOR_IDENTIFIER=Intel64 Family 6 Model 142 Stepping 9, GenuineIntel



---------------  S Y S T E M  ---------------

OS: Windows 11 , 64 bit Build 22000 (10.0.22000.2003)
OS uptime: 1 days 13:57 hours

CPU:total 4 (initial active 4) (2 cores per cpu, 2 threads per core) family 6 model 142 stepping 9 microcode 0xde, cmov, cx8, fxsr, mmx, sse, sse2, sse3, ssse3, sse4.1, sse4.2, popcnt, avx, avx2, aes, clmul, erms, 3dnowpref, lzcnt, ht, tsc, tscinvbit, bmi1, bmi2, adx, fma

Memory: 4k page, system-wide physical 8111M (1048M free)
TotalPageFile size 9976M (AvailPageFile size 5M)
current process WorkingSet (physical memory assigned to process): 593M, peak: 636M
current process commit charge ("private bytes"): 709M, peak: 709M

vm_info: OpenJDK 64-Bit Server VM (11.0.15+0-b2043.56-9505619) for windows-amd64 JRE (11.0.15+0-b2043.56-9505619), built on Jan 19 2023 02:48:00 by "builduser" with unknown MS VC++:1929

END.
