#
# There is insufficient memory for the Java Runtime Environment to continue.
# Native memory allocation (mmap) failed to map 68157440 bytes for Failed to commit area from 0x0000000094100000 to 0x0000000098200000 of length 68157440.
# Possible reasons:
#   The system is out of physical RAM or swap space
#   The process is running with CompressedOops enabled, and the Java Heap may be blocking the growth of the native heap
# Possible solutions:
#   Reduce memory load on the system
#   Increase physical memory or swap space
#   Check if swap backing store is full
#   Decrease Java heap size (-Xmx/-Xms)
#   Decrease number of Java threads
#   Decrease Java thread stack sizes (-Xss)
#   Set larger code cache with -XX:ReservedCodeCacheSize=
#   JVM is running with Unscaled Compressed Oops mode in which the Java heap is
#     placed in the first 4GB address space. The Java Heap base address is the
#     maximum limit for the native heap growth. Please use -XX:HeapBaseMinAddress
#     to set the Java Heap base and to place the Java Heap above 4GB virtual address.
# This output file may be truncated or incomplete.
#
#  Out of Memory Error (src/hotspot/os/windows/os_windows.cpp:3627), pid=9868, tid=15528
#
# JRE version: OpenJDK Runtime Environment (11.0.15) (build 11.0.15+0-b2043.56-9505619)
# Java VM: OpenJDK 64-Bit Server VM (11.0.15+0-b2043.56-9505619, mixed mode, tiered, compressed oops, g1 gc, windows-amd64)
# No core dump will be written. Minidumps are not enabled by default on client versions of Windows
#

---------------  S U M M A R Y ------------

Command Line: --add-opens=java.base/java.util=ALL-UNNAMED --add-opens=java.base/java.lang=ALL-UNNAMED --add-opens=java.base/java.lang.invoke=ALL-UNNAMED --add-opens=java.base/java.util=ALL-UNNAMED --add-opens=java.prefs/java.util.prefs=ALL-UNNAMED --add-opens=java.prefs/java.util.prefs=ALL-UNNAMED --add-opens=java.base/java.nio.charset=ALL-UNNAMED --add-opens=java.base/java.net=ALL-UNNAMED --add-opens=java.base/java.util.concurrent.atomic=ALL-UNNAMED -Xmx2048m -Dfile.encoding=UTF-8 -Duser.country=US -Duser.language=en -Duser.variant org.gradle.launcher.daemon.bootstrap.GradleDaemon 7.5

Host: Intel(R) Core(TM) i5-7200U CPU @ 2.50GHz, 4 cores, 7G,  Windows 11 , 64 bit Build 22000 (10.0.22000.2003)
Time: Tue Jun 27 22:33:44 2023 SE Asia Standard Time elapsed time: 42.653048 seconds (0d 0h 0m 42s)

---------------  T H R E A D  ---------------

Current thread (0x000001fb43585800):  VMThread "VM Thread" [stack: 0x0000009447e00000,0x0000009447f00000] [id=15528]

Stack: [0x0000009447e00000,0x0000009447f00000]
[error occurred during error reporting (printing stack bounds), id 0xc0000005, EXCEPTION_ACCESS_VIOLATION (0xc0000005) at pc=0x000001fb2cd1112d]

Native frames: (J=compiled Java code, j=interpreted, Vv=VM code, C=native code)
V  [jvm.dll+0x64135a]
V  [jvm.dll+0x7d39f9]
V  [jvm.dll+0x7d51b9]
V  [jvm.dll+0x7d5805]
V  [jvm.dll+0x7d57bb]
V  [jvm.dll+0x640655]
V  [jvm.dll+0x640d68]
C  [ntdll.dll+0xa8bef]
C  [ntdll.dll+0x35bea]
C  [ntdll.dll+0xa7bde]
C  0x000001fb2cd1112d

VM_Operation (0x000000944b1f8a40): G1CollectForAllocation, mode: safepoint, requested by thread 0x000001fb47eec800


---------------  P R O C E S S  ---------------

Threads class SMR info:
_java_thread_list=0x000001fb4563cf40, length=93, elements={
0x000001fb27a12800, 0x000001fb43587000, 0x000001fb43590800, 0x000001fb43f23000,
0x000001fb435a3800, 0x000001fb435a4800, 0x000001fb435b4800, 0x000001fb435b9000,
0x000001fb435bc800, 0x000001fb44067000, 0x000001fb45921000, 0x000001fb44b91000,
0x000001fb44b8f800, 0x000001fb44b90800, 0x000001fb44b8e000, 0x000001fb44b92000,
0x000001fb44b93000, 0x000001fb44b8d000, 0x000001fb44b93800, 0x000001fb44b8f000,
0x000001fb46275800, 0x000001fb46276800, 0x000001fb46277000, 0x000001fb46279800,
0x000001fb46278000, 0x000001fb46274000, 0x000001fb4627a800, 0x000001fb46275000,
0x000001fb4627b800, 0x000001fb46279000, 0x000001fb46282000, 0x000001fb46281000,
0x000001fb4627d000, 0x000001fb4627c000, 0x000001fb46280000, 0x000001fb46282800,
0x000001fb4627e000, 0x000001fb47eeb000, 0x000001fb47eef800, 0x000001fb47eef000,
0x000001fb47eee000, 0x000001fb47eed800, 0x000001fb47ef0800, 0x000001fb47ef1800,
0x000001fb47eeb800, 0x000001fb47ef2000, 0x000001fb47eec800, 0x000001fb47ef5800,
0x000001fb47ef4800, 0x000001fb47ef8000, 0x000001fb47ef8800, 0x000001fb47ef6000,
0x000001fb47ef3000, 0x000001fb47ef7000, 0x000001fb47ef4000, 0x000001fb49839800,
0x000001fb49838000, 0x000001fb49838800, 0x000001fb4983a800, 0x000001fb4983b000,
0x000001fb49837000, 0x000001fb4983c000, 0x000001fb49836000, 0x000001fb49841000,
0x000001fb49842800, 0x000001fb49841800, 0x000001fb4983c800, 0x000001fb49843800,
0x000001fb4983e800, 0x000001fb4983d800, 0x000001fb49844000, 0x000001fb49845000,
0x000001fb4983f000, 0x000001fb49840000, 0x000001fb497f8000, 0x000001fb497fa800,
0x000001fb497fb800, 0x000001fb497f6800, 0x000001fb497f7800, 0x000001fb497fd000,
0x000001fb497f9000, 0x000001fb497fa000, 0x000001fb497fc800, 0x000001fb497ff800,
0x000001fb49803000, 0x000001fb49803800, 0x000001fb49804800, 0x000001fb495b0000,
0x000001fb49800800, 0x000001fb49801000, 0x000001fb49802000, 0x000001fb4de57000,
0x000001fb4de53800
}

Java Threads: ( => current thread )
  0x000001fb27a12800 JavaThread "main" [_thread_blocked, id=11072, stack(0x0000009447800000,0x0000009447900000)]
  0x000001fb43587000 JavaThread "Reference Handler" daemon [_thread_blocked, id=11440, stack(0x0000009447f00000,0x0000009448000000)]
  0x000001fb43590800 JavaThread "Finalizer" daemon [_thread_blocked, id=9940, stack(0x0000009448000000,0x0000009448100000)]
  0x000001fb43f23000 JavaThread "Signal Dispatcher" daemon [_thread_blocked, id=2356, stack(0x0000009448100000,0x0000009448200000)]
  0x000001fb435a3800 JavaThread "Attach Listener" daemon [_thread_blocked, id=3824, stack(0x0000009448200000,0x0000009448300000)]
  0x000001fb435a4800 JavaThread "Service Thread" daemon [_thread_blocked, id=11452, stack(0x0000009448300000,0x0000009448400000)]
  0x000001fb435b4800 JavaThread "C2 CompilerThread0" daemon [_thread_in_native, id=9312, stack(0x0000009448400000,0x0000009448500000)]
  0x000001fb435b9000 JavaThread "C1 CompilerThread0" daemon [_thread_blocked, id=7788, stack(0x0000009448500000,0x0000009448600000)]
  0x000001fb435bc800 JavaThread "Sweeper thread" daemon [_thread_blocked, id=15332, stack(0x0000009448600000,0x0000009448700000)]
  0x000001fb44067000 JavaThread "Common-Cleaner" daemon [_thread_blocked, id=13164, stack(0x0000009448700000,0x0000009448800000)]
  0x000001fb45921000 JavaThread "Daemon health stats" [_thread_blocked, id=5244, stack(0x0000009448c00000,0x0000009448d00000)]
  0x000001fb44b91000 JavaThread "Incoming local TCP Connector on port 54086" [_thread_in_native, id=11224, stack(0x0000009448900000,0x0000009448a00000)]
  0x000001fb44b8f800 JavaThread "Daemon periodic checks" [_thread_blocked, id=15944, stack(0x0000009448d00000,0x0000009448e00000)]
  0x000001fb44b90800 JavaThread "Daemon" [_thread_blocked, id=11576, stack(0x0000009448e00000,0x0000009448f00000)]
  0x000001fb44b8e000 JavaThread "Handler for socket connection from /127.0.0.1:54086 to /127.0.0.1:54087" [_thread_in_native, id=10592, stack(0x0000009448f00000,0x0000009449000000)]
  0x000001fb44b92000 JavaThread "Cancel handler" [_thread_blocked, id=6960, stack(0x0000009449000000,0x0000009449100000)]
  0x000001fb44b93000 JavaThread "Daemon worker" [_thread_blocked, id=2968, stack(0x0000009449100000,0x0000009449200000)]
  0x000001fb44b8d000 JavaThread "Asynchronous log dispatcher for DefaultDaemonConnection: socket connection from /127.0.0.1:54086 to /127.0.0.1:54087" [_thread_blocked, id=5732, stack(0x0000009449200000,0x0000009449300000)]
  0x000001fb44b93800 JavaThread "Stdin handler" [_thread_blocked, id=2284, stack(0x0000009449300000,0x0000009449400000)]
  0x000001fb44b8f000 JavaThread "Daemon client event forwarder" [_thread_blocked, id=9916, stack(0x0000009449400000,0x0000009449500000)]
  0x000001fb46275800 JavaThread "Cache worker for journal cache (C:\Users\user\.gradle\caches\journal-1)" [_thread_blocked, id=12264, stack(0x0000009449700000,0x0000009449800000)]
  0x000001fb46276800 JavaThread "File lock request listener" [_thread_in_native, id=8120, stack(0x0000009449800000,0x0000009449900000)]
  0x000001fb46277000 JavaThread "Cache worker for file hash cache (C:\Users\user\.gradle\caches\7.5\fileHashes)" [_thread_blocked, id=14568, stack(0x0000009449900000,0x0000009449a00000)]
  0x000001fb46279800 JavaThread "File watcher server" daemon [_thread_blocked, id=5280, stack(0x0000009449a00000,0x0000009449b00000)]
  0x000001fb46278000 JavaThread "File watcher consumer" daemon [_thread_blocked, id=13940, stack(0x0000009449b00000,0x0000009449c00000)]
  0x000001fb46274000 JavaThread "Cache worker for checksums cache (D:\AndroidStudioProjects\GithubUserExplorer\.gradle\7.5\checksums)" [_thread_blocked, id=8188, stack(0x0000009449c00000,0x0000009449d00000)]
  0x000001fb4627a800 JavaThread "Cache worker for cache directory md-rule (C:\Users\user\.gradle\caches\7.5\md-rule)" [_thread_blocked, id=5432, stack(0x0000009449d00000,0x0000009449e00000)]
  0x000001fb46275000 JavaThread "Cache worker for file content cache (C:\Users\user\.gradle\caches\7.5\fileContent)" [_thread_blocked, id=5340, stack(0x0000009449e00000,0x0000009449f00000)]
  0x000001fb4627b800 JavaThread "Cache worker for file hash cache (D:\AndroidStudioProjects\GithubUserExplorer\.gradle\7.5\fileHashes)" [_thread_blocked, id=6256, stack(0x0000009449f00000,0x000000944a000000)]
  0x000001fb46279000 JavaThread "Cache worker for cache directory md-supplier (C:\Users\user\.gradle\caches\7.5\md-supplier)" [_thread_blocked, id=4288, stack(0x000000944a000000,0x000000944a100000)]
  0x000001fb46282000 JavaThread "Cache worker for execution history cache (C:\Users\user\.gradle\caches\7.5\executionHistory)" [_thread_blocked, id=8036, stack(0x000000944a100000,0x000000944a200000)]
  0x000001fb46281000 JavaThread "jar transforms" [_thread_blocked, id=13240, stack(0x000000944a200000,0x000000944a300000)]
  0x000001fb4627d000 JavaThread "jar transforms Thread 2" [_thread_blocked, id=14448, stack(0x000000944a300000,0x000000944a400000)]
  0x000001fb4627c000 JavaThread "jar transforms Thread 3" [_thread_blocked, id=4020, stack(0x000000944a400000,0x000000944a500000)]
  0x000001fb46280000 JavaThread "jar transforms Thread 4" [_thread_blocked, id=13040, stack(0x000000944a500000,0x000000944a600000)]
  0x000001fb46282800 JavaThread "Cache worker for dependencies-accessors (D:\AndroidStudioProjects\GithubUserExplorer\.gradle\7.5\dependencies-accessors)" [_thread_blocked, id=13888, stack(0x000000944a600000,0x000000944a700000)]
  0x000001fb4627e000 JavaThread "Cache worker for Build Output Cleanup Cache (D:\AndroidStudioProjects\GithubUserExplorer\.gradle\buildOutputCleanup)" [_thread_blocked, id=2436, stack(0x000000944a700000,0x000000944a800000)]
  0x000001fb47eeb000 JavaThread "Unconstrained build operations" [_thread_blocked, id=500, stack(0x000000944a800000,0x000000944a900000)]
  0x000001fb47eef800 JavaThread "Unconstrained build operations Thread 2" [_thread_blocked, id=7560, stack(0x000000944a900000,0x000000944aa00000)]
  0x000001fb47eef000 JavaThread "Unconstrained build operations Thread 3" [_thread_blocked, id=13596, stack(0x000000944aa00000,0x000000944ab00000)]
  0x000001fb47eee000 JavaThread "Unconstrained build operations Thread 4" [_thread_blocked, id=9516, stack(0x000000944ab00000,0x000000944ac00000)]
  0x000001fb47eed800 JavaThread "Unconstrained build operations Thread 5" [_thread_blocked, id=9068, stack(0x000000944ac00000,0x000000944ad00000)]
  0x000001fb47ef0800 JavaThread "Unconstrained build operations Thread 6" [_thread_blocked, id=5188, stack(0x000000944ad00000,0x000000944ae00000)]
  0x000001fb47ef1800 JavaThread "Unconstrained build operations Thread 7" [_thread_blocked, id=6900, stack(0x000000944ae00000,0x000000944af00000)]
  0x000001fb47eeb800 JavaThread "Unconstrained build operations Thread 8" [_thread_blocked, id=12864, stack(0x000000944af00000,0x000000944b000000)]
  0x000001fb47ef2000 JavaThread "Unconstrained build operations Thread 9" [_thread_blocked, id=13696, stack(0x000000944b000000,0x000000944b100000)]
  0x000001fb47eec800 JavaThread "Unconstrained build operations Thread 10" [_thread_blocked, id=9220, stack(0x000000944b100000,0x000000944b200000)]
  0x000001fb47ef5800 JavaThread "Unconstrained build operations Thread 11" [_thread_blocked, id=11668, stack(0x000000944b200000,0x000000944b300000)]
  0x000001fb47ef4800 JavaThread "Unconstrained build operations Thread 12" [_thread_blocked, id=12964, stack(0x000000944b300000,0x000000944b400000)]
  0x000001fb47ef8000 JavaThread "Unconstrained build operations Thread 13" [_thread_blocked, id=12224, stack(0x000000944b400000,0x000000944b500000)]
  0x000001fb47ef8800 JavaThread "Unconstrained build operations Thread 14" [_thread_blocked, id=4512, stack(0x000000944b500000,0x000000944b600000)]
  0x000001fb47ef6000 JavaThread "Unconstrained build operations Thread 15" [_thread_blocked, id=10472, stack(0x000000944b600000,0x000000944b700000)]
  0x000001fb47ef3000 JavaThread "Unconstrained build operations Thread 16" [_thread_blocked, id=2032, stack(0x000000944b700000,0x000000944b800000)]
  0x000001fb47ef7000 JavaThread "Unconstrained build operations Thread 17" [_thread_blocked, id=5628, stack(0x000000944b800000,0x000000944b900000)]
  0x000001fb47ef4000 JavaThread "Unconstrained build operations Thread 18" [_thread_blocked, id=15400, stack(0x000000944b900000,0x000000944ba00000)]
  0x000001fb49839800 JavaThread "Unconstrained build operations Thread 19" [_thread_blocked, id=8296, stack(0x000000944ba00000,0x000000944bb00000)]
  0x000001fb49838000 JavaThread "Unconstrained build operations Thread 20" [_thread_blocked, id=512, stack(0x000000944bb00000,0x000000944bc00000)]
  0x000001fb49838800 JavaThread "Unconstrained build operations Thread 21" [_thread_blocked, id=12636, stack(0x000000944bc00000,0x000000944bd00000)]
  0x000001fb4983a800 JavaThread "Unconstrained build operations Thread 22" [_thread_blocked, id=9104, stack(0x000000944bd00000,0x000000944be00000)]
  0x000001fb4983b000 JavaThread "Unconstrained build operations Thread 23" [_thread_blocked, id=15460, stack(0x000000944be00000,0x000000944bf00000)]
  0x000001fb49837000 JavaThread "Unconstrained build operations Thread 24" [_thread_blocked, id=15424, stack(0x000000944bf00000,0x000000944c000000)]
  0x000001fb4983c000 JavaThread "Unconstrained build operations Thread 25" [_thread_blocked, id=13260, stack(0x000000944c000000,0x000000944c100000)]
  0x000001fb49836000 JavaThread "Unconstrained build operations Thread 26" [_thread_blocked, id=2440, stack(0x000000944c100000,0x000000944c200000)]
  0x000001fb49841000 JavaThread "Unconstrained build operations Thread 27" [_thread_blocked, id=2868, stack(0x000000944c200000,0x000000944c300000)]
  0x000001fb49842800 JavaThread "Unconstrained build operations Thread 28" [_thread_blocked, id=15456, stack(0x000000944c300000,0x000000944c400000)]
  0x000001fb49841800 JavaThread "Unconstrained build operations Thread 29" [_thread_blocked, id=7096, stack(0x000000944c400000,0x000000944c500000)]
  0x000001fb4983c800 JavaThread "Unconstrained build operations Thread 30" [_thread_blocked, id=6176, stack(0x000000944c500000,0x000000944c600000)]
  0x000001fb49843800 JavaThread "Unconstrained build operations Thread 31" [_thread_blocked, id=5232, stack(0x000000944c600000,0x000000944c700000)]
  0x000001fb4983e800 JavaThread "Unconstrained build operations Thread 32" [_thread_blocked, id=14700, stack(0x000000944c700000,0x000000944c800000)]
  0x000001fb4983d800 JavaThread "Unconstrained build operations Thread 33" [_thread_blocked, id=13844, stack(0x000000944c800000,0x000000944c900000)]
  0x000001fb49844000 JavaThread "Unconstrained build operations Thread 34" [_thread_blocked, id=6228, stack(0x000000944c900000,0x000000944ca00000)]
  0x000001fb49845000 JavaThread "Unconstrained build operations Thread 35" [_thread_blocked, id=12064, stack(0x000000944ca00000,0x000000944cb00000)]
  0x000001fb4983f000 JavaThread "Unconstrained build operations Thread 36" [_thread_blocked, id=7980, stack(0x000000944cb00000,0x000000944cc00000)]
  0x000001fb49840000 JavaThread "Unconstrained build operations Thread 37" [_thread_blocked, id=13536, stack(0x000000944cc00000,0x000000944cd00000)]
  0x000001fb497f8000 JavaThread "Unconstrained build operations Thread 38" [_thread_blocked, id=16252, stack(0x000000944cd00000,0x000000944ce00000)]
  0x000001fb497fa800 JavaThread "Unconstrained build operations Thread 39" [_thread_blocked, id=13024, stack(0x000000944ce00000,0x000000944cf00000)]
  0x000001fb497fb800 JavaThread "Unconstrained build operations Thread 40" [_thread_blocked, id=1348, stack(0x000000944cf00000,0x000000944d000000)]
  0x000001fb497f6800 JavaThread "build event listener" [_thread_blocked, id=3312, stack(0x0000009449500000,0x0000009449600000)]
  0x000001fb497f7800 JavaThread "Memory manager" [_thread_blocked, id=4768, stack(0x000000944d100000,0x000000944d200000)]
  0x000001fb497fd000 JavaThread "pool-3-thread-1" [_thread_blocked, id=15900, stack(0x000000944d200000,0x000000944d300000)]
  0x000001fb497f9000 JavaThread "build event listener" [_thread_blocked, id=4400, stack(0x000000944d300000,0x000000944d400000)]
  0x000001fb497fa000 JavaThread "included builds" [_thread_blocked, id=4128, stack(0x000000944d400000,0x000000944d500000)]
  0x000001fb497fc800 JavaThread "Execution worker" [_thread_blocked, id=14420, stack(0x000000944d500000,0x000000944d600000)]
  0x000001fb497ff800 JavaThread "Execution worker Thread 2" [_thread_blocked, id=5976, stack(0x000000944d600000,0x000000944d700000)]
  0x000001fb49803000 JavaThread "Execution worker Thread 3" [_thread_blocked, id=5604, stack(0x000000944d700000,0x000000944d800000)]
  0x000001fb49803800 JavaThread "Cache worker for execution history cache (D:\AndroidStudioProjects\GithubUserExplorer\.gradle\7.5\executionHistory)" [_thread_blocked, id=8344, stack(0x000000944d800000,0x000000944d900000)]
  0x000001fb49804800 JavaThread "WorkerExecutor Queue" [_thread_blocked, id=15872, stack(0x000000944d000000,0x000000944d100000)]
  0x000001fb495b0000 JavaThread "C2 CompilerThread1" daemon [_thread_blocked, id=13880, stack(0x000000944d900000,0x000000944da00000)]
  0x000001fb49800800 JavaThread "RMI Scheduler(0)" daemon [_thread_blocked, id=12436, stack(0x000000944da00000,0x000000944db00000)]
  0x000001fb49801000 JavaThread "RMI GC Daemon" daemon [_thread_blocked, id=9824, stack(0x000000944dc00000,0x000000944dd00000)]
  0x000001fb49802000 JavaThread "RMI TCP Accept-0" daemon [_thread_in_native, id=6232, stack(0x000000944dd00000,0x000000944de00000)]
  0x000001fb4de57000 JavaThread "RMI Reaper" [_thread_blocked, id=9872, stack(0x000000944de00000,0x000000944df00000)]
  0x000001fb4de53800 JavaThread "RMI TCP Connection(1)-127.0.0.1" daemon [_thread_in_native, id=15120, stack(0x0000009447600000,0x0000009447700000)]

Other Threads:
=>0x000001fb43585800 VMThread "VM Thread" [stack: 0x0000009447e00000,0x0000009447f00000] [id=15528]
  0x000001fb440c3000 WatcherThread [stack: 0x0000009448800000,0x0000009448900000] [id=13528]
  0x000001fb27a2a800 GCTaskThread "GC Thread#0" [stack: 0x0000009447900000,0x0000009447a00000] [id=15908]
  0x000001fb44568800 GCTaskThread "GC Thread#1" [stack: 0x0000009448a00000,0x0000009448b00000] [id=9716]
  0x000001fb4486d800 GCTaskThread "GC Thread#2" [stack: 0x0000009448b00000,0x0000009448c00000] [id=3316]
  0x000001fb4684c000 GCTaskThread "GC Thread#3" [stack: 0x0000009449600000,0x0000009449700000] [id=2352]
  0x000001fb27a5e000 ConcurrentGCThread "G1 Main Marker" [stack: 0x0000009447a00000,0x0000009447b00000] [id=16108]
  0x000001fb27a60000 ConcurrentGCThread "G1 Conc#0" [stack: 0x0000009447b00000,0x0000009447c00000] [id=5756]
  0x000001fb27ae4800 ConcurrentGCThread "G1 Refine#0" [stack: 0x0000009447c00000,0x0000009447d00000] [id=7432]
  0x000001fb27ae7800 ConcurrentGCThread "G1 Young RemSet Sampling" [stack: 0x0000009447d00000,0x0000009447e00000] [id=7124]

Threads with active compile tasks:
C2 CompilerThread0    42682 17261 %     4       com.android.tools.r8.ir.regalloc.b::c @ 57 (4031 bytes)
C2 CompilerThread1    42682 17266       4       com.android.tools.r8.internal.xf::a (610 bytes)

VM state:at safepoint (normal execution)

VM Mutex/Monitor currently owned by a thread:  ([mutex/lock_event])
[0x000001fb27a0eee0] Threads_lock - owner thread: 0x000001fb43585800
[0x000001fb27a0e820] Heap_lock - owner thread: 0x000001fb47eec800

Heap address: 0x0000000080000000, size: 2048 MB, Compressed Oops mode: 32-bit
Narrow klass base: 0x0000000000000000, Narrow klass shift: 3
Compressed class space size: 1073741824 Address: 0x0000000100000000

Heap:
 garbage-first heap   total 395264K, used 167874K [0x0000000080000000, 0x0000000100000000)
  region size 1024K, 7 young (7168K), 7 survivors (7168K)
 Metaspace       used 118053K, capacity 121448K, committed 121980K, reserved 1155072K
  class space    used 15120K, capacity 16419K, committed 16632K, reserved 1048576K
Heap Regions: E=young(eden), S=young(survivor), O=old, HS=humongous(starts), HC=humongous(continues), CS=collection set, F=free, A=archive, TAMS=top-at-mark-start (previous, next)
|   0|0x0000000080000000, 0x0000000080100000, 0x0000000080100000|100%|HS|  |TAMS 0x0000000080100000, 0x0000000080100000| Complete 
|   1|0x0000000080100000, 0x0000000080200000, 0x0000000080200000|100%|HC|  |TAMS 0x0000000080200000, 0x0000000080200000| Complete 
|   2|0x0000000080200000, 0x0000000080300000, 0x0000000080300000|100%|HC|  |TAMS 0x0000000080300000, 0x0000000080300000| Complete 
|   3|0x0000000080300000, 0x0000000080400000, 0x0000000080400000|100%| O|  |TAMS 0x0000000080400000, 0x0000000080400000| Untracked 
|   4|0x0000000080400000, 0x0000000080500000, 0x0000000080500000|100%| O|  |TAMS 0x0000000080500000, 0x0000000080500000| Untracked 
|   5|0x0000000080500000, 0x0000000080600000, 0x0000000080600000|100%| O|  |TAMS 0x0000000080600000, 0x0000000080600000| Untracked 
|   6|0x0000000080600000, 0x0000000080700000, 0x0000000080700000|100%| O|  |TAMS 0x0000000080700000, 0x0000000080700000| Untracked 
|   7|0x0000000080700000, 0x0000000080800000, 0x0000000080800000|100%| O|  |TAMS 0x0000000080800000, 0x0000000080800000| Untracked 
|   8|0x0000000080800000, 0x0000000080900000, 0x0000000080900000|100%| O|  |TAMS 0x0000000080900000, 0x0000000080900000| Untracked 
|   9|0x0000000080900000, 0x0000000080a00000, 0x0000000080a00000|100%| O|  |TAMS 0x0000000080a00000, 0x0000000080a00000| Untracked 
|  10|0x0000000080a00000, 0x0000000080b00000, 0x0000000080b00000|100%| O|  |TAMS 0x0000000080b00000, 0x0000000080b00000| Untracked 
|  11|0x0000000080b00000, 0x0000000080c00000, 0x0000000080c00000|100%| O|  |TAMS 0x0000000080c00000, 0x0000000080c00000| Untracked 
|  12|0x0000000080c00000, 0x0000000080d00000, 0x0000000080d00000|100%| O|  |TAMS 0x0000000080d00000, 0x0000000080d00000| Untracked 
|  13|0x0000000080d00000, 0x0000000080e00000, 0x0000000080e00000|100%| O|  |TAMS 0x0000000080e00000, 0x0000000080e00000| Untracked 
|  14|0x0000000080e00000, 0x0000000080f00000, 0x0000000080f00000|100%| O|  |TAMS 0x0000000080f00000, 0x0000000080f00000| Untracked 
|  15|0x0000000080f00000, 0x0000000081000000, 0x0000000081000000|100%| O|  |TAMS 0x0000000081000000, 0x0000000081000000| Untracked 
|  16|0x0000000081000000, 0x0000000081100000, 0x0000000081100000|100%|HS|  |TAMS 0x0000000081100000, 0x0000000081100000| Complete 
|  17|0x0000000081100000, 0x0000000081200000, 0x0000000081200000|100%| O|  |TAMS 0x0000000081200000, 0x0000000081200000| Untracked 
|  18|0x0000000081200000, 0x0000000081300000, 0x0000000081300000|100%| O|  |TAMS 0x0000000081300000, 0x0000000081300000| Untracked 
|  19|0x0000000081300000, 0x0000000081400000, 0x0000000081400000|100%| O|  |TAMS 0x0000000081400000, 0x0000000081400000| Untracked 
|  20|0x0000000081400000, 0x0000000081500000, 0x0000000081500000|100%| O|  |TAMS 0x0000000081500000, 0x0000000081500000| Untracked 
|  21|0x0000000081500000, 0x0000000081600000, 0x0000000081600000|100%| O|  |TAMS 0x0000000081600000, 0x0000000081600000| Untracked 
|  22|0x0000000081600000, 0x0000000081700000, 0x0000000081700000|100%| O|  |TAMS 0x0000000081700000, 0x0000000081700000| Untracked 
|  23|0x0000000081700000, 0x0000000081800000, 0x0000000081800000|100%| O|  |TAMS 0x0000000081800000, 0x0000000081800000| Untracked 
|  24|0x0000000081800000, 0x0000000081900000, 0x0000000081900000|100%|HS|  |TAMS 0x0000000081900000, 0x0000000081900000| Complete 
|  25|0x0000000081900000, 0x0000000081a00000, 0x0000000081a00000|100%|HS|  |TAMS 0x0000000081a00000, 0x0000000081a00000| Complete 
|  26|0x0000000081a00000, 0x0000000081b00000, 0x0000000081b00000|100%|HC|  |TAMS 0x0000000081b00000, 0x0000000081b00000| Complete 
|  27|0x0000000081b00000, 0x0000000081c00000, 0x0000000081c00000|100%| O|  |TAMS 0x0000000081c00000, 0x0000000081c00000| Untracked 
|  28|0x0000000081c00000, 0x0000000081d00000, 0x0000000081d00000|100%| O|  |TAMS 0x0000000081d00000, 0x0000000081d00000| Untracked 
|  29|0x0000000081d00000, 0x0000000081e00000, 0x0000000081e00000|100%| O|  |TAMS 0x0000000081e00000, 0x0000000081e00000| Untracked 
|  30|0x0000000081e00000, 0x0000000081f00000, 0x0000000081f00000|100%| O|  |TAMS 0x0000000081f00000, 0x0000000081f00000| Untracked 
|  31|0x0000000081f00000, 0x0000000082000000, 0x0000000082000000|100%|HS|  |TAMS 0x0000000082000000, 0x0000000082000000| Complete 
|  32|0x0000000082000000, 0x0000000082100000, 0x0000000082100000|100%|HC|  |TAMS 0x0000000082100000, 0x0000000082100000| Complete 
|  33|0x0000000082100000, 0x0000000082200000, 0x0000000082200000|100%|HC|  |TAMS 0x0000000082200000, 0x0000000082200000| Complete 
|  34|0x0000000082200000, 0x0000000082300000, 0x0000000082300000|100%|HC|  |TAMS 0x0000000082300000, 0x0000000082300000| Complete 
|  35|0x0000000082300000, 0x0000000082400000, 0x0000000082400000|100%| O|  |TAMS 0x0000000082400000, 0x0000000082400000| Untracked 
|  36|0x0000000082400000, 0x0000000082500000, 0x0000000082500000|100%| O|  |TAMS 0x0000000082500000, 0x0000000082500000| Untracked 
|  37|0x0000000082500000, 0x0000000082600000, 0x0000000082600000|100%| O|  |TAMS 0x0000000082600000, 0x0000000082600000| Untracked 
|  38|0x0000000082600000, 0x0000000082700000, 0x0000000082700000|100%| O|  |TAMS 0x0000000082700000, 0x0000000082700000| Untracked 
|  39|0x0000000082700000, 0x0000000082800000, 0x0000000082800000|100%| O|  |TAMS 0x0000000082800000, 0x0000000082800000| Untracked 
|  40|0x0000000082800000, 0x0000000082900000, 0x0000000082900000|100%| O|  |TAMS 0x0000000082900000, 0x0000000082900000| Untracked 
|  41|0x0000000082900000, 0x0000000082a00000, 0x0000000082a00000|100%| O|  |TAMS 0x0000000082a00000, 0x0000000082a00000| Untracked 
|  42|0x0000000082a00000, 0x0000000082b00000, 0x0000000082b00000|100%| O|  |TAMS 0x0000000082b00000, 0x0000000082b00000| Untracked 
|  43|0x0000000082b00000, 0x0000000082c00000, 0x0000000082c00000|100%| O|  |TAMS 0x0000000082c00000, 0x0000000082c00000| Untracked 
|  44|0x0000000082c00000, 0x0000000082d00000, 0x0000000082d00000|100%| O|  |TAMS 0x0000000082d00000, 0x0000000082d00000| Untracked 
|  45|0x0000000082d00000, 0x0000000082e00000, 0x0000000082e00000|100%| O|  |TAMS 0x0000000082e00000, 0x0000000082e00000| Untracked 
|  46|0x0000000082e00000, 0x0000000082f00000, 0x0000000082f00000|100%| O|  |TAMS 0x0000000082f00000, 0x0000000082f00000| Untracked 
|  47|0x0000000082f00000, 0x0000000083000000, 0x0000000083000000|100%| O|  |TAMS 0x0000000083000000, 0x0000000083000000| Untracked 
|  48|0x0000000083000000, 0x0000000083100000, 0x0000000083100000|100%| O|  |TAMS 0x0000000083100000, 0x0000000083100000| Untracked 
|  49|0x0000000083100000, 0x0000000083200000, 0x0000000083200000|100%| O|  |TAMS 0x0000000083200000, 0x0000000083200000| Untracked 
|  50|0x0000000083200000, 0x0000000083300000, 0x0000000083300000|100%| O|  |TAMS 0x0000000083300000, 0x0000000083300000| Untracked 
|  51|0x0000000083300000, 0x0000000083400000, 0x0000000083400000|100%| O|  |TAMS 0x0000000083400000, 0x0000000083400000| Untracked 
|  52|0x0000000083400000, 0x0000000083500000, 0x0000000083500000|100%| O|  |TAMS 0x0000000083500000, 0x0000000083500000| Untracked 
|  53|0x0000000083500000, 0x0000000083600000, 0x0000000083600000|100%| O|  |TAMS 0x0000000083600000, 0x0000000083600000| Untracked 
|  54|0x0000000083600000, 0x0000000083600000, 0x0000000083700000|  0%| F|  |TAMS 0x0000000083600000, 0x0000000083600000| Untracked 
|  55|0x0000000083700000, 0x0000000083800000, 0x0000000083800000|100%| O|  |TAMS 0x0000000083800000, 0x0000000083800000| Untracked 
|  56|0x0000000083800000, 0x0000000083900000, 0x0000000083900000|100%| O|  |TAMS 0x0000000083900000, 0x0000000083900000| Untracked 
|  57|0x0000000083900000, 0x0000000083a00000, 0x0000000083a00000|100%| O|  |TAMS 0x0000000083a00000, 0x0000000083a00000| Untracked 
|  58|0x0000000083a00000, 0x0000000083b00000, 0x0000000083b00000|100%| O|  |TAMS 0x0000000083b00000, 0x0000000083b00000| Untracked 
|  59|0x0000000083b00000, 0x0000000083c00000, 0x0000000083c00000|100%| O|  |TAMS 0x0000000083c00000, 0x0000000083c00000| Untracked 
|  60|0x0000000083c00000, 0x0000000083d00000, 0x0000000083d00000|100%| O|  |TAMS 0x0000000083d00000, 0x0000000083d00000| Untracked 
|  61|0x0000000083d00000, 0x0000000083e00000, 0x0000000083e00000|100%| O|  |TAMS 0x0000000083e00000, 0x0000000083e00000| Untracked 
|  62|0x0000000083e00000, 0x0000000083f00000, 0x0000000083f00000|100%| O|  |TAMS 0x0000000083f00000, 0x0000000083f00000| Untracked 
|  63|0x0000000083f00000, 0x0000000084000000, 0x0000000084000000|100%| O|  |TAMS 0x0000000084000000, 0x0000000084000000| Untracked 
|  64|0x0000000084000000, 0x0000000084100000, 0x0000000084100000|100%| O|  |TAMS 0x0000000084100000, 0x0000000084100000| Untracked 
|  65|0x0000000084100000, 0x0000000084200000, 0x0000000084200000|100%| O|  |TAMS 0x0000000084200000, 0x0000000084200000| Untracked 
|  66|0x0000000084200000, 0x0000000084300000, 0x0000000084300000|100%| O|  |TAMS 0x0000000084300000, 0x0000000084300000| Untracked 
|  67|0x0000000084300000, 0x0000000084400000, 0x0000000084400000|100%| O|  |TAMS 0x0000000084400000, 0x0000000084400000| Untracked 
|  68|0x0000000084400000, 0x0000000084500000, 0x0000000084500000|100%| O|  |TAMS 0x0000000084500000, 0x0000000084500000| Untracked 
|  69|0x0000000084500000, 0x0000000084600000, 0x0000000084600000|100%| O|  |TAMS 0x0000000084600000, 0x0000000084600000| Untracked 
|  70|0x0000000084600000, 0x0000000084700000, 0x0000000084700000|100%| O|  |TAMS 0x0000000084700000, 0x0000000084700000| Untracked 
|  71|0x0000000084700000, 0x0000000084800000, 0x0000000084800000|100%| O|  |TAMS 0x0000000084800000, 0x0000000084800000| Untracked 
|  72|0x0000000084800000, 0x0000000084900000, 0x0000000084900000|100%| O|  |TAMS 0x0000000084900000, 0x0000000084900000| Untracked 
|  73|0x0000000084900000, 0x0000000084a00000, 0x0000000084a00000|100%| O|  |TAMS 0x0000000084a00000, 0x0000000084a00000| Untracked 
|  74|0x0000000084a00000, 0x0000000084b00000, 0x0000000084b00000|100%| O|  |TAMS 0x0000000084b00000, 0x0000000084b00000| Untracked 
|  75|0x0000000084b00000, 0x0000000084c00000, 0x0000000084c00000|100%| O|  |TAMS 0x0000000084c00000, 0x0000000084c00000| Untracked 
|  76|0x0000000084c00000, 0x0000000084d00000, 0x0000000084d00000|100%| O|  |TAMS 0x0000000084d00000, 0x0000000084d00000| Untracked 
|  77|0x0000000084d00000, 0x0000000084e00000, 0x0000000084e00000|100%| O|  |TAMS 0x0000000084e00000, 0x0000000084e00000| Untracked 
|  78|0x0000000084e00000, 0x0000000084f00000, 0x0000000084f00000|100%| O|  |TAMS 0x0000000084f00000, 0x0000000084f00000| Untracked 
|  79|0x0000000084f00000, 0x0000000085000000, 0x0000000085000000|100%| O|  |TAMS 0x0000000085000000, 0x0000000085000000| Untracked 
|  80|0x0000000085000000, 0x0000000085100000, 0x0000000085100000|100%| O|  |TAMS 0x0000000085100000, 0x0000000085100000| Untracked 
|  81|0x0000000085100000, 0x0000000085200000, 0x0000000085200000|100%| O|  |TAMS 0x0000000085200000, 0x0000000085200000| Untracked 
|  82|0x0000000085200000, 0x0000000085300000, 0x0000000085300000|100%| O|  |TAMS 0x0000000085300000, 0x0000000085300000| Untracked 
|  83|0x0000000085300000, 0x0000000085400000, 0x0000000085400000|100%| O|  |TAMS 0x0000000085400000, 0x0000000085400000| Untracked 
|  84|0x0000000085400000, 0x0000000085500000, 0x0000000085500000|100%| O|  |TAMS 0x0000000085500000, 0x0000000085500000| Untracked 
|  85|0x0000000085500000, 0x0000000085600000, 0x0000000085600000|100%| O|  |TAMS 0x0000000085600000, 0x0000000085600000| Untracked 
|  86|0x0000000085600000, 0x0000000085700000, 0x0000000085700000|100%| O|  |TAMS 0x0000000085700000, 0x0000000085700000| Untracked 
|  87|0x0000000085700000, 0x0000000085700000, 0x0000000085800000|  0%| F|  |TAMS 0x0000000085700000, 0x0000000085700000| Untracked 
|  88|0x0000000085800000, 0x0000000085900000, 0x0000000085900000|100%| O|  |TAMS 0x0000000085900000, 0x0000000085900000| Untracked 
|  89|0x0000000085900000, 0x0000000085a00000, 0x0000000085a00000|100%| O|  |TAMS 0x0000000085a00000, 0x0000000085a00000| Untracked 
|  90|0x0000000085a00000, 0x0000000085b00000, 0x0000000085b00000|100%| O|  |TAMS 0x0000000085b00000, 0x0000000085b00000| Untracked 
|  91|0x0000000085b00000, 0x0000000085c00000, 0x0000000085c00000|100%| O|  |TAMS 0x0000000085c00000, 0x0000000085c00000| Untracked 
|  92|0x0000000085c00000, 0x0000000085d00000, 0x0000000085d00000|100%| O|  |TAMS 0x0000000085d00000, 0x0000000085d00000| Untracked 
|  93|0x0000000085d00000, 0x0000000085e00000, 0x0000000085e00000|100%| O|  |TAMS 0x0000000085e00000, 0x0000000085e00000| Untracked 
|  94|0x0000000085e00000, 0x0000000085f00000, 0x0000000085f00000|100%| O|  |TAMS 0x0000000085f00000, 0x0000000085f00000| Untracked 
|  95|0x0000000085f00000, 0x0000000085f00000, 0x0000000086000000|  0%| F|  |TAMS 0x0000000085f00000, 0x0000000085f00000| Untracked 
|  96|0x0000000086000000, 0x0000000086100000, 0x0000000086100000|100%| O|  |TAMS 0x0000000086100000, 0x0000000086100000| Untracked 
|  97|0x0000000086100000, 0x0000000086200000, 0x0000000086200000|100%| O|  |TAMS 0x0000000086200000, 0x0000000086200000| Untracked 
|  98|0x0000000086200000, 0x0000000086300000, 0x0000000086300000|100%| O|  |TAMS 0x0000000086300000, 0x0000000086300000| Untracked 
|  99|0x0000000086300000, 0x0000000086400000, 0x0000000086400000|100%| O|  |TAMS 0x0000000086400000, 0x0000000086400000| Untracked 
| 100|0x0000000086400000, 0x0000000086400000, 0x0000000086500000|  0%| F|  |TAMS 0x0000000086400000, 0x0000000086400000| Untracked 
| 101|0x0000000086500000, 0x0000000086600000, 0x0000000086600000|100%| O|  |TAMS 0x0000000086600000, 0x0000000086600000| Untracked 
| 102|0x0000000086600000, 0x0000000086700000, 0x0000000086700000|100%| O|  |TAMS 0x0000000086700000, 0x0000000086700000| Untracked 
| 103|0x0000000086700000, 0x0000000086700000, 0x0000000086800000|  0%| F|  |TAMS 0x0000000086700000, 0x0000000086700000| Untracked 
| 104|0x0000000086800000, 0x0000000086900000, 0x0000000086900000|100%| O|  |TAMS 0x0000000086900000, 0x0000000086900000| Untracked 
| 105|0x0000000086900000, 0x0000000086a00000, 0x0000000086a00000|100%| O|  |TAMS 0x0000000086a00000, 0x0000000086a00000| Untracked 
| 106|0x0000000086a00000, 0x0000000086b00000, 0x0000000086b00000|100%| O|  |TAMS 0x0000000086b00000, 0x0000000086b00000| Untracked 
| 107|0x0000000086b00000, 0x0000000086c00000, 0x0000000086c00000|100%| O|  |TAMS 0x0000000086c00000, 0x0000000086c00000| Untracked 
| 108|0x0000000086c00000, 0x0000000086d00000, 0x0000000086d00000|100%| O|  |TAMS 0x0000000086d00000, 0x0000000086d00000| Untracked 
| 109|0x0000000086d00000, 0x0000000086e00000, 0x0000000086e00000|100%| O|  |TAMS 0x0000000086e00000, 0x0000000086e00000| Untracked 
| 110|0x0000000086e00000, 0x0000000086f00000, 0x0000000086f00000|100%| O|  |TAMS 0x0000000086f00000, 0x0000000086f00000| Untracked 
| 111|0x0000000086f00000, 0x0000000087000000, 0x0000000087000000|100%| O|  |TAMS 0x0000000087000000, 0x0000000087000000| Untracked 
| 112|0x0000000087000000, 0x0000000087100000, 0x0000000087100000|100%| O|  |TAMS 0x0000000087100000, 0x0000000087100000| Untracked 
| 113|0x0000000087100000, 0x0000000087200000, 0x0000000087200000|100%| O|  |TAMS 0x0000000087200000, 0x0000000087200000| Untracked 
| 114|0x0000000087200000, 0x0000000087300000, 0x0000000087300000|100%| O|  |TAMS 0x0000000087300000, 0x0000000087300000| Untracked 
| 115|0x0000000087300000, 0x0000000087400000, 0x0000000087400000|100%| O|  |TAMS 0x0000000087400000, 0x0000000087400000| Untracked 
| 116|0x0000000087400000, 0x0000000087500000, 0x0000000087500000|100%| O|  |TAMS 0x0000000087500000, 0x0000000087500000| Untracked 
| 117|0x0000000087500000, 0x0000000087600000, 0x0000000087600000|100%| O|  |TAMS 0x0000000087600000, 0x0000000087600000| Untracked 
| 118|0x0000000087600000, 0x0000000087700000, 0x0000000087700000|100%| O|  |TAMS 0x0000000087700000, 0x0000000087700000| Untracked 
| 119|0x0000000087700000, 0x0000000087800000, 0x0000000087800000|100%| O|  |TAMS 0x0000000087800000, 0x0000000087800000| Untracked 
| 120|0x0000000087800000, 0x0000000087900000, 0x0000000087900000|100%| O|  |TAMS 0x0000000087900000, 0x0000000087900000| Untracked 
| 121|0x0000000087900000, 0x0000000087a00000, 0x0000000087a00000|100%| O|  |TAMS 0x0000000087a00000, 0x0000000087a00000| Untracked 
| 122|0x0000000087a00000, 0x0000000087b00000, 0x0000000087b00000|100%| O|  |TAMS 0x0000000087b00000, 0x0000000087b00000| Untracked 
| 123|0x0000000087b00000, 0x0000000087c00000, 0x0000000087c00000|100%| O|  |TAMS 0x0000000087c00000, 0x0000000087c00000| Untracked 
| 124|0x0000000087c00000, 0x0000000087d00000, 0x0000000087d00000|100%| O|  |TAMS 0x0000000087d00000, 0x0000000087d00000| Untracked 
| 125|0x0000000087d00000, 0x0000000087e00000, 0x0000000087e00000|100%| O|  |TAMS 0x0000000087e00000, 0x0000000087e00000| Untracked 
| 126|0x0000000087e00000, 0x0000000087f00000, 0x0000000087f00000|100%| O|  |TAMS 0x0000000087f00000, 0x0000000087f00000| Untracked 
| 127|0x0000000087f00000, 0x0000000088000000, 0x0000000088000000|100%| O|  |TAMS 0x0000000088000000, 0x0000000088000000| Untracked 
| 128|0x0000000088000000, 0x0000000088100000, 0x0000000088100000|100%| O|  |TAMS 0x0000000088100000, 0x0000000088100000| Untracked 
| 129|0x0000000088100000, 0x0000000088200000, 0x0000000088200000|100%| O|  |TAMS 0x0000000088200000, 0x0000000088200000| Untracked 
| 130|0x0000000088200000, 0x0000000088300000, 0x0000000088300000|100%| O|  |TAMS 0x0000000088300000, 0x0000000088300000| Untracked 
| 131|0x0000000088300000, 0x0000000088300000, 0x0000000088400000|  0%| F|  |TAMS 0x0000000088300000, 0x0000000088300000| Untracked 
| 132|0x0000000088400000, 0x0000000088500000, 0x0000000088500000|100%| O|  |TAMS 0x0000000088500000, 0x0000000088500000| Untracked 
| 133|0x0000000088500000, 0x0000000088600000, 0x0000000088600000|100%| O|  |TAMS 0x0000000088600000, 0x0000000088600000| Untracked 
| 134|0x0000000088600000, 0x0000000088700000, 0x0000000088700000|100%| O|  |TAMS 0x0000000088700000, 0x0000000088700000| Untracked 
| 135|0x0000000088700000, 0x0000000088800000, 0x0000000088800000|100%| O|  |TAMS 0x0000000088800000, 0x0000000088800000| Untracked 
| 136|0x0000000088800000, 0x0000000088900000, 0x0000000088900000|100%| O|  |TAMS 0x0000000088900000, 0x0000000088900000| Untracked 
| 137|0x0000000088900000, 0x0000000088a00000, 0x0000000088a00000|100%| O|  |TAMS 0x0000000088a00000, 0x0000000088a00000| Untracked 
| 138|0x0000000088a00000, 0x0000000088a00000, 0x0000000088b00000|  0%| F|  |TAMS 0x0000000088a00000, 0x0000000088a00000| Untracked 
| 139|0x0000000088b00000, 0x0000000088c00000, 0x0000000088c00000|100%| O|  |TAMS 0x0000000088c00000, 0x0000000088c00000| Untracked 
| 140|0x0000000088c00000, 0x0000000088d00000, 0x0000000088d00000|100%| O|  |TAMS 0x0000000088d00000, 0x0000000088d00000| Untracked 
| 141|0x0000000088d00000, 0x0000000088e00000, 0x0000000088e00000|100%| O|  |TAMS 0x0000000088e00000, 0x0000000088e00000| Untracked 
| 142|0x0000000088e00000, 0x0000000088f00000, 0x0000000088f00000|100%| O|  |TAMS 0x0000000088f00000, 0x0000000088f00000| Untracked 
| 143|0x0000000088f00000, 0x0000000089000000, 0x0000000089000000|100%| O|  |TAMS 0x0000000089000000, 0x0000000089000000| Untracked 
| 144|0x0000000089000000, 0x0000000089100000, 0x0000000089100000|100%| O|  |TAMS 0x0000000089100000, 0x0000000089100000| Untracked 
| 145|0x0000000089100000, 0x0000000089200000, 0x0000000089200000|100%| O|  |TAMS 0x0000000089200000, 0x0000000089200000| Untracked 
| 146|0x0000000089200000, 0x0000000089300000, 0x0000000089300000|100%| O|  |TAMS 0x0000000089300000, 0x0000000089300000| Untracked 
| 147|0x0000000089300000, 0x0000000089300000, 0x0000000089400000|  0%| F|  |TAMS 0x0000000089300000, 0x0000000089300000| Untracked 
| 148|0x0000000089400000, 0x0000000089500000, 0x0000000089500000|100%| O|  |TAMS 0x0000000089500000, 0x0000000089500000| Untracked 
| 149|0x0000000089500000, 0x0000000089600000, 0x0000000089600000|100%| O|  |TAMS 0x0000000089600000, 0x0000000089600000| Untracked 
| 150|0x0000000089600000, 0x0000000089700000, 0x0000000089700000|100%| O|  |TAMS 0x0000000089700000, 0x0000000089700000| Untracked 
| 151|0x0000000089700000, 0x0000000089800000, 0x0000000089800000|100%| O|  |TAMS 0x0000000089800000, 0x0000000089800000| Untracked 
| 152|0x0000000089800000, 0x0000000089900000, 0x0000000089900000|100%| O|  |TAMS 0x0000000089900000, 0x0000000089900000| Untracked 
| 153|0x0000000089900000, 0x0000000089a00000, 0x0000000089a00000|100%| O|  |TAMS 0x0000000089a00000, 0x0000000089a00000| Untracked 
| 154|0x0000000089a00000, 0x0000000089b00000, 0x0000000089b00000|100%| O|  |TAMS 0x0000000089b00000, 0x0000000089b00000| Untracked 
| 155|0x0000000089b00000, 0x0000000089c00000, 0x0000000089c00000|100%| O|  |TAMS 0x0000000089c00000, 0x0000000089c00000| Untracked 
| 156|0x0000000089c00000, 0x0000000089d00000, 0x0000000089d00000|100%| O|  |TAMS 0x0000000089d00000, 0x0000000089d00000| Untracked 
| 157|0x0000000089d00000, 0x0000000089e00000, 0x0000000089e00000|100%| O|  |TAMS 0x0000000089e00000, 0x0000000089e00000| Untracked 
| 158|0x0000000089e00000, 0x0000000089f00000, 0x0000000089f00000|100%| O|  |TAMS 0x0000000089f00000, 0x0000000089f00000| Untracked 
| 159|0x0000000089f00000, 0x000000008a000000, 0x000000008a000000|100%| O|  |TAMS 0x000000008a000000, 0x000000008a000000| Untracked 
| 160|0x000000008a000000, 0x000000008a100000, 0x000000008a100000|100%| O|  |TAMS 0x000000008a100000, 0x000000008a100000| Untracked 
| 161|0x000000008a100000, 0x000000008a200000, 0x000000008a200000|100%| O|  |TAMS 0x000000008a200000, 0x000000008a200000| Untracked 
| 162|0x000000008a200000, 0x000000008a300000, 0x000000008a300000|100%| O|  |TAMS 0x000000008a300000, 0x000000008a300000| Untracked 
| 163|0x000000008a300000, 0x000000008a400000, 0x000000008a400000|100%| O|  |TAMS 0x000000008a400000, 0x000000008a400000| Untracked 
| 164|0x000000008a400000, 0x000000008a500000, 0x000000008a500000|100%| O|  |TAMS 0x000000008a500000, 0x000000008a500000| Untracked 
| 165|0x000000008a500000, 0x000000008a5abe00, 0x000000008a600000| 67%| O|  |TAMS 0x000000008a5abe00, 0x000000008a5abe00| Untracked 
| 166|0x000000008a600000, 0x000000008a600000, 0x000000008a700000|  0%| F|  |TAMS 0x000000008a600000, 0x000000008a600000| Untracked 
| 167|0x000000008a700000, 0x000000008a700000, 0x000000008a800000|  0%| F|  |TAMS 0x000000008a700000, 0x000000008a700000| Untracked 
| 168|0x000000008a800000, 0x000000008a800000, 0x000000008a900000|  0%| F|  |TAMS 0x000000008a800000, 0x000000008a800000| Untracked 
| 169|0x000000008a900000, 0x000000008a900000, 0x000000008aa00000|  0%| F|  |TAMS 0x000000008a900000, 0x000000008a900000| Untracked 
| 170|0x000000008aa00000, 0x000000008aa00000, 0x000000008ab00000|  0%| F|  |TAMS 0x000000008aa00000, 0x000000008aa00000| Untracked 
| 171|0x000000008ab00000, 0x000000008ab00000, 0x000000008ac00000|  0%| F|  |TAMS 0x000000008ab00000, 0x000000008ab00000| Untracked 
| 172|0x000000008ac00000, 0x000000008ac00000, 0x000000008ad00000|  0%| F|  |TAMS 0x000000008ac00000, 0x000000008ac00000| Untracked 
| 173|0x000000008ad00000, 0x000000008ad00000, 0x000000008ae00000|  0%| F|  |TAMS 0x000000008ad00000, 0x000000008ad00000| Untracked 
| 174|0x000000008ae00000, 0x000000008ae00000, 0x000000008af00000|  0%| F|  |TAMS 0x000000008ae00000, 0x000000008ae00000| Untracked 
| 175|0x000000008af00000, 0x000000008af00000, 0x000000008b000000|  0%| F|  |TAMS 0x000000008af00000, 0x000000008af00000| Untracked 
| 176|0x000000008b000000, 0x000000008b000000, 0x000000008b100000|  0%| F|  |TAMS 0x000000008b000000, 0x000000008b000000| Untracked 
| 177|0x000000008b100000, 0x000000008b100000, 0x000000008b200000|  0%| F|  |TAMS 0x000000008b100000, 0x000000008b100000| Untracked 
| 178|0x000000008b200000, 0x000000008b200000, 0x000000008b300000|  0%| F|  |TAMS 0x000000008b200000, 0x000000008b200000| Untracked 
| 179|0x000000008b300000, 0x000000008b300000, 0x000000008b400000|  0%| F|  |TAMS 0x000000008b300000, 0x000000008b300000| Untracked 
| 180|0x000000008b400000, 0x000000008b400000, 0x000000008b500000|  0%| F|  |TAMS 0x000000008b400000, 0x000000008b400000| Untracked 
| 181|0x000000008b500000, 0x000000008b500000, 0x000000008b600000|  0%| F|  |TAMS 0x000000008b500000, 0x000000008b500000| Untracked 
| 182|0x000000008b600000, 0x000000008b600000, 0x000000008b700000|  0%| F|  |TAMS 0x000000008b600000, 0x000000008b600000| Untracked 
| 183|0x000000008b700000, 0x000000008b700000, 0x000000008b800000|  0%| F|  |TAMS 0x000000008b700000, 0x000000008b700000| Untracked 
| 184|0x000000008b800000, 0x000000008b800000, 0x000000008b900000|  0%| F|  |TAMS 0x000000008b800000, 0x000000008b800000| Untracked 
| 185|0x000000008b900000, 0x000000008b900000, 0x000000008ba00000|  0%| F|  |TAMS 0x000000008b900000, 0x000000008b900000| Untracked 
| 186|0x000000008ba00000, 0x000000008ba00000, 0x000000008bb00000|  0%| F|  |TAMS 0x000000008ba00000, 0x000000008ba00000| Untracked 
| 187|0x000000008bb00000, 0x000000008bb00000, 0x000000008bc00000|  0%| F|  |TAMS 0x000000008bb00000, 0x000000008bb00000| Untracked 
| 188|0x000000008bc00000, 0x000000008bc00000, 0x000000008bd00000|  0%| F|  |TAMS 0x000000008bc00000, 0x000000008bc00000| Untracked 
| 189|0x000000008bd00000, 0x000000008bd00000, 0x000000008be00000|  0%| F|  |TAMS 0x000000008bd00000, 0x000000008bd00000| Untracked 
| 190|0x000000008be00000, 0x000000008be00000, 0x000000008bf00000|  0%| F|  |TAMS 0x000000008be00000, 0x000000008be00000| Untracked 
| 191|0x000000008bf00000, 0x000000008bf00000, 0x000000008c000000|  0%| F|  |TAMS 0x000000008bf00000, 0x000000008bf00000| Untracked 
| 192|0x000000008c000000, 0x000000008c000000, 0x000000008c100000|  0%| F|  |TAMS 0x000000008c000000, 0x000000008c000000| Untracked 
| 193|0x000000008c100000, 0x000000008c100000, 0x000000008c200000|  0%| F|  |TAMS 0x000000008c100000, 0x000000008c100000| Untracked 
| 194|0x000000008c200000, 0x000000008c200000, 0x000000008c300000|  0%| F|  |TAMS 0x000000008c200000, 0x000000008c200000| Untracked 
| 195|0x000000008c300000, 0x000000008c300000, 0x000000008c400000|  0%| F|  |TAMS 0x000000008c300000, 0x000000008c300000| Untracked 
| 196|0x000000008c400000, 0x000000008c400000, 0x000000008c500000|  0%| F|  |TAMS 0x000000008c400000, 0x000000008c400000| Untracked 
| 197|0x000000008c500000, 0x000000008c500000, 0x000000008c600000|  0%| F|  |TAMS 0x000000008c500000, 0x000000008c500000| Untracked 
| 198|0x000000008c600000, 0x000000008c600000, 0x000000008c700000|  0%| F|  |TAMS 0x000000008c600000, 0x000000008c600000| Untracked 
| 199|0x000000008c700000, 0x000000008c700000, 0x000000008c800000|  0%| F|  |TAMS 0x000000008c700000, 0x000000008c700000| Untracked 
| 200|0x000000008c800000, 0x000000008c800000, 0x000000008c900000|  0%| F|  |TAMS 0x000000008c800000, 0x000000008c800000| Untracked 
| 201|0x000000008c900000, 0x000000008c900000, 0x000000008ca00000|  0%| F|  |TAMS 0x000000008c900000, 0x000000008c900000| Untracked 
| 202|0x000000008ca00000, 0x000000008ca44de8, 0x000000008cb00000| 26%| S|CS|TAMS 0x000000008ca00000, 0x000000008ca00000| Complete 
| 203|0x000000008cb00000, 0x000000008cc00000, 0x000000008cc00000|100%| S|CS|TAMS 0x000000008cb00000, 0x000000008cb00000| Complete 
| 204|0x000000008cc00000, 0x000000008cc00000, 0x000000008cd00000|  0%| F|  |TAMS 0x000000008cc00000, 0x000000008cc00000| Untracked 
| 205|0x000000008cd00000, 0x000000008cd00000, 0x000000008ce00000|  0%| F|  |TAMS 0x000000008cd00000, 0x000000008cd00000| Untracked 
| 206|0x000000008ce00000, 0x000000008ce00000, 0x000000008cf00000|  0%| F|  |TAMS 0x000000008ce00000, 0x000000008ce00000| Untracked 
| 207|0x000000008cf00000, 0x000000008d000000, 0x000000008d000000|100%| S|CS|TAMS 0x000000008cf00000, 0x000000008cf00000| Complete 
| 208|0x000000008d000000, 0x000000008d100000, 0x000000008d100000|100%| S|CS|TAMS 0x000000008d000000, 0x000000008d000000| Complete 
| 209|0x000000008d100000, 0x000000008d200000, 0x000000008d200000|100%| S|CS|TAMS 0x000000008d100000, 0x000000008d100000| Complete 
| 210|0x000000008d200000, 0x000000008d300000, 0x000000008d300000|100%| S|CS|TAMS 0x000000008d200000, 0x000000008d200000| Complete 
| 211|0x000000008d300000, 0x000000008d400000, 0x000000008d400000|100%| S|CS|TAMS 0x000000008d300000, 0x000000008d300000| Complete 
| 212|0x000000008d400000, 0x000000008d400000, 0x000000008d500000|  0%| F|  |TAMS 0x000000008d400000, 0x000000008d400000| Untracked 
| 213|0x000000008d500000, 0x000000008d500000, 0x000000008d600000|  0%| F|  |TAMS 0x000000008d500000, 0x000000008d500000| Untracked 
| 214|0x000000008d600000, 0x000000008d600000, 0x000000008d700000|  0%| F|  |TAMS 0x000000008d600000, 0x000000008d600000| Untracked 
| 215|0x000000008d700000, 0x000000008d700000, 0x000000008d800000|  0%| F|  |TAMS 0x000000008d700000, 0x000000008d700000| Untracked 
| 216|0x000000008d800000, 0x000000008d800000, 0x000000008d900000|  0%| F|  |TAMS 0x000000008d800000, 0x000000008d800000| Untracked 
| 217|0x000000008d900000, 0x000000008d900000, 0x000000008da00000|  0%| F|  |TAMS 0x000000008d900000, 0x000000008d900000| Untracked 
| 218|0x000000008da00000, 0x000000008da00000, 0x000000008db00000|  0%| F|  |TAMS 0x000000008da00000, 0x000000008da00000| Untracked 
| 219|0x000000008db00000, 0x000000008db00000, 0x000000008dc00000|  0%| F|  |TAMS 0x000000008db00000, 0x000000008db00000| Untracked 
| 220|0x000000008dc00000, 0x000000008dc00000, 0x000000008dd00000|  0%| F|  |TAMS 0x000000008dc00000, 0x000000008dc00000| Untracked 
| 221|0x000000008dd00000, 0x000000008dd00000, 0x000000008de00000|  0%| F|  |TAMS 0x000000008dd00000, 0x000000008dd00000| Untracked 
| 222|0x000000008de00000, 0x000000008de00000, 0x000000008df00000|  0%| F|  |TAMS 0x000000008de00000, 0x000000008de00000| Untracked 
| 223|0x000000008df00000, 0x000000008df00000, 0x000000008e000000|  0%| F|  |TAMS 0x000000008df00000, 0x000000008df00000| Untracked 
| 224|0x000000008e000000, 0x000000008e000000, 0x000000008e100000|  0%| F|  |TAMS 0x000000008e000000, 0x000000008e000000| Untracked 
| 225|0x000000008e100000, 0x000000008e100000, 0x000000008e200000|  0%| F|  |TAMS 0x000000008e100000, 0x000000008e100000| Untracked 
| 226|0x000000008e200000, 0x000000008e200000, 0x000000008e300000|  0%| F|  |TAMS 0x000000008e200000, 0x000000008e200000| Untracked 
| 227|0x000000008e300000, 0x000000008e300000, 0x000000008e400000|  0%| F|  |TAMS 0x000000008e300000, 0x000000008e300000| Untracked 
| 228|0x000000008e400000, 0x000000008e400000, 0x000000008e500000|  0%| F|  |TAMS 0x000000008e400000, 0x000000008e400000| Untracked 
| 229|0x000000008e500000, 0x000000008e500000, 0x000000008e600000|  0%| F|  |TAMS 0x000000008e500000, 0x000000008e500000| Untracked 
| 230|0x000000008e600000, 0x000000008e600000, 0x000000008e700000|  0%| F|  |TAMS 0x000000008e600000, 0x000000008e600000| Untracked 
| 231|0x000000008e700000, 0x000000008e700000, 0x000000008e800000|  0%| F|  |TAMS 0x000000008e700000, 0x000000008e700000| Untracked 
| 232|0x000000008e800000, 0x000000008e800000, 0x000000008e900000|  0%| F|  |TAMS 0x000000008e800000, 0x000000008e800000| Untracked 
| 233|0x000000008e900000, 0x000000008e900000, 0x000000008ea00000|  0%| F|  |TAMS 0x000000008e900000, 0x000000008e900000| Untracked 
| 234|0x000000008ea00000, 0x000000008ea00000, 0x000000008eb00000|  0%| F|  |TAMS 0x000000008ea00000, 0x000000008ea00000| Untracked 
| 235|0x000000008eb00000, 0x000000008eb00000, 0x000000008ec00000|  0%| F|  |TAMS 0x000000008eb00000, 0x000000008eb00000| Untracked 
| 236|0x000000008ec00000, 0x000000008ec00000, 0x000000008ed00000|  0%| F|  |TAMS 0x000000008ec00000, 0x000000008ec00000| Untracked 
| 237|0x000000008ed00000, 0x000000008ed00000, 0x000000008ee00000|  0%| F|  |TAMS 0x000000008ed00000, 0x000000008ed00000| Untracked 
| 238|0x000000008ee00000, 0x000000008ee00000, 0x000000008ef00000|  0%| F|  |TAMS 0x000000008ee00000, 0x000000008ee00000| Untracked 
| 239|0x000000008ef00000, 0x000000008ef00000, 0x000000008f000000|  0%| F|  |TAMS 0x000000008ef00000, 0x000000008ef00000| Untracked 
| 240|0x000000008f000000, 0x000000008f000000, 0x000000008f100000|  0%| F|  |TAMS 0x000000008f000000, 0x000000008f000000| Untracked 
| 241|0x000000008f100000, 0x000000008f100000, 0x000000008f200000|  0%| F|  |TAMS 0x000000008f100000, 0x000000008f100000| Untracked 
| 242|0x000000008f200000, 0x000000008f200000, 0x000000008f300000|  0%| F|  |TAMS 0x000000008f200000, 0x000000008f200000| Untracked 
| 243|0x000000008f300000, 0x000000008f300000, 0x000000008f400000|  0%| F|  |TAMS 0x000000008f300000, 0x000000008f300000| Untracked 
| 244|0x000000008f400000, 0x000000008f400000, 0x000000008f500000|  0%| F|  |TAMS 0x000000008f400000, 0x000000008f400000| Untracked 
| 245|0x000000008f500000, 0x000000008f500000, 0x000000008f600000|  0%| F|  |TAMS 0x000000008f500000, 0x000000008f500000| Untracked 
| 246|0x000000008f600000, 0x000000008f600000, 0x000000008f700000|  0%| F|  |TAMS 0x000000008f600000, 0x000000008f600000| Untracked 
| 247|0x000000008f700000, 0x000000008f700000, 0x000000008f800000|  0%| F|  |TAMS 0x000000008f700000, 0x000000008f700000| Untracked 
| 248|0x000000008f800000, 0x000000008f800000, 0x000000008f900000|  0%| F|  |TAMS 0x000000008f800000, 0x000000008f800000| Untracked 
| 249|0x000000008f900000, 0x000000008f900000, 0x000000008fa00000|  0%| F|  |TAMS 0x000000008f900000, 0x000000008f900000| Untracked 
| 250|0x000000008fa00000, 0x000000008fa00000, 0x000000008fb00000|  0%| F|  |TAMS 0x000000008fa00000, 0x000000008fa00000| Untracked 
| 251|0x000000008fb00000, 0x000000008fb00000, 0x000000008fc00000|  0%| F|  |TAMS 0x000000008fb00000, 0x000000008fb00000| Untracked 
| 252|0x000000008fc00000, 0x000000008fc00000, 0x000000008fd00000|  0%| F|  |TAMS 0x000000008fc00000, 0x000000008fc00000| Untracked 
| 253|0x000000008fd00000, 0x000000008fd00000, 0x000000008fe00000|  0%| F|  |TAMS 0x000000008fd00000, 0x000000008fd00000| Untracked 
| 254|0x000000008fe00000, 0x000000008fe00000, 0x000000008ff00000|  0%| F|  |TAMS 0x000000008fe00000, 0x000000008fe00000| Untracked 
| 255|0x000000008ff00000, 0x000000008ff00000, 0x0000000090000000|  0%| F|  |TAMS 0x000000008ff00000, 0x000000008ff00000| Untracked 
| 256|0x0000000090000000, 0x0000000090000000, 0x0000000090100000|  0%| F|  |TAMS 0x0000000090000000, 0x0000000090000000| Untracked 
| 257|0x0000000090100000, 0x0000000090100000, 0x0000000090200000|  0%| F|  |TAMS 0x0000000090100000, 0x0000000090100000| Untracked 
| 258|0x0000000090200000, 0x0000000090200000, 0x0000000090300000|  0%| F|  |TAMS 0x0000000090200000, 0x0000000090200000| Untracked 
| 259|0x0000000090300000, 0x0000000090300000, 0x0000000090400000|  0%| F|  |TAMS 0x0000000090300000, 0x0000000090300000| Untracked 
| 260|0x0000000090400000, 0x0000000090400000, 0x0000000090500000|  0%| F|  |TAMS 0x0000000090400000, 0x0000000090400000| Untracked 
| 261|0x0000000090500000, 0x0000000090500000, 0x0000000090600000|  0%| F|  |TAMS 0x0000000090500000, 0x0000000090500000| Untracked 
| 262|0x0000000090600000, 0x0000000090600000, 0x0000000090700000|  0%| F|  |TAMS 0x0000000090600000, 0x0000000090600000| Untracked 
| 263|0x0000000090700000, 0x0000000090700000, 0x0000000090800000|  0%| F|  |TAMS 0x0000000090700000, 0x0000000090700000| Untracked 
| 264|0x0000000090800000, 0x0000000090800000, 0x0000000090900000|  0%| F|  |TAMS 0x0000000090800000, 0x0000000090800000| Untracked 
| 265|0x0000000090900000, 0x0000000090900000, 0x0000000090a00000|  0%| F|  |TAMS 0x0000000090900000, 0x0000000090900000| Untracked 
| 266|0x0000000090a00000, 0x0000000090a00000, 0x0000000090b00000|  0%| F|  |TAMS 0x0000000090a00000, 0x0000000090a00000| Untracked 
| 267|0x0000000090b00000, 0x0000000090b00000, 0x0000000090c00000|  0%| F|  |TAMS 0x0000000090b00000, 0x0000000090b00000| Untracked 
| 268|0x0000000090c00000, 0x0000000090c00000, 0x0000000090d00000|  0%| F|  |TAMS 0x0000000090c00000, 0x0000000090c00000| Untracked 
| 269|0x0000000090d00000, 0x0000000090d00000, 0x0000000090e00000|  0%| F|  |TAMS 0x0000000090d00000, 0x0000000090d00000| Untracked 
| 270|0x0000000090e00000, 0x0000000090e00000, 0x0000000090f00000|  0%| F|  |TAMS 0x0000000090e00000, 0x0000000090e00000| Untracked 
| 271|0x0000000090f00000, 0x0000000090f00000, 0x0000000091000000|  0%| F|  |TAMS 0x0000000090f00000, 0x0000000090f00000| Untracked 
| 272|0x0000000091000000, 0x0000000091000000, 0x0000000091100000|  0%| F|  |TAMS 0x0000000091000000, 0x0000000091000000| Untracked 
| 273|0x0000000091100000, 0x0000000091100000, 0x0000000091200000|  0%| F|  |TAMS 0x0000000091100000, 0x0000000091100000| Untracked 
| 274|0x0000000091200000, 0x0000000091200000, 0x0000000091300000|  0%| F|  |TAMS 0x0000000091200000, 0x0000000091200000| Untracked 
| 275|0x0000000091300000, 0x0000000091300000, 0x0000000091400000|  0%| F|  |TAMS 0x0000000091300000, 0x0000000091300000| Untracked 
| 276|0x0000000091400000, 0x0000000091400000, 0x0000000091500000|  0%| F|  |TAMS 0x0000000091400000, 0x0000000091400000| Untracked 
| 277|0x0000000091500000, 0x0000000091500000, 0x0000000091600000|  0%| F|  |TAMS 0x0000000091500000, 0x0000000091500000| Untracked 
| 278|0x0000000091600000, 0x0000000091600000, 0x0000000091700000|  0%| F|  |TAMS 0x0000000091600000, 0x0000000091600000| Untracked 
| 279|0x0000000091700000, 0x0000000091700000, 0x0000000091800000|  0%| F|  |TAMS 0x0000000091700000, 0x0000000091700000| Untracked 
| 280|0x0000000091800000, 0x0000000091800000, 0x0000000091900000|  0%| F|  |TAMS 0x0000000091800000, 0x0000000091800000| Untracked 
| 281|0x0000000091900000, 0x0000000091900000, 0x0000000091a00000|  0%| F|  |TAMS 0x0000000091900000, 0x0000000091900000| Untracked 
| 282|0x0000000091a00000, 0x0000000091a00000, 0x0000000091b00000|  0%| F|  |TAMS 0x0000000091a00000, 0x0000000091a00000| Untracked 
| 283|0x0000000091b00000, 0x0000000091b00000, 0x0000000091c00000|  0%| F|  |TAMS 0x0000000091b00000, 0x0000000091b00000| Untracked 
| 284|0x0000000091c00000, 0x0000000091c00000, 0x0000000091d00000|  0%| F|  |TAMS 0x0000000091c00000, 0x0000000091c00000| Untracked 
| 285|0x0000000091d00000, 0x0000000091d00000, 0x0000000091e00000|  0%| F|  |TAMS 0x0000000091d00000, 0x0000000091d00000| Untracked 
| 286|0x0000000091e00000, 0x0000000091e00000, 0x0000000091f00000|  0%| F|  |TAMS 0x0000000091e00000, 0x0000000091e00000| Untracked 
| 287|0x0000000091f00000, 0x0000000091f00000, 0x0000000092000000|  0%| F|  |TAMS 0x0000000091f00000, 0x0000000091f00000| Untracked 
| 288|0x0000000092000000, 0x0000000092000000, 0x0000000092100000|  0%| F|  |TAMS 0x0000000092000000, 0x0000000092000000| Untracked 
| 289|0x0000000092100000, 0x0000000092100000, 0x0000000092200000|  0%| F|  |TAMS 0x0000000092100000, 0x0000000092100000| Untracked 
| 290|0x0000000092200000, 0x0000000092200000, 0x0000000092300000|  0%| F|  |TAMS 0x0000000092200000, 0x0000000092200000| Untracked 
| 291|0x0000000092300000, 0x0000000092300000, 0x0000000092400000|  0%| F|  |TAMS 0x0000000092300000, 0x0000000092300000| Untracked 
| 292|0x0000000092400000, 0x0000000092400000, 0x0000000092500000|  0%| F|  |TAMS 0x0000000092400000, 0x0000000092400000| Untracked 
| 293|0x0000000092500000, 0x0000000092500000, 0x0000000092600000|  0%| F|  |TAMS 0x0000000092500000, 0x0000000092500000| Untracked 
| 294|0x0000000092600000, 0x0000000092600000, 0x0000000092700000|  0%| F|  |TAMS 0x0000000092600000, 0x0000000092600000| Untracked 
| 295|0x0000000092700000, 0x0000000092700000, 0x0000000092800000|  0%| F|  |TAMS 0x0000000092700000, 0x0000000092700000| Untracked 
| 296|0x0000000092800000, 0x0000000092800000, 0x0000000092900000|  0%| F|  |TAMS 0x0000000092800000, 0x0000000092800000| Untracked 
| 297|0x0000000092900000, 0x0000000092900000, 0x0000000092a00000|  0%| F|  |TAMS 0x0000000092900000, 0x0000000092900000| Untracked 
| 298|0x0000000092a00000, 0x0000000092a00000, 0x0000000092b00000|  0%| F|  |TAMS 0x0000000092a00000, 0x0000000092a00000| Untracked 
| 299|0x0000000092b00000, 0x0000000092b00000, 0x0000000092c00000|  0%| F|  |TAMS 0x0000000092b00000, 0x0000000092b00000| Untracked 
| 300|0x0000000092c00000, 0x0000000092c00000, 0x0000000092d00000|  0%| F|  |TAMS 0x0000000092c00000, 0x0000000092c00000| Untracked 
| 301|0x0000000092d00000, 0x0000000092d00000, 0x0000000092e00000|  0%| F|  |TAMS 0x0000000092d00000, 0x0000000092d00000| Untracked 
| 302|0x0000000092e00000, 0x0000000092e00000, 0x0000000092f00000|  0%| F|  |TAMS 0x0000000092e00000, 0x0000000092e00000| Untracked 
| 303|0x0000000092f00000, 0x0000000092f00000, 0x0000000093000000|  0%| F|  |TAMS 0x0000000092f00000, 0x0000000092f00000| Untracked 
| 304|0x0000000093000000, 0x0000000093000000, 0x0000000093100000|  0%| F|  |TAMS 0x0000000093000000, 0x0000000093000000| Untracked 
| 305|0x0000000093100000, 0x0000000093100000, 0x0000000093200000|  0%| F|  |TAMS 0x0000000093100000, 0x0000000093100000| Untracked 
| 306|0x0000000093200000, 0x0000000093200000, 0x0000000093300000|  0%| F|  |TAMS 0x0000000093200000, 0x0000000093200000| Untracked 
| 307|0x0000000093300000, 0x0000000093300000, 0x0000000093400000|  0%| F|  |TAMS 0x0000000093300000, 0x0000000093300000| Untracked 
| 308|0x0000000093400000, 0x0000000093400000, 0x0000000093500000|  0%| F|  |TAMS 0x0000000093400000, 0x0000000093400000| Untracked 
| 309|0x0000000093500000, 0x0000000093500000, 0x0000000093600000|  0%| F|  |TAMS 0x0000000093500000, 0x0000000093500000| Untracked 
| 310|0x0000000093600000, 0x0000000093600000, 0x0000000093700000|  0%| F|  |TAMS 0x0000000093600000, 0x0000000093600000| Untracked 
| 311|0x0000000093700000, 0x0000000093700000, 0x0000000093800000|  0%| F|  |TAMS 0x0000000093700000, 0x0000000093700000| Untracked 
| 312|0x0000000093800000, 0x0000000093800000, 0x0000000093900000|  0%| F|  |TAMS 0x0000000093800000, 0x0000000093800000| Untracked 
| 313|0x0000000093900000, 0x0000000093900000, 0x0000000093a00000|  0%| F|  |TAMS 0x0000000093900000, 0x0000000093900000| Untracked 
| 314|0x0000000093a00000, 0x0000000093a00000, 0x0000000093b00000|  0%| F|  |TAMS 0x0000000093a00000, 0x0000000093a00000| Untracked 
| 315|0x0000000093b00000, 0x0000000093b00000, 0x0000000093c00000|  0%| F|  |TAMS 0x0000000093b00000, 0x0000000093b00000| Untracked 
| 316|0x0000000093c00000, 0x0000000093c00000, 0x0000000093d00000|  0%| F|  |TAMS 0x0000000093c00000, 0x0000000093c00000| Untracked 
| 317|0x0000000093d00000, 0x0000000093d00000, 0x0000000093e00000|  0%| F|  |TAMS 0x0000000093d00000, 0x0000000093d00000| Untracked 
| 318|0x0000000093e00000, 0x0000000093e00000, 0x0000000093f00000|  0%| F|  |TAMS 0x0000000093e00000, 0x0000000093e00000| Untracked 
| 319|0x0000000093f00000, 0x0000000093f00000, 0x0000000094000000|  0%| F|  |TAMS 0x0000000093f00000, 0x0000000093f00000| Untracked 
| 320|0x0000000094000000, 0x0000000094000000, 0x0000000094100000|  0%| F|  |TAMS 0x0000000094000000, 0x0000000094000000| Untracked 

Card table byte_map: [0x000001fb3c740000,0x000001fb3cb40000] _byte_map_base: 0x000001fb3c340000

Marking Bits (Prev, Next): (CMBitMap*) 0x000001fb27a54fc0, (CMBitMap*) 0x000001fb27a54f88
 Prev Bits: [0x000001fb3ef40000, 0x000001fb40f40000)
 Next Bits: [0x000001fb3cf40000, 0x000001fb3ef40000)

Polling page: 0x000001fb27af0000

Metaspace:

Usage:
  Non-class:    102.57 MB capacity,   100.52 MB ( 98%) used,     1.64 MB (  2%) free+waste,   422.19 KB ( <1%) overhead. 
      Class:     16.03 MB capacity,    14.77 MB ( 92%) used,     1.09 MB (  7%) free+waste,   187.00 KB (  1%) overhead. 
       Both:    118.60 MB capacity,   115.29 MB ( 97%) used,     2.72 MB (  2%) free+waste,   609.19 KB ( <1%) overhead. 

Virtual space:
  Non-class space:      104.00 MB reserved,     102.88 MB ( 99%) committed 
      Class space:        1.00 GB reserved,      16.24 MB (  2%) committed 
             Both:        1.10 GB reserved,     119.12 MB ( 11%) committed 

Chunk freelists:
   Non-Class:  255.00 KB
       Class:  157.00 KB
        Both:  412.00 KB

MaxMetaspaceSize: 17179869184.00 GB
CompressedClassSpaceSize: 1.00 GB
Initial GC threshold: 20.80 MB
Current GC threshold: 198.54 MB
CDS: off

CodeHeap 'non-profiled nmethods': size=120064Kb used=10422Kb max_used=10422Kb free=109641Kb
 bounds [0x000001fb347d0000, 0x000001fb35200000, 0x000001fb3bd10000]
CodeHeap 'profiled nmethods': size=120000Kb used=41489Kb max_used=41489Kb free=78510Kb
 bounds [0x000001fb2d2a0000, 0x000001fb2fb30000, 0x000001fb347d0000]
CodeHeap 'non-nmethods': size=5696Kb used=2494Kb max_used=2552Kb free=3201Kb
 bounds [0x000001fb2cd10000, 0x000001fb2cfa0000, 0x000001fb2d2a0000]
 total_blobs=18244 nmethods=17255 adapters=897
 compilation: enabled
              stopped_count=0, restarted_count=0
 full_count=0

Compilation events (20 events):
Event: 42.569 Thread 0x000001fb435b9000 17477       2       com.android.tools.r8.internal.H10::K0 (2 bytes)
Event: 42.569 Thread 0x000001fb435b9000 nmethod 17477 0x000001fb2fb13810 code [0x000001fb2fb139c0, 0x000001fb2fb13ab8]
Event: 42.602 Thread 0x000001fb435b9000 17480       2       com.android.tools.r8.graph.v0$$Lambda$1699/0x0000000100f85840::apply (15 bytes)
Event: 42.602 Thread 0x000001fb435b9000 nmethod 17480 0x000001fb2fb13b90 code [0x000001fb2fb13d40, 0x000001fb2fb13ed8]
Event: 42.607 Thread 0x000001fb435b9000 17483 %     3       com.android.tools.r8.internal.wh::a @ 37 (672 bytes)
Event: 42.617 Thread 0x000001fb435b9000 nmethod 17483% 0x000001fb2fb14010 code [0x000001fb2fb14b00, 0x000001fb2fb1c7a8]
Event: 42.618 Thread 0x000001fb435b9000 17485       2       com.android.tools.r8.internal.j20::<init> (6 bytes)
Event: 42.618 Thread 0x000001fb435b9000 nmethod 17485 0x000001fb2fb1f590 code [0x000001fb2fb1f740, 0x000001fb2fb1f868]
Event: 42.618 Thread 0x000001fb435b9000 17484       2       com.android.tools.r8.internal.No::f (29 bytes)
Event: 42.618 Thread 0x000001fb435b9000 nmethod 17484 0x000001fb2fb1f910 code [0x000001fb2fb1fb00, 0x000001fb2fb1fd48]
Event: 42.618 Thread 0x000001fb435b9000 17486       1       com.android.tools.r8.internal.EH::m2 (4 bytes)
Event: 42.618 Thread 0x000001fb435b9000 nmethod 17486 0x000001fb351fd690 code [0x000001fb351fd840, 0x000001fb351fd8f8]
Event: 42.625 Thread 0x000001fb435b9000 17487 %     3       com.android.tools.r8.internal.Bi::<init> @ 88 (354 bytes)
Event: 42.628 Thread 0x000001fb435b9000 nmethod 17487% 0x000001fb2fb1fe90 code [0x000001fb2fb20360, 0x000001fb2fb22dc8]
Event: 42.628 Thread 0x000001fb435b9000 17488       2       com.android.tools.r8.internal.G50::a (134 bytes)
Event: 42.628 Thread 0x000001fb435b9000 nmethod 17488 0x000001fb2fb23c90 code [0x000001fb2fb23e40, 0x000001fb2fb23f78]
Event: 42.628 Thread 0x000001fb435b9000 17489       2       com.android.tools.r8.internal.G50::a (27 bytes)
Event: 42.628 Thread 0x000001fb435b9000 nmethod 17489 0x000001fb2fb24010 code [0x000001fb2fb241c0, 0x000001fb2fb242f8]
Event: 42.630 Thread 0x000001fb435b9000 17490       2       java.util.ArrayDeque::nBits (11 bytes)
Event: 42.630 Thread 0x000001fb435b9000 nmethod 17490 0x000001fb2fb24390 code [0x000001fb2fb24540, 0x000001fb2fb246b8]

GC Heap History (20 events):
Event: 37.882 GC heap after
{Heap after GC invocations=42 (full 0):
 garbage-first heap   total 227328K, used 162630K [0x0000000080000000, 0x0000000100000000)
  region size 1024K, 4 young (4096K), 4 survivors (4096K)
 Metaspace       used 117550K, capacity 120921K, committed 121468K, reserved 1155072K
  class space    used 15094K, capacity 16380K, committed 16632K, reserved 1048576K
}
Event: 38.043 GC heap before
{Heap before GC invocations=43 (full 0):
 garbage-first heap   total 227328K, used 191302K [0x0000000080000000, 0x0000000100000000)
  region size 1024K, 32 young (32768K), 4 survivors (4096K)
 Metaspace       used 117605K, capacity 120989K, committed 121724K, reserved 1155072K
  class space    used 15094K, capacity 16380K, committed 16632K, reserved 1048576K
}
Event: 38.059 GC heap after
{Heap after GC invocations=44 (full 0):
 garbage-first heap   total 227328K, used 165534K [0x0000000080000000, 0x0000000100000000)
  region size 1024K, 3 young (3072K), 3 survivors (3072K)
 Metaspace       used 117605K, capacity 120989K, committed 121724K, reserved 1155072K
  class space    used 15094K, capacity 16380K, committed 16632K, reserved 1048576K
}
Event: 38.090 GC heap before
{Heap before GC invocations=44 (full 0):
 garbage-first heap   total 227328K, used 173726K [0x0000000080000000, 0x0000000100000000)
  region size 1024K, 11 young (11264K), 3 survivors (3072K)
 Metaspace       used 117623K, capacity 120989K, committed 121724K, reserved 1155072K
  class space    used 15094K, capacity 16380K, committed 16632K, reserved 1048576K
}
Event: 38.109 GC heap after
{Heap after GC invocations=45 (full 0):
 garbage-first heap   total 273408K, used 162479K [0x0000000080000000, 0x0000000100000000)
  region size 1024K, 1 young (1024K), 1 survivors (1024K)
 Metaspace       used 117623K, capacity 120989K, committed 121724K, reserved 1155072K
  class space    used 15094K, capacity 16380K, committed 16632K, reserved 1048576K
}
Event: 38.498 GC heap before
{Heap before GC invocations=45 (full 0):
 garbage-first heap   total 273408K, used 219823K [0x0000000080000000, 0x0000000100000000)
  region size 1024K, 57 young (58368K), 1 survivors (1024K)
 Metaspace       used 117681K, capacity 121153K, committed 121724K, reserved 1155072K
  class space    used 15100K, capacity 16412K, committed 16632K, reserved 1048576K
}
Event: 38.509 GC heap after
{Heap after GC invocations=46 (full 0):
 garbage-first heap   total 273408K, used 164659K [0x0000000080000000, 0x0000000100000000)
  region size 1024K, 4 young (4096K), 4 survivors (4096K)
 Metaspace       used 117681K, capacity 121153K, committed 121724K, reserved 1155072K
  class space    used 15100K, capacity 16412K, committed 16632K, reserved 1048576K
}
Event: 39.257 GC heap before
{Heap before GC invocations=47 (full 0):
 garbage-first heap   total 273408K, used 222003K [0x0000000080000000, 0x0000000100000000)
  region size 1024K, 60 young (61440K), 4 survivors (4096K)
 Metaspace       used 117757K, capacity 121227K, committed 121724K, reserved 1155072K
  class space    used 15101K, capacity 16414K, committed 16632K, reserved 1048576K
}
Event: 39.265 GC heap after
{Heap after GC invocations=48 (full 0):
 garbage-first heap   total 273408K, used 165154K [0x0000000080000000, 0x0000000100000000)
  region size 1024K, 4 young (4096K), 4 survivors (4096K)
 Metaspace       used 117757K, capacity 121227K, committed 121724K, reserved 1155072K
  class space    used 15101K, capacity 16414K, committed 16632K, reserved 1048576K
}
Event: 39.530 GC heap before
{Heap before GC invocations=48 (full 0):
 garbage-first heap   total 273408K, used 225570K [0x0000000080000000, 0x0000000100000000)
  region size 1024K, 63 young (64512K), 4 survivors (4096K)
 Metaspace       used 117807K, capacity 121233K, committed 121724K, reserved 1155072K
  class space    used 15104K, capacity 16414K, committed 16632K, reserved 1048576K
}
Event: 39.537 GC heap after
{Heap after GC invocations=49 (full 0):
 garbage-first heap   total 273408K, used 165551K [0x0000000080000000, 0x0000000100000000)
  region size 1024K, 4 young (4096K), 4 survivors (4096K)
 Metaspace       used 117807K, capacity 121233K, committed 121724K, reserved 1155072K
  class space    used 15104K, capacity 16414K, committed 16632K, reserved 1048576K
}
Event: 40.251 GC heap before
{Heap before GC invocations=49 (full 0):
 garbage-first heap   total 273408K, used 228015K [0x0000000080000000, 0x0000000100000000)
  region size 1024K, 65 young (66560K), 4 survivors (4096K)
 Metaspace       used 117848K, capacity 121303K, committed 121980K, reserved 1155072K
  class space    used 15104K, capacity 16415K, committed 16632K, reserved 1048576K
}
Event: 40.269 GC heap after
{Heap after GC invocations=50 (full 0):
 garbage-first heap   total 328704K, used 165720K [0x0000000080000000, 0x0000000100000000)
  region size 1024K, 5 young (5120K), 5 survivors (5120K)
 Metaspace       used 117848K, capacity 121303K, committed 121980K, reserved 1155072K
  class space    used 15104K, capacity 16415K, committed 16632K, reserved 1048576K
}
Event: 40.703 GC heap before
{Heap before GC invocations=51 (full 0):
 garbage-first heap   total 328704K, used 256856K [0x0000000080000000, 0x0000000100000000)
  region size 1024K, 94 young (96256K), 5 survivors (5120K)
 Metaspace       used 117875K, capacity 121304K, committed 121980K, reserved 1155072K
  class space    used 15104K, capacity 16415K, committed 16632K, reserved 1048576K
}
Event: 40.715 GC heap after
{Heap after GC invocations=52 (full 0):
 garbage-first heap   total 328704K, used 166321K [0x0000000080000000, 0x0000000100000000)
  region size 1024K, 5 young (5120K), 5 survivors (5120K)
 Metaspace       used 117875K, capacity 121304K, committed 121980K, reserved 1155072K
  class space    used 15104K, capacity 16415K, committed 16632K, reserved 1048576K
}
Event: 41.153 GC heap before
{Heap before GC invocations=52 (full 0):
 garbage-first heap   total 328704K, used 272817K [0x0000000080000000, 0x0000000100000000)
  region size 1024K, 109 young (111616K), 5 survivors (5120K)
 Metaspace       used 117983K, capacity 121378K, committed 121980K, reserved 1155072K
  class space    used 15119K, capacity 16418K, committed 16632K, reserved 1048576K
}
Event: 41.163 GC heap after
{Heap after GC invocations=53 (full 0):
 garbage-first heap   total 328704K, used 166575K [0x0000000080000000, 0x0000000100000000)
  region size 1024K, 5 young (5120K), 5 survivors (5120K)
 Metaspace       used 117983K, capacity 121378K, committed 121980K, reserved 1155072K
  class space    used 15119K, capacity 16418K, committed 16632K, reserved 1048576K
}
Event: 42.155 GC heap before
{Heap before GC invocations=54 (full 0):
 garbage-first heap   total 328704K, used 275119K [0x0000000080000000, 0x0000000100000000)
  region size 1024K, 111 young (113664K), 5 survivors (5120K)
 Metaspace       used 118021K, capacity 121448K, committed 121980K, reserved 1155072K
  class space    used 15120K, capacity 16419K, committed 16632K, reserved 1048576K
}
Event: 42.173 GC heap after
{Heap after GC invocations=55 (full 0):
 garbage-first heap   total 328704K, used 167599K [0x0000000080000000, 0x0000000100000000)
  region size 1024K, 6 young (6144K), 6 survivors (6144K)
 Metaspace       used 118021K, capacity 121448K, committed 121980K, reserved 1155072K
  class space    used 15120K, capacity 16419K, committed 16632K, reserved 1048576K
}
Event: 42.637 GC heap before
{Heap before GC invocations=55 (full 0):
 garbage-first heap   total 328704K, used 276143K [0x0000000080000000, 0x0000000100000000)
  region size 1024K, 112 young (114688K), 6 survivors (6144K)
 Metaspace       used 118053K, capacity 121448K, committed 121980K, reserved 1155072K
  class space    used 15120K, capacity 16419K, committed 16632K, reserved 1048576K
}

Deoptimization events (20 events):
Event: 41.951 Thread 0x000001fb47eec800 DEOPT PACKING pc=0x000001fb350bc784 sp=0x000000944b1f8f80
Event: 41.951 Thread 0x000001fb47eec800 DEOPT UNPACKING pc=0x000001fb2cd5a1af sp=0x000000944b1f8f10 mode 2
Event: 41.964 Thread 0x000001fb47eec800 Uncommon trap: trap_request=0xffffff4d fr.pc=0x000001fb3519d0e0 relative=0x0000000000000920
Event: 41.965 Thread 0x000001fb47eec800 Uncommon trap: reason=unstable_if action=reinterpret pc=0x000001fb3519d0e0 method=com.android.tools.r8.internal.Gu.contains(Ljava/lang/Object;)Z @ 71 c2
Event: 41.965 Thread 0x000001fb47eec800 DEOPT PACKING pc=0x000001fb3519d0e0 sp=0x000000944b1f90c0
Event: 41.965 Thread 0x000001fb47eec800 DEOPT UNPACKING pc=0x000001fb2cd5a1af sp=0x000000944b1f8f88 mode 2
Event: 41.965 Thread 0x000001fb47eec800 Uncommon trap: trap_request=0xffffffde fr.pc=0x000001fb35105714 relative=0x0000000000005774
Event: 41.965 Thread 0x000001fb47eec800 Uncommon trap: reason=class_check action=maybe_recompile pc=0x000001fb35105714 method=com.android.tools.r8.internal.h9.a(Lcom/android/tools/r8/internal/No;IZ)V @ 622 c2
Event: 41.965 Thread 0x000001fb47eec800 DEOPT PACKING pc=0x000001fb35105714 sp=0x000000944b1f9130
Event: 41.965 Thread 0x000001fb47eec800 DEOPT UNPACKING pc=0x000001fb2cd5a1af sp=0x000000944b1f9150 mode 2
Event: 42.269 Thread 0x000001fb4983e800 DEOPT PACKING pc=0x000001fb2f674695 sp=0x000000944c7f9090
Event: 42.269 Thread 0x000001fb4983e800 DEOPT UNPACKING pc=0x000001fb2cd5a95e sp=0x000000944c7f8530 mode 0
Event: 42.349 Thread 0x000001fb4983e800 DEOPT PACKING pc=0x000001fb2f6074e9 sp=0x000000944c7f8e90
Event: 42.349 Thread 0x000001fb4983e800 DEOPT UNPACKING pc=0x000001fb2cd5a95e sp=0x000000944c7f83f8 mode 0
Event: 42.461 Thread 0x000001fb47eec800 DEOPT PACKING pc=0x000001fb2f9af062 sp=0x000000944b1f9820
Event: 42.461 Thread 0x000001fb47eec800 DEOPT UNPACKING pc=0x000001fb2cd5a95e sp=0x000000944b1f8d28 mode 0
Event: 42.520 Thread 0x000001fb47eec800 Uncommon trap: trap_request=0xffffffde fr.pc=0x000001fb35105714 relative=0x0000000000005774
Event: 42.520 Thread 0x000001fb47eec800 Uncommon trap: reason=class_check action=maybe_recompile pc=0x000001fb35105714 method=com.android.tools.r8.internal.h9.a(Lcom/android/tools/r8/internal/No;IZ)V @ 622 c2
Event: 42.520 Thread 0x000001fb47eec800 DEOPT PACKING pc=0x000001fb35105714 sp=0x000000944b1f9130
Event: 42.521 Thread 0x000001fb47eec800 DEOPT UNPACKING pc=0x000001fb2cd5a1af sp=0x000000944b1f9150 mode 2

Classes redefined (0 events):
No events

Internal exceptions (20 events):
Event: 32.379 Thread 0x000001fb47eec800 Exception <a 'java/lang/NoSuchMethodError'{0x000000008dc6cf20}: 'java.lang.Object java.lang.invoke.DirectMethodHandle$Holder.invokeInterface(java.lang.Object, java.lang.Object, int)'> (0x000000008dc6cf20) thrown at [src/hotspot/share/interpreter/linkResolver.cpp, line 773]
Event: 32.657 Thread 0x000001fb47ef4000 Exception <a 'java/lang/NoSuchMethodError'{0x000000008d5f0460}: 'java.lang.Object java.lang.invoke.Invokers$Holder.linkToTargetMethod(java.lang.Object, int, java.lang.Object, java.lang.Object, java.lang.Object, java.lang.Object)'> (0x000000008d5f0460) thrown at [src/hotspot/share/interpreter/linkResolver.cpp, line 773]
Event: 32.679 Thread 0x000001fb47ef4000 Exception <a 'java/lang/NoSuchMethodError'{0x000000008d40db50}: 'void java.lang.invoke.DirectMethodHandle$Holder.invokeStatic(java.lang.Object, java.lang.Object, java.lang.Object, java.lang.Object, java.lang.Object, java.lang.Object, java.lang.Object, java.lang.Object)'> (0x000000008d40db50) thrown at [src/hotspot/share/interpreter/linkResolver.cpp, line 773]
Event: 33.045 Thread 0x000001fb47ef4000 Exception <a 'java/lang/IncompatibleClassChangeError'{0x000000008ca11810}: Found class java.lang.Object, but interface was expected> (0x000000008ca11810) thrown at [src/hotspot/share/interpreter/linkResolver.cpp, line 839]
Event: 33.214 Thread 0x000001fb47ef4000 Exception <a 'java/lang/NoSuchMethodError'{0x000000008c4d21d0}: 'void java.lang.invoke.DirectMethodHandle$Holder.invokeSpecial(java.lang.Object, java.lang.Object, int)'> (0x000000008c4d21d0) thrown at [src/hotspot/share/interpreter/linkResolver.cpp, line 773]
Event: 33.238 Thread 0x000001fb47ef4000 Exception <a 'sun/nio/fs/WindowsException'{0x000000008c214fd8}> (0x000000008c214fd8) thrown at [src/hotspot/share/prims/jni.cpp, line 617]
Event: 33.634 Thread 0x000001fb47eec800 Exception <a 'sun/nio/fs/WindowsException'{0x000000008b5d53e8}> (0x000000008b5d53e8) thrown at [src/hotspot/share/prims/jni.cpp, line 617]
Event: 33.718 Thread 0x000001fb47ef4000 Exception <a 'sun/nio/fs/WindowsException'{0x000000008b04ee20}> (0x000000008b04ee20) thrown at [src/hotspot/share/prims/jni.cpp, line 617]
Event: 34.499 Thread 0x000001fb47eec800 Exception <a 'sun/nio/fs/WindowsException'{0x000000008ab9afe8}> (0x000000008ab9afe8) thrown at [src/hotspot/share/prims/jni.cpp, line 617]
Event: 34.688 Thread 0x000001fb497fc800 Exception <a 'java/lang/NoSuchMethodError'{0x000000008db9fb58}: 'int java.lang.invoke.DirectMethodHandle$Holder.invokeStatic(java.lang.Object, java.lang.Object, int, java.lang.Object)'> (0x000000008db9fb58) thrown at [src/hotspot/share/interpreter/linkResolver.cpp, line 773]
Event: 35.518 Thread 0x000001fb47ef4000 Exception <a 'sun/nio/fs/WindowsException'{0x000000008aae6588}> (0x000000008aae6588) thrown at [src/hotspot/share/prims/jni.cpp, line 617]
Event: 35.613 Thread 0x000001fb44b8f000 Exception <a 'java/lang/NoSuchMethodError'{0x000000008dc5d320}: <clinit>> (0x000000008dc5d320) thrown at [src/hotspot/share/prims/jni.cpp, line 1367]
Event: 35.894 Thread 0x000001fb497fc800 Exception <a 'sun/nio/fs/WindowsException'{0x000000008c9dbc18}> (0x000000008c9dbc18) thrown at [src/hotspot/share/prims/jni.cpp, line 617]
Event: 36.107 Thread 0x000001fb4983e800 Exception <a 'sun/nio/fs/WindowsException'{0x000000008a8ff890}> (0x000000008a8ff890) thrown at [src/hotspot/share/prims/jni.cpp, line 617]
Event: 36.867 Thread 0x000001fb49805800 Exception <a 'java/lang/NoSuchMethodError'{0x000000008b698860}: 'java.lang.Object java.lang.invoke.DirectMethodHandle$Holder.invokeStatic(java.lang.Object, java.lang.Object, int, java.lang.Object, long)'> (0x000000008b698860) thrown at [src/hotspot/share/interpreter/linkResolver.cpp, line 773]
Event: 36.979 Thread 0x000001fb47eec800 Exception <a 'java/lang/NoSuchMethodError'{0x000000008ddedce8}: 'java.lang.Object java.lang.invoke.DirectMethodHandle$Holder.invokeSpecial(java.lang.Object, java.lang.Object, java.lang.Object, java.lang.Object, java.lang.Object, java.lang.Object, java.lang.Object, java.lang.Object, java.lang.Object, java.lang.Object, java.lang.Object)'> (0x000000008ddedce8) thrown at [src/hotspot/share/interpreter/linkResolver.cpp, line 773]
Event: 36.980 Thread 0x000001fb47eec800 Exception <a 'java/lang/NoSuchMethodError'{0x000000008ddf9580}: 'java.lang.Object java.lang.invoke.Invokers$Holder.linkToTargetMethod(java.lang.Object, java.lang.Object, java.lang.Object, java.lang.Object, java.lang.Object, java.lang.Object, java.lang.Object, java.lang.Object, java.lang.Object, java.lang.Object)'> (0x000000008ddf9580) thrown at [src/hotspot/share/interpreter/linkResolver.cpp, line 773]
Event: 36.996 Thread 0x000001fb47eec800 Exception <a 'java/lang/IncompatibleClassChangeError'{0x000000008da82c00}: Found class java.lang.Object, but interface was expected> (0x000000008da82c00) thrown at [src/hotspot/share/interpreter/linkResolver.cpp, line 839]
Event: 39.594 Thread 0x000001fb4983e800 Implicit null exception at 0x000001fb351a0070 to 0x000001fb351a0390
Event: 40.782 Thread 0x000001fb4983e800 Exception <a 'java/lang/NoSuchMethodError'{0x00000000933c6228}: 'int java.lang.invoke.DirectMethodHandle$Holder.invokeInterface(java.lang.Object, java.lang.Object, int)'> (0x00000000933c6228) thrown at [src/hotspot/share/interpreter/linkResolver.cpp, line 773]

Events (20 events):
Event: 41.111 loading class com/android/tools/r8/internal/Fs done
Event: 41.112 loading class com/android/tools/r8/internal/Bs
Event: 41.112 loading class com/android/tools/r8/internal/Bs done
Event: 41.112 loading class com/android/tools/r8/internal/Gs
Event: 41.112 loading class com/android/tools/r8/internal/Gs done
Event: 41.113 loading class com/android/tools/r8/internal/Es
Event: 41.113 loading class com/android/tools/r8/internal/Es done
Event: 41.114 loading class com/android/tools/r8/internal/xs
Event: 41.114 loading class com/android/tools/r8/internal/xs done
Event: 41.153 Executing VM operation: G1CollectForAllocation
Event: 41.163 Executing VM operation: G1CollectForAllocation done
Event: 41.628 Executing VM operation: CGC_Operation
Event: 41.651 Executing VM operation: CGC_Operation done
Event: 41.926 Executing VM operation: CGC_Operation
Event: 41.927 Executing VM operation: CGC_Operation done
Event: 42.155 Executing VM operation: G1CollectForAllocation
Event: 42.173 Executing VM operation: G1CollectForAllocation done
Event: 42.225 loading class com/android/tools/r8/internal/Sx
Event: 42.225 loading class com/android/tools/r8/internal/Sx done
Event: 42.637 Executing VM operation: G1CollectForAllocation


Dynamic libraries:
0x00007ff7ae9e0000 - 0x00007ff7ae9ea000 	C:\Program Files\Android\Android Studio\jbr\bin\java.exe
0x00007ffb1aca0000 - 0x00007ffb1aea9000 	C:\WINDOWS\SYSTEM32\ntdll.dll
0x00007ffb19f40000 - 0x00007ffb19ffe000 	C:\WINDOWS\System32\KERNEL32.DLL
0x00007ffb18590000 - 0x00007ffb18914000 	C:\WINDOWS\System32\KERNELBASE.dll
0x00007ffb18260000 - 0x00007ffb18371000 	C:\WINDOWS\System32\ucrtbase.dll
0x00007ffb07940000 - 0x00007ffb07957000 	C:\Program Files\Android\Android Studio\jbr\bin\jli.dll
0x00007ffb078a0000 - 0x00007ffb078bb000 	C:\Program Files\Android\Android Studio\jbr\bin\VCRUNTIME140.dll
0x00007ffb18b10000 - 0x00007ffb18cbd000 	C:\WINDOWS\System32\USER32.dll
0x00007ffb183f0000 - 0x00007ffb18416000 	C:\WINDOWS\System32\win32u.dll
0x00007ffaff110000 - 0x00007ffaff3b5000 	C:\WINDOWS\WinSxS\amd64_microsoft.windows.common-controls_6595b64144ccf1df_6.0.22000.120_none_9d947278b86cc467\COMCTL32.dll
0x00007ffb1aad0000 - 0x00007ffb1ab73000 	C:\WINDOWS\System32\msvcrt.dll
0x00007ffb19850000 - 0x00007ffb1987a000 	C:\WINDOWS\System32\GDI32.dll
0x00007ffb18920000 - 0x00007ffb18a3f000 	C:\WINDOWS\System32\gdi32full.dll
0x00007ffb181c0000 - 0x00007ffb1825d000 	C:\WINDOWS\System32\msvcp_win.dll
0x00007ffb1ac20000 - 0x00007ffb1ac51000 	C:\WINDOWS\System32\IMM32.DLL
0x00007ffb0a550000 - 0x00007ffb0a55c000 	C:\Program Files\Android\Android Studio\jbr\bin\vcruntime140_1.dll
0x00007ffaefcb0000 - 0x00007ffaefd3d000 	C:\Program Files\Android\Android Studio\jbr\bin\msvcp140.dll
0x00007ffa90e40000 - 0x00007ffa919fc000 	C:\Program Files\Android\Android Studio\jbr\bin\server\jvm.dll
0x00007ffb19680000 - 0x00007ffb1972f000 	C:\WINDOWS\System32\ADVAPI32.dll
0x00007ffb19790000 - 0x00007ffb1982e000 	C:\WINDOWS\System32\sechost.dll
0x00007ffb19920000 - 0x00007ffb19a41000 	C:\WINDOWS\System32\RPCRT4.dll
0x00007ffb19910000 - 0x00007ffb19918000 	C:\WINDOWS\System32\PSAPI.DLL
0x00007ffb13c50000 - 0x00007ffb13c59000 	C:\WINDOWS\SYSTEM32\WSOCK32.dll
0x00007ffb135e0000 - 0x00007ffb13613000 	C:\WINDOWS\SYSTEM32\WINMM.dll
0x00007ffb194f0000 - 0x00007ffb1955f000 	C:\WINDOWS\System32\WS2_32.dll
0x00007ffb12ce0000 - 0x00007ffb12cea000 	C:\WINDOWS\SYSTEM32\VERSION.dll
0x00007ffb172a0000 - 0x00007ffb172b8000 	C:\WINDOWS\SYSTEM32\kernel.appcore.dll
0x00007ffb13620000 - 0x00007ffb13630000 	C:\Program Files\Android\Android Studio\jbr\bin\verify.dll
0x00007ffb15d10000 - 0x00007ffb15f31000 	C:\WINDOWS\SYSTEM32\DBGHELP.DLL
0x00007ffb00460000 - 0x00007ffb00491000 	C:\WINDOWS\SYSTEM32\dbgcore.DLL
0x00007ffb18140000 - 0x00007ffb181bf000 	C:\WINDOWS\System32\bcryptPrimitives.dll
0x00007ffb07970000 - 0x00007ffb07998000 	C:\Program Files\Android\Android Studio\jbr\bin\java.dll
0x00007ffb07aa0000 - 0x00007ffb07aaa000 	C:\Program Files\Android\Android Studio\jbr\bin\jimage.dll
0x00007ffb072c0000 - 0x00007ffb072d8000 	C:\Program Files\Android\Android Studio\jbr\bin\zip.dll
0x00007ffb1a300000 - 0x00007ffb1aac5000 	C:\WINDOWS\System32\SHELL32.dll
0x00007ffb16220000 - 0x00007ffb16a84000 	C:\WINDOWS\SYSTEM32\windows.storage.dll
0x00007ffb18cc0000 - 0x00007ffb19036000 	C:\WINDOWS\System32\combase.dll
0x00007ffb160b0000 - 0x00007ffb16217000 	C:\WINDOWS\SYSTEM32\wintypes.dll
0x00007ffb1a210000 - 0x00007ffb1a2fa000 	C:\WINDOWS\System32\SHCORE.dll
0x00007ffb19730000 - 0x00007ffb1978d000 	C:\WINDOWS\System32\shlwapi.dll
0x00007ffb18070000 - 0x00007ffb18091000 	C:\WINDOWS\SYSTEM32\profapi.dll
0x00007ffb014d0000 - 0x00007ffb014e9000 	C:\Program Files\Android\Android Studio\jbr\bin\net.dll
0x00007ffb12570000 - 0x00007ffb12683000 	C:\WINDOWS\SYSTEM32\WINHTTP.dll
0x00007ffb17750000 - 0x00007ffb177b7000 	C:\WINDOWS\system32\mswsock.dll
0x00007ffaefe60000 - 0x00007ffaefe73000 	C:\Program Files\Android\Android Studio\jbr\bin\nio.dll
0x00007ffb078c0000 - 0x00007ffb078e7000 	C:\Users\user\.gradle\native\e1d6ef7f7dcc3fd88c89a11ec53ec762bb8ba0a96d01ffa2cd45eb1d1d8dd5c5\windows-amd64\native-platform.dll
0x00007ffade370000 - 0x00007ffade4b4000 	C:\Users\user\.gradle\native\0d407fdbe67a94daf76414ababcb853783967236a71b16ec16e742cd7a986fd3\windows-amd64\native-platform-file-events.dll
0x00007ffb079f0000 - 0x00007ffb079fa000 	C:\Program Files\Android\Android Studio\jbr\bin\management.dll
0x00007ffb07960000 - 0x00007ffb0796b000 	C:\Program Files\Android\Android Studio\jbr\bin\management_ext.dll
0x00007ffb179b0000 - 0x00007ffb179c8000 	C:\WINDOWS\SYSTEM32\CRYPTSP.dll
0x00007ffb17200000 - 0x00007ffb17235000 	C:\WINDOWS\system32\rsaenh.dll
0x00007ffb17850000 - 0x00007ffb17879000 	C:\WINDOWS\SYSTEM32\USERENV.dll
0x00007ffb17b20000 - 0x00007ffb17b47000 	C:\WINDOWS\SYSTEM32\bcrypt.dll
0x00007ffb179a0000 - 0x00007ffb179ac000 	C:\WINDOWS\SYSTEM32\CRYPTBASE.dll
0x00007ffb16dc0000 - 0x00007ffb16ded000 	C:\WINDOWS\SYSTEM32\IPHLPAPI.DLL
0x00007ffb18b00000 - 0x00007ffb18b09000 	C:\WINDOWS\System32\NSI.dll
0x00007ffb12880000 - 0x00007ffb12899000 	C:\WINDOWS\SYSTEM32\dhcpcsvc6.DLL
0x00007ffb12b20000 - 0x00007ffb12b3e000 	C:\WINDOWS\SYSTEM32\dhcpcsvc.DLL
0x00007ffb16df0000 - 0x00007ffb16ed7000 	C:\WINDOWS\SYSTEM32\DNSAPI.dll
0x00007ffb13ce0000 - 0x00007ffb13cf7000 	C:\WINDOWS\system32\napinsp.dll
0x00007ffb14510000 - 0x00007ffb1452b000 	C:\WINDOWS\system32\pnrpnsp.dll
0x00007ffb13d00000 - 0x00007ffb13d12000 	C:\WINDOWS\System32\winrnr.dll
0x00007ffaed1e0000 - 0x00007ffaed1f5000 	C:\WINDOWS\system32\wshbth.dll
0x00007ffac4a70000 - 0x00007ffac4a8f000 	C:\WINDOWS\system32\nlansp_c.dll
0x00007ffb0f800000 - 0x00007ffb0f80a000 	C:\Windows\System32\rasadhlp.dll
0x00007ffb111b0000 - 0x00007ffb11232000 	C:\WINDOWS\System32\fwpuclnt.dll
0x00007ffb145a0000 - 0x00007ffb145a7000 	C:\Program Files\Android\Android Studio\jbr\bin\rmi.dll

dbghelp: loaded successfully - version: 4.0.5 - missing functions: none
symbol engine: initialized successfully - sym options: 0x614 - pdb path: .;C:\Program Files\Android\Android Studio\jbr\bin;C:\WINDOWS\SYSTEM32;C:\WINDOWS\WinSxS\amd64_microsoft.windows.common-controls_6595b64144ccf1df_6.0.22000.120_none_9d947278b86cc467;C:\Program Files\Android\Android Studio\jbr\bin\server;C:\Users\user\.gradle\native\e1d6ef7f7dcc3fd88c89a11ec53ec762bb8ba0a96d01ffa2cd45eb1d1d8dd5c5\windows-amd64;C:\Users\user\.gradle\native\0d407fdbe67a94daf76414ababcb853783967236a71b16ec16e742cd7a986fd3\windows-amd64

VM Arguments:
jvm_args: --add-opens=java.base/java.util=ALL-UNNAMED --add-opens=java.base/java.lang=ALL-UNNAMED --add-opens=java.base/java.lang.invoke=ALL-UNNAMED --add-opens=java.base/java.util=ALL-UNNAMED --add-opens=java.prefs/java.util.prefs=ALL-UNNAMED --add-opens=java.prefs/java.util.prefs=ALL-UNNAMED --add-opens=java.base/java.nio.charset=ALL-UNNAMED --add-opens=java.base/java.net=ALL-UNNAMED --add-opens=java.base/java.util.concurrent.atomic=ALL-UNNAMED -Xmx2048m -Dfile.encoding=UTF-8 -Duser.country=US -Duser.language=en -Duser.variant 
java_command: org.gradle.launcher.daemon.bootstrap.GradleDaemon 7.5
java_class_path (initial): C:\Users\user\.gradle\wrapper\dists\gradle-7.5-bin\f1w0cc9nuo0eivz97x2xlu9sv\gradle-7.5\lib\gradle-launcher-7.5.jar
Launcher Type: SUN_STANDARD

[Global flags]
     intx CICompilerCount                          = 3                                         {product} {ergonomic}
     uint ConcGCThreads                            = 1                                         {product} {ergonomic}
     uint G1ConcRefinementThreads                  = 4                                         {product} {ergonomic}
   size_t G1HeapRegionSize                         = 1048576                                   {product} {ergonomic}
    uintx GCDrainStackTargetSize                   = 64                                        {product} {ergonomic}
   size_t InitialHeapSize                          = 134217728                                 {product} {ergonomic}
   size_t MarkStackSize                            = 4194304                                   {product} {ergonomic}
   size_t MaxHeapSize                              = 2147483648                                {product} {command line}
   size_t MaxNewSize                               = 1287651328                                {product} {ergonomic}
   size_t MinHeapDeltaBytes                        = 1048576                                   {product} {ergonomic}
    uintx NonNMethodCodeHeapSize                   = 5830732                                {pd product} {ergonomic}
    uintx NonProfiledCodeHeapSize                  = 122913754                              {pd product} {ergonomic}
    uintx ProfiledCodeHeapSize                     = 122913754                              {pd product} {ergonomic}
    uintx ReservedCodeCacheSize                    = 251658240                              {pd product} {ergonomic}
     bool SegmentedCodeCache                       = true                                      {product} {ergonomic}
     bool UseCompressedClassPointers               = true                                 {lp64_product} {ergonomic}
     bool UseCompressedOops                        = true                                 {lp64_product} {ergonomic}
     bool UseG1GC                                  = true                                      {product} {ergonomic}
     bool UseLargePagesIndividualAllocation        = false                                  {pd product} {ergonomic}

Logging:
Log output configuration:
 #0: stdout all=warning uptime,level,tags
 #1: stderr all=off uptime,level,tags

Environment Variables:
JAVA_HOME=C:\Program Files\Java\jdk-19.0.2
PATH=C:\Program Files\Zulu\zulu-8\bin\;C:\Program Files (x86)\Common Files\Oracle\Java\javapath;C:\WINDOWS\system32;C:\WINDOWS;C:\WINDOWS\System32\Wbem;C:\WINDOWS\System32\WindowsPowerShell\v1.0\;C:\WINDOWS\System32\OpenSSH\;C:\Program Files\Java\jdk-19.0.2\bin;C:\Program Files\Java\gradle-6.6\bin;C:\Program Files\Java\jdk-19.0.2;C:\Program Files\Git\cmd;C:\Users\user\AppData\Local\activestate\cache\bin;C:\Users\user\AppData\Local\ActiveState\StateTool\release;C:\Users\user\AppData\Local\Programs\Python\Python39\Scripts\;C:\Users\user\AppData\Local\Programs\Python\Python39\;C:\Users\user\AppData\Local\Microsoft\WindowsApps;;C:\Users\user\AppData\Local\Programs\Microsoft VS Code\bin
USERNAME=user
OS=Windows_NT
PROCESSOR_IDENTIFIER=Intel64 Family 6 Model 142 Stepping 9, GenuineIntel



---------------  S Y S T E M  ---------------

OS: Windows 11 , 64 bit Build 22000 (10.0.22000.2003)
OS uptime: 1 days 13:58 hours

CPU:total 4 (initial active 4) (2 cores per cpu, 2 threads per core) family 6 model 142 stepping 9 microcode 0xde, cmov, cx8, fxsr, mmx, sse, sse2, sse3, ssse3, sse4.1, sse4.2, popcnt, avx, avx2, aes, clmul, erms, 3dnowpref, lzcnt, ht, tsc, tscinvbit, bmi1, bmi2, adx, fma

Memory: 4k page, system-wide physical 8111M (987M free)
TotalPageFile size 9976M (AvailPageFile size 31M)
current process WorkingSet (physical memory assigned to process): 725M, peak: 728M
current process commit charge ("private bytes"): 783M, peak: 845M

vm_info: OpenJDK 64-Bit Server VM (11.0.15+0-b2043.56-9505619) for windows-amd64 JRE (11.0.15+0-b2043.56-9505619), built on Jan 19 2023 02:48:00 by "builduser" with unknown MS VC++:1929

END.
