#
# There is insufficient memory for the Java Runtime Environment to continue.
# Native memory allocation (mmap) failed to map 56623104 bytes for Failed to commit area from 0x0000000090b00000 to 0x0000000094100000 of length 56623104.
# Possible reasons:
#   The system is out of physical RAM or swap space
#   The process is running with CompressedOops enabled, and the Java Heap may be blocking the growth of the native heap
# Possible solutions:
#   Reduce memory load on the system
#   Increase physical memory or swap space
#   Check if swap backing store is full
#   Decrease Java heap size (-Xmx/-Xms)
#   Decrease number of Java threads
#   Decrease Java thread stack sizes (-Xss)
#   Set larger code cache with -XX:ReservedCodeCacheSize=
#   JVM is running with Unscaled Compressed Oops mode in which the Java heap is
#     placed in the first 4GB address space. The Java Heap base address is the
#     maximum limit for the native heap growth. Please use -XX:HeapBaseMinAddress
#     to set the Java Heap base and to place the Java Heap above 4GB virtual address.
# This output file may be truncated or incomplete.
#
#  Out of Memory Error (src/hotspot/os/windows/os_windows.cpp:3627), pid=15032, tid=1700
#
# JRE version: OpenJDK Runtime Environment (11.0.15) (build 11.0.15+0-b2043.56-9505619)
# Java VM: OpenJDK 64-Bit Server VM (11.0.15+0-b2043.56-9505619, mixed mode, tiered, compressed oops, g1 gc, windows-amd64)
# No core dump will be written. Minidumps are not enabled by default on client versions of Windows
#

---------------  S U M M A R Y ------------

Command Line: --add-opens=java.base/java.util=ALL-UNNAMED --add-opens=java.base/java.lang=ALL-UNNAMED --add-opens=java.base/java.lang.invoke=ALL-UNNAMED --add-opens=java.base/java.util=ALL-UNNAMED --add-opens=java.prefs/java.util.prefs=ALL-UNNAMED --add-opens=java.prefs/java.util.prefs=ALL-UNNAMED --add-opens=java.base/java.nio.charset=ALL-UNNAMED --add-opens=java.base/java.net=ALL-UNNAMED --add-opens=java.base/java.util.concurrent.atomic=ALL-UNNAMED -Xmx2048m -Dfile.encoding=UTF-8 -Duser.country=US -Duser.language=en -Duser.variant org.gradle.launcher.daemon.bootstrap.GradleDaemon 7.5

Host: Intel(R) Core(TM) i5-7200U CPU @ 2.50GHz, 4 cores, 7G,  Windows 11 , 64 bit Build 22000 (10.0.22000.2003)
Time: Tue Jun 27 22:34:53 2023 SE Asia Standard Time elapsed time: 33.043083 seconds (0d 0h 0m 33s)

---------------  T H R E A D  ---------------

Current thread (0x000001e2fb8d7800):  VMThread "VM Thread" [stack: 0x0000001274700000,0x0000001274800000] [id=1700]

Stack: [0x0000001274700000,0x0000001274800000]
[error occurred during error reporting (printing stack bounds), id 0xc0000005, EXCEPTION_ACCESS_VIOLATION (0xc0000005) at pc=0x000001e28000112d]

Native frames: (J=compiled Java code, j=interpreted, Vv=VM code, C=native code)
V  [jvm.dll+0x64135a]
V  [jvm.dll+0x7d39f9]
V  [jvm.dll+0x7d51b9]
V  [jvm.dll+0x7d5805]
V  [jvm.dll+0x7d57bb]
V  [jvm.dll+0x640655]
V  [jvm.dll+0x640d68]
C  [ntdll.dll+0xa8bef]
C  [ntdll.dll+0x35bea]
C  [ntdll.dll+0xa7bde]
C  0x000001e28000112d

VM_Operation (0x00000012780f8cb0): G1CollectForAllocation, mode: safepoint, requested by thread 0x000001e28f9b6000


---------------  P R O C E S S  ---------------

Threads class SMR info:
_java_thread_list=0x000001e296acbd30, length=94, elements={
0x000001e2eed54800, 0x000001e2fb8db000, 0x000001e2fb8e8800, 0x000001e2fc262800,
0x000001e2fb8f7800, 0x000001e2fb8fa000, 0x000001e2fb900800, 0x000001e2fb901800,
0x000001e2fb90b000, 0x000001e2fc3a3000, 0x000001e2fe3fd000, 0x000001e2fc61e800,
0x000001e2fe4f1000, 0x000001e2fe193800, 0x000001e2fe7e3800, 0x000001e2fe7f8800,
0x000001e2fe84c800, 0x000001e2fe84d800, 0x000001e2fdd2b800, 0x000001e2fea70000,
0x000001e2fec26800, 0x000001e2fec22800, 0x000001e2fec25000, 0x000001e2fec21000,
0x000001e2fec27800, 0x000001e2fec21800, 0x000001e2fec23000, 0x000001e2fec24000,
0x000001e2fec25800, 0x000001e2feb0a000, 0x000001e2feb09000, 0x000001e2feb06000,
0x000001e2feb0b000, 0x000001e2feb07800, 0x000001e2feb0c800, 0x000001e2feb0d800,
0x000001e2feb0e000, 0x000001e2feb08800, 0x000001e2feb12000, 0x000001e2feb10800,
0x000001e2feb13000, 0x000001e2feb11800, 0x000001e2feb0f000, 0x000001e2feb14000,
0x000001e2feb0f800, 0x000001e28f9b3800, 0x000001e28f9b2000, 0x000001e28f9b3000,
0x000001e28f9b7000, 0x000001e28f9b1000, 0x000001e28f9ba000, 0x000001e28f9b6000,
0x000001e28f9b8800, 0x000001e28f9b4800, 0x000001e28f9b9800, 0x000001e28f9bb000,
0x000001e28f9b5800, 0x000001e28f9bd800, 0x000001e28f9b7800, 0x000001e28f9be800,
0x000001e28f9bf000, 0x000001e28f9c0000, 0x000001e28f9bc800, 0x000001e28f9bc000,
0x000001e291237800, 0x000001e291236800, 0x000001e291238000, 0x000001e29123a000,
0x000001e291234000, 0x000001e291239000, 0x000001e291235000, 0x000001e29123a800,
0x000001e29123b800, 0x000001e291235800, 0x000001e29123e000, 0x000001e291241000,
0x000001e29123f800, 0x000001e291240800, 0x000001e291242000, 0x000001e29123c000,
0x000001e291243000, 0x000001e29123e800, 0x000001e2feace800, 0x000001e2feacb000,
0x000001e2feac9800, 0x000001e2feacd800, 0x000001e2fead0000, 0x000001e2feacc000,
0x000001e2feacd000, 0x000001e2feaca800, 0x000001e28f07f000, 0x000001e28f07b800,
0x000001e28f07d000, 0x000001e295307800
}

Java Threads: ( => current thread )
  0x000001e2eed54800 JavaThread "main" [_thread_blocked, id=2784, stack(0x0000001274100000,0x0000001274200000)]
  0x000001e2fb8db000 JavaThread "Reference Handler" daemon [_thread_blocked, id=9456, stack(0x0000001274800000,0x0000001274900000)]
  0x000001e2fb8e8800 JavaThread "Finalizer" daemon [_thread_blocked, id=5648, stack(0x0000001274900000,0x0000001274a00000)]
  0x000001e2fc262800 JavaThread "Signal Dispatcher" daemon [_thread_blocked, id=15420, stack(0x0000001274a00000,0x0000001274b00000)]
  0x000001e2fb8f7800 JavaThread "Attach Listener" daemon [_thread_blocked, id=12652, stack(0x0000001274b00000,0x0000001274c00000)]
  0x000001e2fb8fa000 JavaThread "Service Thread" daemon [_thread_blocked, id=8724, stack(0x0000001274c00000,0x0000001274d00000)]
  0x000001e2fb900800 JavaThread "C2 CompilerThread0" daemon [_thread_blocked, id=11368, stack(0x0000001274d00000,0x0000001274e00000)]
  0x000001e2fb901800 JavaThread "C1 CompilerThread0" daemon [_thread_blocked, id=7448, stack(0x0000001274e00000,0x0000001274f00000)]
  0x000001e2fb90b000 JavaThread "Sweeper thread" daemon [_thread_blocked, id=628, stack(0x0000001274f00000,0x0000001275000000)]
  0x000001e2fc3a3000 JavaThread "Common-Cleaner" daemon [_thread_blocked, id=6916, stack(0x0000001275000000,0x0000001275100000)]
  0x000001e2fe3fd000 JavaThread "Daemon health stats" [_thread_blocked, id=14276, stack(0x0000001275500000,0x0000001275600000)]
  0x000001e2fc61e800 JavaThread "Incoming local TCP Connector on port 54156" [_thread_in_native, id=6152, stack(0x0000001275200000,0x0000001275300000)]
  0x000001e2fe4f1000 JavaThread "Daemon periodic checks" [_thread_blocked, id=1880, stack(0x0000001275600000,0x0000001275700000)]
  0x000001e2fe193800 JavaThread "Daemon" [_thread_blocked, id=12596, stack(0x0000001275700000,0x0000001275800000)]
  0x000001e2fe7e3800 JavaThread "Handler for socket connection from /127.0.0.1:54156 to /127.0.0.1:54157" [_thread_in_native, id=11164, stack(0x0000001275800000,0x0000001275900000)]
  0x000001e2fe7f8800 JavaThread "Cancel handler" [_thread_blocked, id=14680, stack(0x0000001275900000,0x0000001275a00000)]
  0x000001e2fe84c800 JavaThread "Daemon worker" [_thread_blocked, id=10812, stack(0x0000001275a00000,0x0000001275b00000)]
  0x000001e2fe84d800 JavaThread "Asynchronous log dispatcher for DefaultDaemonConnection: socket connection from /127.0.0.1:54156 to /127.0.0.1:54157" [_thread_blocked, id=8908, stack(0x0000001275b00000,0x0000001275c00000)]
  0x000001e2fdd2b800 JavaThread "Stdin handler" [_thread_blocked, id=8044, stack(0x0000001275c00000,0x0000001275d00000)]
  0x000001e2fea70000 JavaThread "Daemon client event forwarder" [_thread_blocked, id=13792, stack(0x0000001275d00000,0x0000001275e00000)]
  0x000001e2fec26800 JavaThread "Cache worker for journal cache (C:\Users\user\.gradle\caches\journal-1)" [_thread_blocked, id=14252, stack(0x0000001276000000,0x0000001276100000)]
  0x000001e2fec22800 JavaThread "File lock request listener" [_thread_in_native, id=6804, stack(0x0000001276100000,0x0000001276200000)]
  0x000001e2fec25000 JavaThread "Cache worker for file hash cache (C:\Users\user\.gradle\caches\7.5\fileHashes)" [_thread_blocked, id=9964, stack(0x0000001276200000,0x0000001276300000)]
  0x000001e2fec21000 JavaThread "File watcher server" daemon [_thread_blocked, id=13072, stack(0x0000001276400000,0x0000001276500000)]
  0x000001e2fec27800 JavaThread "File watcher consumer" daemon [_thread_blocked, id=12372, stack(0x0000001276500000,0x0000001276600000)]
  0x000001e2fec21800 JavaThread "Cache worker for checksums cache (D:\AndroidStudioProjects\GithubUserExplorer\.gradle\7.5\checksums)" [_thread_blocked, id=4656, stack(0x0000001276600000,0x0000001276700000)]
  0x000001e2fec23000 JavaThread "Cache worker for cache directory md-rule (C:\Users\user\.gradle\caches\7.5\md-rule)" [_thread_blocked, id=1336, stack(0x0000001276700000,0x0000001276800000)]
  0x000001e2fec24000 JavaThread "Cache worker for file content cache (C:\Users\user\.gradle\caches\7.5\fileContent)" [_thread_blocked, id=13664, stack(0x0000001276800000,0x0000001276900000)]
  0x000001e2fec25800 JavaThread "Cache worker for file hash cache (D:\AndroidStudioProjects\GithubUserExplorer\.gradle\7.5\fileHashes)" [_thread_blocked, id=13832, stack(0x0000001276900000,0x0000001276a00000)]
  0x000001e2feb0a000 JavaThread "Cache worker for cache directory md-supplier (C:\Users\user\.gradle\caches\7.5\md-supplier)" [_thread_blocked, id=5808, stack(0x0000001276a00000,0x0000001276b00000)]
  0x000001e2feb09000 JavaThread "Cache worker for execution history cache (C:\Users\user\.gradle\caches\7.5\executionHistory)" [_thread_blocked, id=4028, stack(0x0000001276b00000,0x0000001276c00000)]
  0x000001e2feb06000 JavaThread "jar transforms" [_thread_blocked, id=2160, stack(0x0000001276c00000,0x0000001276d00000)]
  0x000001e2feb0b000 JavaThread "jar transforms Thread 2" [_thread_blocked, id=3680, stack(0x0000001276d00000,0x0000001276e00000)]
  0x000001e2feb07800 JavaThread "jar transforms Thread 3" [_thread_blocked, id=11012, stack(0x0000001276e00000,0x0000001276f00000)]
  0x000001e2feb0c800 JavaThread "jar transforms Thread 4" [_thread_blocked, id=7664, stack(0x0000001276f00000,0x0000001277000000)]
  0x000001e2feb0d800 JavaThread "Cache worker for dependencies-accessors (D:\AndroidStudioProjects\GithubUserExplorer\.gradle\7.5\dependencies-accessors)" [_thread_blocked, id=12528, stack(0x0000001277000000,0x0000001277100000)]
  0x000001e2feb0e000 JavaThread "Cache worker for Build Output Cleanup Cache (D:\AndroidStudioProjects\GithubUserExplorer\.gradle\buildOutputCleanup)" [_thread_blocked, id=12488, stack(0x0000001277100000,0x0000001277200000)]
  0x000001e2feb08800 JavaThread "Unconstrained build operations" [_thread_blocked, id=6876, stack(0x0000001277200000,0x0000001277300000)]
  0x000001e2feb12000 JavaThread "Unconstrained build operations Thread 2" [_thread_blocked, id=12780, stack(0x0000001277300000,0x0000001277400000)]
  0x000001e2feb10800 JavaThread "Unconstrained build operations Thread 3" [_thread_blocked, id=8572, stack(0x0000001277400000,0x0000001277500000)]
  0x000001e2feb13000 JavaThread "Unconstrained build operations Thread 4" [_thread_blocked, id=9776, stack(0x0000001277500000,0x0000001277600000)]
  0x000001e2feb11800 JavaThread "Unconstrained build operations Thread 5" [_thread_blocked, id=5932, stack(0x0000001277600000,0x0000001277700000)]
  0x000001e2feb0f000 JavaThread "Unconstrained build operations Thread 6" [_thread_blocked, id=4204, stack(0x0000001277700000,0x0000001277800000)]
  0x000001e2feb14000 JavaThread "Unconstrained build operations Thread 7" [_thread_blocked, id=16244, stack(0x0000001277800000,0x0000001277900000)]
  0x000001e2feb0f800 JavaThread "Unconstrained build operations Thread 8" [_thread_blocked, id=8420, stack(0x0000001277900000,0x0000001277a00000)]
  0x000001e28f9b3800 JavaThread "Unconstrained build operations Thread 9" [_thread_blocked, id=13364, stack(0x0000001277a00000,0x0000001277b00000)]
  0x000001e28f9b2000 JavaThread "Unconstrained build operations Thread 10" [_thread_blocked, id=12104, stack(0x0000001277b00000,0x0000001277c00000)]
  0x000001e28f9b3000 JavaThread "Unconstrained build operations Thread 11" [_thread_blocked, id=7492, stack(0x0000001277c00000,0x0000001277d00000)]
  0x000001e28f9b7000 JavaThread "Unconstrained build operations Thread 12" [_thread_blocked, id=4548, stack(0x0000001277d00000,0x0000001277e00000)]
  0x000001e28f9b1000 JavaThread "Unconstrained build operations Thread 13" [_thread_blocked, id=4780, stack(0x0000001277e00000,0x0000001277f00000)]
  0x000001e28f9ba000 JavaThread "Unconstrained build operations Thread 14" [_thread_blocked, id=6748, stack(0x0000001277f00000,0x0000001278000000)]
  0x000001e28f9b6000 JavaThread "Unconstrained build operations Thread 15" [_thread_blocked, id=12432, stack(0x0000001278000000,0x0000001278100000)]
  0x000001e28f9b8800 JavaThread "Unconstrained build operations Thread 16" [_thread_blocked, id=15564, stack(0x0000001278100000,0x0000001278200000)]
  0x000001e28f9b4800 JavaThread "Unconstrained build operations Thread 17" [_thread_blocked, id=6396, stack(0x0000001278200000,0x0000001278300000)]
  0x000001e28f9b9800 JavaThread "Unconstrained build operations Thread 18" [_thread_blocked, id=12928, stack(0x0000001278300000,0x0000001278400000)]
  0x000001e28f9bb000 JavaThread "Unconstrained build operations Thread 19" [_thread_blocked, id=11604, stack(0x0000001278400000,0x0000001278500000)]
  0x000001e28f9b5800 JavaThread "Unconstrained build operations Thread 20" [_thread_blocked, id=14956, stack(0x0000001278500000,0x0000001278600000)]
  0x000001e28f9bd800 JavaThread "Unconstrained build operations Thread 21" [_thread_blocked, id=1012, stack(0x0000001278600000,0x0000001278700000)]
  0x000001e28f9b7800 JavaThread "Unconstrained build operations Thread 22" [_thread_blocked, id=6280, stack(0x0000001278700000,0x0000001278800000)]
  0x000001e28f9be800 JavaThread "Unconstrained build operations Thread 23" [_thread_blocked, id=8032, stack(0x0000001278800000,0x0000001278900000)]
  0x000001e28f9bf000 JavaThread "Unconstrained build operations Thread 24" [_thread_blocked, id=5276, stack(0x0000001278900000,0x0000001278a00000)]
  0x000001e28f9c0000 JavaThread "Unconstrained build operations Thread 25" [_thread_blocked, id=13560, stack(0x0000001278a00000,0x0000001278b00000)]
  0x000001e28f9bc800 JavaThread "Unconstrained build operations Thread 26" [_thread_blocked, id=9092, stack(0x0000001278b00000,0x0000001278c00000)]
  0x000001e28f9bc000 JavaThread "Unconstrained build operations Thread 27" [_thread_blocked, id=3504, stack(0x0000001278c00000,0x0000001278d00000)]
  0x000001e291237800 JavaThread "Unconstrained build operations Thread 28" [_thread_blocked, id=11328, stack(0x0000001278d00000,0x0000001278e00000)]
  0x000001e291236800 JavaThread "Unconstrained build operations Thread 29" [_thread_blocked, id=10372, stack(0x0000001278e00000,0x0000001278f00000)]
  0x000001e291238000 JavaThread "Unconstrained build operations Thread 30" [_thread_blocked, id=2248, stack(0x0000001278f00000,0x0000001279000000)]
  0x000001e29123a000 JavaThread "Unconstrained build operations Thread 31" [_thread_blocked, id=5036, stack(0x0000001279000000,0x0000001279100000)]
  0x000001e291234000 JavaThread "Unconstrained build operations Thread 32" [_thread_blocked, id=11272, stack(0x0000001279100000,0x0000001279200000)]
  0x000001e291239000 JavaThread "Unconstrained build operations Thread 33" [_thread_blocked, id=16076, stack(0x0000001279200000,0x0000001279300000)]
  0x000001e291235000 JavaThread "Unconstrained build operations Thread 34" [_thread_blocked, id=5796, stack(0x0000001279300000,0x0000001279400000)]
  0x000001e29123a800 JavaThread "Unconstrained build operations Thread 35" [_thread_blocked, id=13300, stack(0x0000001279400000,0x0000001279500000)]
  0x000001e29123b800 JavaThread "Unconstrained build operations Thread 36" [_thread_blocked, id=8696, stack(0x0000001279500000,0x0000001279600000)]
  0x000001e291235800 JavaThread "Unconstrained build operations Thread 37" [_thread_blocked, id=16104, stack(0x0000001279600000,0x0000001279700000)]
  0x000001e29123e000 JavaThread "Unconstrained build operations Thread 38" [_thread_blocked, id=11480, stack(0x0000001279700000,0x0000001279800000)]
  0x000001e291241000 JavaThread "Unconstrained build operations Thread 39" [_thread_blocked, id=10508, stack(0x0000001279800000,0x0000001279900000)]
  0x000001e29123f800 JavaThread "Unconstrained build operations Thread 40" [_thread_blocked, id=13180, stack(0x0000001279900000,0x0000001279a00000)]
  0x000001e291240800 JavaThread "build event listener" [_thread_blocked, id=6056, stack(0x0000001279a00000,0x0000001279b00000)]
  0x000001e291242000 JavaThread "Memory manager" [_thread_blocked, id=11128, stack(0x0000001279b00000,0x0000001279c00000)]
  0x000001e29123c000 JavaThread "pool-3-thread-1" [_thread_blocked, id=2064, stack(0x0000001279c00000,0x0000001279d00000)]
  0x000001e291243000 JavaThread "build event listener" [_thread_blocked, id=1228, stack(0x0000001279d00000,0x0000001279e00000)]
  0x000001e29123e800 JavaThread "included builds" [_thread_blocked, id=2768, stack(0x0000001279e00000,0x0000001279f00000)]
  0x000001e2feace800 JavaThread "Execution worker" [_thread_blocked, id=14240, stack(0x0000001279f00000,0x000000127a000000)]
  0x000001e2feacb000 JavaThread "Execution worker Thread 2" [_thread_blocked, id=9668, stack(0x000000127a000000,0x000000127a100000)]
  0x000001e2feac9800 JavaThread "Execution worker Thread 3" [_thread_blocked, id=3644, stack(0x000000127a100000,0x000000127a200000)]
  0x000001e2feacd800 JavaThread "Cache worker for execution history cache (D:\AndroidStudioProjects\GithubUserExplorer\.gradle\7.5\executionHistory)" [_thread_blocked, id=14328, stack(0x000000127a200000,0x000000127a300000)]
  0x000001e2fead0000 JavaThread "WorkerExecutor Queue" [_thread_in_native, id=8684, stack(0x000000127a300000,0x000000127a400000)]
  0x000001e2feacc000 JavaThread "RMI Scheduler(0)" daemon [_thread_blocked, id=12876, stack(0x000000127a400000,0x000000127a500000)]
  0x000001e2feacd000 JavaThread "RMI RenewClean-[127.0.0.1:17096,org.jetbrains.kotlin.daemon.common.LoopbackNetworkInterface$ClientLoopbackSocketFactory@469bb81d]" daemon [_thread_blocked, id=4968, stack(0x000000127a500000,0x000000127a600000)]
  0x000001e2feaca800 JavaThread "RMI GC Daemon" daemon [_thread_blocked, id=7472, stack(0x000000127a600000,0x000000127a700000)]
  0x000001e28f07f000 JavaThread "RMI TCP Accept-0" daemon [_thread_in_native, id=5824, stack(0x000000127a700000,0x000000127a800000)]
  0x000001e28f07b800 JavaThread "RMI Reaper" [_thread_blocked, id=13452, stack(0x000000127a800000,0x000000127a900000)]
  0x000001e28f07d000 JavaThread "RMI TCP Connection(1)-127.0.0.1" daemon [_thread_in_native, id=15324, stack(0x000000127a900000,0x000000127aa00000)]
  0x000001e295307800 JavaThread "C2 CompilerThread1" daemon [_thread_in_native, id=10624, stack(0x0000001276300000,0x0000001276400000)]

Other Threads:
=>0x000001e2fb8d7800 VMThread "VM Thread" [stack: 0x0000001274700000,0x0000001274800000] [id=1700]
  0x000001e2fc3ab800 WatcherThread [stack: 0x0000001275100000,0x0000001275200000] [id=15816]
  0x000001e2eed6c800 GCTaskThread "GC Thread#0" [stack: 0x0000001274200000,0x0000001274300000] [id=14972]
  0x000001e2fcbcb800 GCTaskThread "GC Thread#1" [stack: 0x0000001275300000,0x0000001275400000] [id=9836]
  0x000001e2fcab3800 GCTaskThread "GC Thread#2" [stack: 0x0000001275400000,0x0000001275500000] [id=13552]
  0x000001e2feac1000 GCTaskThread "GC Thread#3" [stack: 0x0000001275e00000,0x0000001275f00000] [id=1784]
  0x000001e2eeda1000 ConcurrentGCThread "G1 Main Marker" [stack: 0x0000001274300000,0x0000001274400000] [id=8768]
  0x000001e2eeda3000 ConcurrentGCThread "G1 Conc#0" [stack: 0x0000001274400000,0x0000001274500000] [id=3088]
  0x000001e2eee23800 ConcurrentGCThread "G1 Refine#0" [stack: 0x0000001274500000,0x0000001274600000] [id=8928]
  0x000001e2fe4ee800 ConcurrentGCThread "G1 Refine#1" [stack: 0x0000001275f00000,0x0000001276000000] [id=13472]
  0x000001e2eee26000 ConcurrentGCThread "G1 Young RemSet Sampling" [stack: 0x0000001274600000,0x0000001274700000] [id=12140]

Threads with active compile tasks:
C2 CompilerThread0    33069 14267 %     4       com.android.tools.r8.internal.Ab::a @ 2683 (6176 bytes)
C1 CompilerThread0    33069 15942 %     3       com.android.tools.r8.ir.regalloc.b::a @ 682 (1831 bytes)
C2 CompilerThread1    33070 15232       4       com.android.tools.r8.internal.Ab::a (4413 bytes)

VM state:at safepoint (normal execution)

VM Mutex/Monitor currently owned by a thread:  ([mutex/lock_event])
[0x000001e2eed502a0] Threads_lock - owner thread: 0x000001e2fb8d7800
[0x000001e2eed51530] Heap_lock - owner thread: 0x000001e28f9b6000

Heap address: 0x0000000080000000, size: 2048 MB, Compressed Oops mode: 32-bit
Narrow klass base: 0x0000000000000000, Narrow klass shift: 3
Compressed class space size: 1073741824 Address: 0x0000000100000000

Heap:
 garbage-first heap   total 328704K, used 150000K [0x0000000080000000, 0x0000000100000000)
  region size 1024K, 8 young (8192K), 8 survivors (8192K)
 Metaspace       used 116210K, capacity 119576K, committed 119676K, reserved 1153024K
  class space    used 14899K, capacity 16170K, committed 16204K, reserved 1048576K
Heap Regions: E=young(eden), S=young(survivor), O=old, HS=humongous(starts), HC=humongous(continues), CS=collection set, F=free, A=archive, TAMS=top-at-mark-start (previous, next)
|   0|0x0000000080000000, 0x0000000080100000, 0x0000000080100000|100%|HS|  |TAMS 0x0000000080100000, 0x0000000080100000| Complete 
|   1|0x0000000080100000, 0x0000000080200000, 0x0000000080200000|100%|HC|  |TAMS 0x0000000080200000, 0x0000000080200000| Complete 
|   2|0x0000000080200000, 0x0000000080300000, 0x0000000080300000|100%|HC|  |TAMS 0x0000000080300000, 0x0000000080300000| Complete 
|   3|0x0000000080300000, 0x0000000080400000, 0x0000000080400000|100%| O|  |TAMS 0x0000000080400000, 0x0000000080400000| Untracked 
|   4|0x0000000080400000, 0x0000000080500000, 0x0000000080500000|100%| O|  |TAMS 0x0000000080500000, 0x0000000080500000| Untracked 
|   5|0x0000000080500000, 0x0000000080600000, 0x0000000080600000|100%| O|  |TAMS 0x0000000080600000, 0x0000000080600000| Untracked 
|   6|0x0000000080600000, 0x0000000080700000, 0x0000000080700000|100%| O|  |TAMS 0x0000000080700000, 0x0000000080700000| Untracked 
|   7|0x0000000080700000, 0x0000000080800000, 0x0000000080800000|100%| O|  |TAMS 0x0000000080800000, 0x0000000080800000| Untracked 
|   8|0x0000000080800000, 0x0000000080900000, 0x0000000080900000|100%| O|  |TAMS 0x0000000080900000, 0x0000000080900000| Untracked 
|   9|0x0000000080900000, 0x0000000080a00000, 0x0000000080a00000|100%| O|  |TAMS 0x0000000080a00000, 0x0000000080a00000| Untracked 
|  10|0x0000000080a00000, 0x0000000080b00000, 0x0000000080b00000|100%| O|  |TAMS 0x0000000080b00000, 0x0000000080b00000| Untracked 
|  11|0x0000000080b00000, 0x0000000080c00000, 0x0000000080c00000|100%| O|  |TAMS 0x0000000080c00000, 0x0000000080c00000| Untracked 
|  12|0x0000000080c00000, 0x0000000080d00000, 0x0000000080d00000|100%| O|  |TAMS 0x0000000080d00000, 0x0000000080d00000| Untracked 
|  13|0x0000000080d00000, 0x0000000080e00000, 0x0000000080e00000|100%| O|  |TAMS 0x0000000080e00000, 0x0000000080e00000| Untracked 
|  14|0x0000000080e00000, 0x0000000080f00000, 0x0000000080f00000|100%| O|  |TAMS 0x0000000080f00000, 0x0000000080f00000| Untracked 
|  15|0x0000000080f00000, 0x0000000081000000, 0x0000000081000000|100%| O|  |TAMS 0x0000000081000000, 0x0000000081000000| Untracked 
|  16|0x0000000081000000, 0x0000000081100000, 0x0000000081100000|100%| O|  |TAMS 0x0000000081100000, 0x0000000081100000| Untracked 
|  17|0x0000000081100000, 0x0000000081200000, 0x0000000081200000|100%|HS|  |TAMS 0x0000000081200000, 0x0000000081200000| Complete 
|  18|0x0000000081200000, 0x0000000081300000, 0x0000000081300000|100%| O|  |TAMS 0x0000000081300000, 0x0000000081300000| Untracked 
|  19|0x0000000081300000, 0x0000000081400000, 0x0000000081400000|100%| O|  |TAMS 0x0000000081400000, 0x0000000081400000| Untracked 
|  20|0x0000000081400000, 0x0000000081500000, 0x0000000081500000|100%| O|  |TAMS 0x0000000081500000, 0x0000000081500000| Untracked 
|  21|0x0000000081500000, 0x0000000081600000, 0x0000000081600000|100%| O|  |TAMS 0x0000000081600000, 0x0000000081600000| Untracked 
|  22|0x0000000081600000, 0x0000000081700000, 0x0000000081700000|100%| O|  |TAMS 0x0000000081700000, 0x0000000081700000| Untracked 
|  23|0x0000000081700000, 0x0000000081800000, 0x0000000081800000|100%| O|  |TAMS 0x0000000081800000, 0x0000000081800000| Untracked 
|  24|0x0000000081800000, 0x0000000081900000, 0x0000000081900000|100%| O|  |TAMS 0x0000000081900000, 0x0000000081900000| Untracked 
|  25|0x0000000081900000, 0x0000000081a00000, 0x0000000081a00000|100%| O|  |TAMS 0x0000000081a00000, 0x0000000081a00000| Untracked 
|  26|0x0000000081a00000, 0x0000000081b00000, 0x0000000081b00000|100%| O|  |TAMS 0x0000000081b00000, 0x0000000081b00000| Untracked 
|  27|0x0000000081b00000, 0x0000000081c00000, 0x0000000081c00000|100%| O|  |TAMS 0x0000000081c00000, 0x0000000081c00000| Untracked 
|  28|0x0000000081c00000, 0x0000000081d00000, 0x0000000081d00000|100%| O|  |TAMS 0x0000000081d00000, 0x0000000081d00000| Untracked 
|  29|0x0000000081d00000, 0x0000000081e00000, 0x0000000081e00000|100%|HS|  |TAMS 0x0000000081e00000, 0x0000000081e00000| Complete 
|  30|0x0000000081e00000, 0x0000000081f00000, 0x0000000081f00000|100%|HS|  |TAMS 0x0000000081f00000, 0x0000000081f00000| Complete 
|  31|0x0000000081f00000, 0x0000000082000000, 0x0000000082000000|100%|HC|  |TAMS 0x0000000082000000, 0x0000000082000000| Complete 
|  32|0x0000000082000000, 0x0000000082100000, 0x0000000082100000|100%|HS|  |TAMS 0x0000000082100000, 0x0000000082100000| Complete 
|  33|0x0000000082100000, 0x0000000082200000, 0x0000000082200000|100%|HC|  |TAMS 0x0000000082200000, 0x0000000082200000| Complete 
|  34|0x0000000082200000, 0x0000000082300000, 0x0000000082300000|100%|HC|  |TAMS 0x0000000082300000, 0x0000000082300000| Complete 
|  35|0x0000000082300000, 0x0000000082400000, 0x0000000082400000|100%|HC|  |TAMS 0x0000000082400000, 0x0000000082400000| Complete 
|  36|0x0000000082400000, 0x0000000082500000, 0x0000000082500000|100%| O|  |TAMS 0x0000000082500000, 0x0000000082500000| Untracked 
|  37|0x0000000082500000, 0x0000000082600000, 0x0000000082600000|100%| O|  |TAMS 0x0000000082600000, 0x0000000082600000| Untracked 
|  38|0x0000000082600000, 0x0000000082700000, 0x0000000082700000|100%| O|  |TAMS 0x0000000082700000, 0x0000000082700000| Untracked 
|  39|0x0000000082700000, 0x0000000082800000, 0x0000000082800000|100%| O|  |TAMS 0x0000000082800000, 0x0000000082800000| Untracked 
|  40|0x0000000082800000, 0x0000000082900000, 0x0000000082900000|100%| O|  |TAMS 0x0000000082900000, 0x0000000082900000| Untracked 
|  41|0x0000000082900000, 0x0000000082a00000, 0x0000000082a00000|100%| O|  |TAMS 0x0000000082a00000, 0x0000000082a00000| Untracked 
|  42|0x0000000082a00000, 0x0000000082b00000, 0x0000000082b00000|100%| O|  |TAMS 0x0000000082b00000, 0x0000000082b00000| Untracked 
|  43|0x0000000082b00000, 0x0000000082c00000, 0x0000000082c00000|100%| O|  |TAMS 0x0000000082c00000, 0x0000000082c00000| Untracked 
|  44|0x0000000082c00000, 0x0000000082d00000, 0x0000000082d00000|100%| O|  |TAMS 0x0000000082d00000, 0x0000000082d00000| Untracked 
|  45|0x0000000082d00000, 0x0000000082e00000, 0x0000000082e00000|100%| O|  |TAMS 0x0000000082e00000, 0x0000000082e00000| Untracked 
|  46|0x0000000082e00000, 0x0000000082f00000, 0x0000000082f00000|100%| O|  |TAMS 0x0000000082f00000, 0x0000000082f00000| Untracked 
|  47|0x0000000082f00000, 0x0000000083000000, 0x0000000083000000|100%| O|  |TAMS 0x0000000083000000, 0x0000000083000000| Untracked 
|  48|0x0000000083000000, 0x0000000083100000, 0x0000000083100000|100%| O|  |TAMS 0x0000000083100000, 0x0000000083100000| Untracked 
|  49|0x0000000083100000, 0x0000000083200000, 0x0000000083200000|100%| O|  |TAMS 0x0000000083200000, 0x0000000083200000| Untracked 
|  50|0x0000000083200000, 0x0000000083300000, 0x0000000083300000|100%| O|  |TAMS 0x0000000083300000, 0x0000000083300000| Untracked 
|  51|0x0000000083300000, 0x0000000083400000, 0x0000000083400000|100%| O|  |TAMS 0x0000000083400000, 0x0000000083400000| Untracked 
|  52|0x0000000083400000, 0x0000000083500000, 0x0000000083500000|100%| O|  |TAMS 0x0000000083500000, 0x0000000083500000| Untracked 
|  53|0x0000000083500000, 0x0000000083600000, 0x0000000083600000|100%| O|  |TAMS 0x0000000083600000, 0x0000000083600000| Untracked 
|  54|0x0000000083600000, 0x0000000083700000, 0x0000000083700000|100%| O|  |TAMS 0x0000000083700000, 0x0000000083700000| Untracked 
|  55|0x0000000083700000, 0x0000000083800000, 0x0000000083800000|100%| O|  |TAMS 0x0000000083800000, 0x0000000083800000| Untracked 
|  56|0x0000000083800000, 0x0000000083900000, 0x0000000083900000|100%| O|  |TAMS 0x0000000083900000, 0x0000000083900000| Untracked 
|  57|0x0000000083900000, 0x0000000083a00000, 0x0000000083a00000|100%| O|  |TAMS 0x0000000083a00000, 0x0000000083a00000| Untracked 
|  58|0x0000000083a00000, 0x0000000083b00000, 0x0000000083b00000|100%| O|  |TAMS 0x0000000083b00000, 0x0000000083b00000| Untracked 
|  59|0x0000000083b00000, 0x0000000083c00000, 0x0000000083c00000|100%| O|  |TAMS 0x0000000083c00000, 0x0000000083c00000| Untracked 
|  60|0x0000000083c00000, 0x0000000083d00000, 0x0000000083d00000|100%| O|  |TAMS 0x0000000083d00000, 0x0000000083d00000| Untracked 
|  61|0x0000000083d00000, 0x0000000083e00000, 0x0000000083e00000|100%| O|  |TAMS 0x0000000083e00000, 0x0000000083e00000| Untracked 
|  62|0x0000000083e00000, 0x0000000083f00000, 0x0000000083f00000|100%| O|  |TAMS 0x0000000083f00000, 0x0000000083f00000| Untracked 
|  63|0x0000000083f00000, 0x0000000084000000, 0x0000000084000000|100%| O|  |TAMS 0x0000000084000000, 0x0000000084000000| Untracked 
|  64|0x0000000084000000, 0x0000000084100000, 0x0000000084100000|100%| O|  |TAMS 0x0000000084100000, 0x0000000084100000| Untracked 
|  65|0x0000000084100000, 0x0000000084200000, 0x0000000084200000|100%| O|  |TAMS 0x0000000084200000, 0x0000000084200000| Untracked 
|  66|0x0000000084200000, 0x0000000084300000, 0x0000000084300000|100%| O|  |TAMS 0x0000000084300000, 0x0000000084300000| Untracked 
|  67|0x0000000084300000, 0x0000000084400000, 0x0000000084400000|100%| O|  |TAMS 0x0000000084400000, 0x0000000084400000| Untracked 
|  68|0x0000000084400000, 0x0000000084500000, 0x0000000084500000|100%| O|  |TAMS 0x0000000084500000, 0x0000000084500000| Untracked 
|  69|0x0000000084500000, 0x0000000084600000, 0x0000000084600000|100%| O|  |TAMS 0x0000000084600000, 0x0000000084600000| Untracked 
|  70|0x0000000084600000, 0x0000000084700000, 0x0000000084700000|100%| O|  |TAMS 0x0000000084700000, 0x0000000084700000| Untracked 
|  71|0x0000000084700000, 0x0000000084800000, 0x0000000084800000|100%| O|  |TAMS 0x0000000084800000, 0x0000000084800000| Untracked 
|  72|0x0000000084800000, 0x0000000084900000, 0x0000000084900000|100%| O|  |TAMS 0x0000000084900000, 0x0000000084900000| Untracked 
|  73|0x0000000084900000, 0x0000000084a00000, 0x0000000084a00000|100%| O|  |TAMS 0x0000000084a00000, 0x0000000084a00000| Untracked 
|  74|0x0000000084a00000, 0x0000000084b00000, 0x0000000084b00000|100%| O|  |TAMS 0x0000000084b00000, 0x0000000084b00000| Untracked 
|  75|0x0000000084b00000, 0x0000000084c00000, 0x0000000084c00000|100%| O|  |TAMS 0x0000000084c00000, 0x0000000084c00000| Untracked 
|  76|0x0000000084c00000, 0x0000000084d00000, 0x0000000084d00000|100%| O|  |TAMS 0x0000000084d00000, 0x0000000084d00000| Untracked 
|  77|0x0000000084d00000, 0x0000000084e00000, 0x0000000084e00000|100%| O|  |TAMS 0x0000000084e00000, 0x0000000084e00000| Untracked 
|  78|0x0000000084e00000, 0x0000000084f00000, 0x0000000084f00000|100%| O|  |TAMS 0x0000000084f00000, 0x0000000084f00000| Untracked 
|  79|0x0000000084f00000, 0x0000000085000000, 0x0000000085000000|100%| O|  |TAMS 0x0000000085000000, 0x0000000085000000| Untracked 
|  80|0x0000000085000000, 0x0000000085100000, 0x0000000085100000|100%| O|  |TAMS 0x0000000085100000, 0x0000000085100000| Untracked 
|  81|0x0000000085100000, 0x0000000085200000, 0x0000000085200000|100%| O|  |TAMS 0x0000000085200000, 0x0000000085200000| Untracked 
|  82|0x0000000085200000, 0x0000000085300000, 0x0000000085300000|100%| O|  |TAMS 0x0000000085300000, 0x0000000085300000| Untracked 
|  83|0x0000000085300000, 0x0000000085400000, 0x0000000085400000|100%| O|  |TAMS 0x0000000085400000, 0x0000000085400000| Untracked 
|  84|0x0000000085400000, 0x0000000085500000, 0x0000000085500000|100%| O|  |TAMS 0x0000000085500000, 0x0000000085500000| Untracked 
|  85|0x0000000085500000, 0x0000000085600000, 0x0000000085600000|100%| O|  |TAMS 0x0000000085600000, 0x0000000085600000| Untracked 
|  86|0x0000000085600000, 0x0000000085700000, 0x0000000085700000|100%| O|  |TAMS 0x0000000085700000, 0x0000000085700000| Untracked 
|  87|0x0000000085700000, 0x0000000085800000, 0x0000000085800000|100%| O|  |TAMS 0x0000000085800000, 0x0000000085800000| Untracked 
|  88|0x0000000085800000, 0x0000000085900000, 0x0000000085900000|100%| O|  |TAMS 0x0000000085900000, 0x0000000085900000| Untracked 
|  89|0x0000000085900000, 0x0000000085a00000, 0x0000000085a00000|100%| O|  |TAMS 0x0000000085a00000, 0x0000000085a00000| Untracked 
|  90|0x0000000085a00000, 0x0000000085b00000, 0x0000000085b00000|100%| O|  |TAMS 0x0000000085b00000, 0x0000000085b00000| Untracked 
|  91|0x0000000085b00000, 0x0000000085c00000, 0x0000000085c00000|100%| O|  |TAMS 0x0000000085c00000, 0x0000000085c00000| Untracked 
|  92|0x0000000085c00000, 0x0000000085d00000, 0x0000000085d00000|100%| O|  |TAMS 0x0000000085d00000, 0x0000000085d00000| Untracked 
|  93|0x0000000085d00000, 0x0000000085e00000, 0x0000000085e00000|100%| O|  |TAMS 0x0000000085e00000, 0x0000000085e00000| Untracked 
|  94|0x0000000085e00000, 0x0000000085f00000, 0x0000000085f00000|100%| O|  |TAMS 0x0000000085f00000, 0x0000000085f00000| Untracked 
|  95|0x0000000085f00000, 0x0000000086000000, 0x0000000086000000|100%| O|  |TAMS 0x0000000086000000, 0x0000000086000000| Untracked 
|  96|0x0000000086000000, 0x0000000086100000, 0x0000000086100000|100%| O|  |TAMS 0x0000000086100000, 0x0000000086100000| Untracked 
|  97|0x0000000086100000, 0x0000000086200000, 0x0000000086200000|100%| O|  |TAMS 0x0000000086200000, 0x0000000086200000| Untracked 
|  98|0x0000000086200000, 0x0000000086300000, 0x0000000086300000|100%| O|  |TAMS 0x0000000086300000, 0x0000000086300000| Untracked 
|  99|0x0000000086300000, 0x0000000086400000, 0x0000000086400000|100%| O|  |TAMS 0x0000000086400000, 0x0000000086400000| Untracked 
| 100|0x0000000086400000, 0x0000000086500000, 0x0000000086500000|100%| O|  |TAMS 0x0000000086500000, 0x0000000086500000| Untracked 
| 101|0x0000000086500000, 0x0000000086600000, 0x0000000086600000|100%| O|  |TAMS 0x0000000086600000, 0x0000000086600000| Untracked 
| 102|0x0000000086600000, 0x0000000086700000, 0x0000000086700000|100%| O|  |TAMS 0x0000000086600000, 0x0000000086700000| Untracked 
| 103|0x0000000086700000, 0x0000000086800000, 0x0000000086800000|100%| O|  |TAMS 0x0000000086700000, 0x0000000086800000| Untracked 
| 104|0x0000000086800000, 0x0000000086900000, 0x0000000086900000|100%| O|  |TAMS 0x0000000086900000, 0x0000000086900000| Untracked 
| 105|0x0000000086900000, 0x0000000086a00000, 0x0000000086a00000|100%| O|  |TAMS 0x0000000086a00000, 0x0000000086a00000| Untracked 
| 106|0x0000000086a00000, 0x0000000086b00000, 0x0000000086b00000|100%| O|  |TAMS 0x0000000086b00000, 0x0000000086b00000| Untracked 
| 107|0x0000000086b00000, 0x0000000086c00000, 0x0000000086c00000|100%| O|  |TAMS 0x0000000086c00000, 0x0000000086c00000| Untracked 
| 108|0x0000000086c00000, 0x0000000086d00000, 0x0000000086d00000|100%| O|  |TAMS 0x0000000086c4aa00, 0x0000000086d00000| Untracked 
| 109|0x0000000086d00000, 0x0000000086e00000, 0x0000000086e00000|100%| O|  |TAMS 0x0000000086d00000, 0x0000000086e00000| Untracked 
| 110|0x0000000086e00000, 0x0000000086f00000, 0x0000000086f00000|100%| O|  |TAMS 0x0000000086e00000, 0x0000000086f00000| Untracked 
| 111|0x0000000086f00000, 0x0000000087000000, 0x0000000087000000|100%| O|  |TAMS 0x0000000086f00000, 0x0000000087000000| Untracked 
| 112|0x0000000087000000, 0x0000000087100000, 0x0000000087100000|100%| O|  |TAMS 0x0000000087000000, 0x0000000087100000| Untracked 
| 113|0x0000000087100000, 0x0000000087200000, 0x0000000087200000|100%| O|  |TAMS 0x0000000087100000, 0x0000000087200000| Untracked 
| 114|0x0000000087200000, 0x0000000087300000, 0x0000000087300000|100%| O|  |TAMS 0x0000000087200000, 0x0000000087300000| Untracked 
| 115|0x0000000087300000, 0x0000000087400000, 0x0000000087400000|100%| O|  |TAMS 0x0000000087300000, 0x0000000087400000| Untracked 
| 116|0x0000000087400000, 0x0000000087500000, 0x0000000087500000|100%| O|  |TAMS 0x0000000087400000, 0x0000000087500000| Untracked 
| 117|0x0000000087500000, 0x0000000087600000, 0x0000000087600000|100%| O|  |TAMS 0x0000000087500000, 0x0000000087600000| Untracked 
| 118|0x0000000087600000, 0x0000000087700000, 0x0000000087700000|100%| O|  |TAMS 0x0000000087600000, 0x0000000087700000| Untracked 
| 119|0x0000000087700000, 0x0000000087800000, 0x0000000087800000|100%| O|  |TAMS 0x0000000087700000, 0x0000000087800000| Untracked 
| 120|0x0000000087800000, 0x0000000087900000, 0x0000000087900000|100%| O|  |TAMS 0x0000000087800000, 0x0000000087900000| Untracked 
| 121|0x0000000087900000, 0x0000000087a00000, 0x0000000087a00000|100%| O|  |TAMS 0x0000000087900000, 0x0000000087a00000| Untracked 
| 122|0x0000000087a00000, 0x0000000087b00000, 0x0000000087b00000|100%| O|  |TAMS 0x0000000087a00000, 0x0000000087b00000| Untracked 
| 123|0x0000000087b00000, 0x0000000087c00000, 0x0000000087c00000|100%| O|  |TAMS 0x0000000087b00000, 0x0000000087c00000| Untracked 
| 124|0x0000000087c00000, 0x0000000087d00000, 0x0000000087d00000|100%| O|  |TAMS 0x0000000087c00000, 0x0000000087d00000| Untracked 
| 125|0x0000000087d00000, 0x0000000087e00000, 0x0000000087e00000|100%| O|  |TAMS 0x0000000087d00000, 0x0000000087e00000| Untracked 
| 126|0x0000000087e00000, 0x0000000087f00000, 0x0000000087f00000|100%| O|  |TAMS 0x0000000087e00000, 0x0000000087f00000| Untracked 
| 127|0x0000000087f00000, 0x0000000088000000, 0x0000000088000000|100%| O|  |TAMS 0x0000000087f00000, 0x0000000088000000| Untracked 
| 128|0x0000000088000000, 0x0000000088100000, 0x0000000088100000|100%| O|  |TAMS 0x0000000088000000, 0x0000000088100000| Untracked 
| 129|0x0000000088100000, 0x0000000088200000, 0x0000000088200000|100%| O|  |TAMS 0x0000000088100000, 0x0000000088200000| Untracked 
| 130|0x0000000088200000, 0x0000000088300000, 0x0000000088300000|100%| O|  |TAMS 0x0000000088200000, 0x0000000088300000| Untracked 
| 131|0x0000000088300000, 0x0000000088400000, 0x0000000088400000|100%| O|  |TAMS 0x0000000088300000, 0x0000000088400000| Untracked 
| 132|0x0000000088400000, 0x0000000088500000, 0x0000000088500000|100%| O|  |TAMS 0x0000000088400000, 0x0000000088500000| Untracked 
| 133|0x0000000088500000, 0x0000000088600000, 0x0000000088600000|100%| O|  |TAMS 0x0000000088500000, 0x0000000088600000| Untracked 
| 134|0x0000000088600000, 0x0000000088700000, 0x0000000088700000|100%| O|  |TAMS 0x0000000088600000, 0x0000000088700000| Untracked 
| 135|0x0000000088700000, 0x0000000088800000, 0x0000000088800000|100%| O|  |TAMS 0x0000000088700000, 0x0000000088800000| Untracked 
| 136|0x0000000088800000, 0x0000000088900000, 0x0000000088900000|100%| O|  |TAMS 0x0000000088800000, 0x0000000088900000| Untracked 
| 137|0x0000000088900000, 0x0000000088a00000, 0x0000000088a00000|100%| O|  |TAMS 0x0000000088900000, 0x0000000088a00000| Untracked 
| 138|0x0000000088a00000, 0x0000000088afc000, 0x0000000088b00000| 98%| O|  |TAMS 0x0000000088a00000, 0x0000000088afc000| Untracked 
| 139|0x0000000088b00000, 0x0000000088b00000, 0x0000000088c00000|  0%| F|  |TAMS 0x0000000088b00000, 0x0000000088b00000| Untracked 
| 140|0x0000000088c00000, 0x0000000088c00000, 0x0000000088d00000|  0%| F|  |TAMS 0x0000000088c00000, 0x0000000088c00000| Untracked 
| 141|0x0000000088d00000, 0x0000000088d00000, 0x0000000088e00000|  0%| F|  |TAMS 0x0000000088d00000, 0x0000000088d00000| Untracked 
| 142|0x0000000088e00000, 0x0000000088e00000, 0x0000000088f00000|  0%| F|  |TAMS 0x0000000088e00000, 0x0000000088e00000| Untracked 
| 143|0x0000000088f00000, 0x0000000088f00000, 0x0000000089000000|  0%| F|  |TAMS 0x0000000088f00000, 0x0000000088f00000| Untracked 
| 144|0x0000000089000000, 0x0000000089000000, 0x0000000089100000|  0%| F|  |TAMS 0x0000000089000000, 0x0000000089000000| Untracked 
| 145|0x0000000089100000, 0x0000000089100000, 0x0000000089200000|  0%| F|  |TAMS 0x0000000089100000, 0x0000000089100000| Untracked 
| 146|0x0000000089200000, 0x0000000089200000, 0x0000000089300000|  0%| F|  |TAMS 0x0000000089200000, 0x0000000089200000| Untracked 
| 147|0x0000000089300000, 0x0000000089300000, 0x0000000089400000|  0%| F|  |TAMS 0x0000000089300000, 0x0000000089300000| Untracked 
| 148|0x0000000089400000, 0x0000000089400000, 0x0000000089500000|  0%| F|  |TAMS 0x0000000089400000, 0x0000000089400000| Untracked 
| 149|0x0000000089500000, 0x0000000089500000, 0x0000000089600000|  0%| F|  |TAMS 0x0000000089500000, 0x0000000089500000| Untracked 
| 150|0x0000000089600000, 0x0000000089600000, 0x0000000089700000|  0%| F|  |TAMS 0x0000000089600000, 0x0000000089600000| Untracked 
| 151|0x0000000089700000, 0x0000000089700000, 0x0000000089800000|  0%| F|  |TAMS 0x0000000089700000, 0x0000000089700000| Untracked 
| 152|0x0000000089800000, 0x0000000089800000, 0x0000000089900000|  0%| F|  |TAMS 0x0000000089800000, 0x0000000089800000| Untracked 
| 153|0x0000000089900000, 0x0000000089900000, 0x0000000089a00000|  0%| F|  |TAMS 0x0000000089900000, 0x0000000089900000| Untracked 
| 154|0x0000000089a00000, 0x0000000089a00000, 0x0000000089b00000|  0%| F|  |TAMS 0x0000000089a00000, 0x0000000089a00000| Untracked 
| 155|0x0000000089b00000, 0x0000000089b00000, 0x0000000089c00000|  0%| F|  |TAMS 0x0000000089b00000, 0x0000000089b00000| Untracked 
| 156|0x0000000089c00000, 0x0000000089c00000, 0x0000000089d00000|  0%| F|  |TAMS 0x0000000089c00000, 0x0000000089c00000| Untracked 
| 157|0x0000000089d00000, 0x0000000089d00000, 0x0000000089e00000|  0%| F|  |TAMS 0x0000000089d00000, 0x0000000089d00000| Untracked 
| 158|0x0000000089e00000, 0x0000000089e00000, 0x0000000089f00000|  0%| F|  |TAMS 0x0000000089e00000, 0x0000000089e00000| Untracked 
| 159|0x0000000089f00000, 0x0000000089f00000, 0x000000008a000000|  0%| F|  |TAMS 0x0000000089f00000, 0x0000000089f00000| Untracked 
| 160|0x000000008a000000, 0x000000008a000000, 0x000000008a100000|  0%| F|  |TAMS 0x000000008a000000, 0x000000008a000000| Untracked 
| 161|0x000000008a100000, 0x000000008a100000, 0x000000008a200000|  0%| F|  |TAMS 0x000000008a100000, 0x000000008a100000| Untracked 
| 162|0x000000008a200000, 0x000000008a200000, 0x000000008a300000|  0%| F|  |TAMS 0x000000008a200000, 0x000000008a200000| Untracked 
| 163|0x000000008a300000, 0x000000008a300000, 0x000000008a400000|  0%| F|  |TAMS 0x000000008a300000, 0x000000008a300000| Untracked 
| 164|0x000000008a400000, 0x000000008a400000, 0x000000008a500000|  0%| F|  |TAMS 0x000000008a400000, 0x000000008a400000| Untracked 
| 165|0x000000008a500000, 0x000000008a500000, 0x000000008a600000|  0%| F|  |TAMS 0x000000008a500000, 0x000000008a500000| Untracked 
| 166|0x000000008a600000, 0x000000008a600000, 0x000000008a700000|  0%| F|  |TAMS 0x000000008a600000, 0x000000008a600000| Untracked 
| 167|0x000000008a700000, 0x000000008a700000, 0x000000008a800000|  0%| F|  |TAMS 0x000000008a700000, 0x000000008a700000| Untracked 
| 168|0x000000008a800000, 0x000000008a800000, 0x000000008a900000|  0%| F|  |TAMS 0x000000008a800000, 0x000000008a800000| Untracked 
| 169|0x000000008a900000, 0x000000008a900000, 0x000000008aa00000|  0%| F|  |TAMS 0x000000008a900000, 0x000000008a900000| Untracked 
| 170|0x000000008aa00000, 0x000000008aa00000, 0x000000008ab00000|  0%| F|  |TAMS 0x000000008aa00000, 0x000000008aa00000| Untracked 
| 171|0x000000008ab00000, 0x000000008ab00000, 0x000000008ac00000|  0%| F|  |TAMS 0x000000008ab00000, 0x000000008ab00000| Untracked 
| 172|0x000000008ac00000, 0x000000008ac00000, 0x000000008ad00000|  0%| F|  |TAMS 0x000000008ac00000, 0x000000008ac00000| Untracked 
| 173|0x000000008ad00000, 0x000000008ad00000, 0x000000008ae00000|  0%| F|  |TAMS 0x000000008ad00000, 0x000000008ad00000| Untracked 
| 174|0x000000008ae00000, 0x000000008ae00000, 0x000000008af00000|  0%| F|  |TAMS 0x000000008ae00000, 0x000000008ae00000| Untracked 
| 175|0x000000008af00000, 0x000000008af00000, 0x000000008b000000|  0%| F|  |TAMS 0x000000008af00000, 0x000000008af00000| Untracked 
| 176|0x000000008b000000, 0x000000008b000000, 0x000000008b100000|  0%| F|  |TAMS 0x000000008b000000, 0x000000008b000000| Untracked 
| 177|0x000000008b100000, 0x000000008b100000, 0x000000008b200000|  0%| F|  |TAMS 0x000000008b100000, 0x000000008b100000| Untracked 
| 178|0x000000008b200000, 0x000000008b200000, 0x000000008b300000|  0%| F|  |TAMS 0x000000008b200000, 0x000000008b200000| Untracked 
| 179|0x000000008b300000, 0x000000008b300000, 0x000000008b400000|  0%| F|  |TAMS 0x000000008b300000, 0x000000008b300000| Untracked 
| 180|0x000000008b400000, 0x000000008b400000, 0x000000008b500000|  0%| F|  |TAMS 0x000000008b400000, 0x000000008b400000| Untracked 
| 181|0x000000008b500000, 0x000000008b580000, 0x000000008b600000| 50%| S|CS|TAMS 0x000000008b500000, 0x000000008b500000| Complete 
| 182|0x000000008b600000, 0x000000008b700000, 0x000000008b700000|100%| S|CS|TAMS 0x000000008b600000, 0x000000008b600000| Complete 
| 183|0x000000008b700000, 0x000000008b800000, 0x000000008b800000|100%| S|CS|TAMS 0x000000008b700000, 0x000000008b700000| Complete 
| 184|0x000000008b800000, 0x000000008b900000, 0x000000008b900000|100%| S|CS|TAMS 0x000000008b800000, 0x000000008b800000| Complete 
| 185|0x000000008b900000, 0x000000008ba00000, 0x000000008ba00000|100%| S|CS|TAMS 0x000000008b900000, 0x000000008b900000| Complete 
| 186|0x000000008ba00000, 0x000000008bb00000, 0x000000008bb00000|100%| S|CS|TAMS 0x000000008ba00000, 0x000000008ba00000| Complete 
| 187|0x000000008bb00000, 0x000000008bc00000, 0x000000008bc00000|100%| S|CS|TAMS 0x000000008bb00000, 0x000000008bb00000| Complete 
| 188|0x000000008bc00000, 0x000000008bd00000, 0x000000008bd00000|100%| S|CS|TAMS 0x000000008bc00000, 0x000000008bc00000| Complete 
| 189|0x000000008bd00000, 0x000000008bd00000, 0x000000008be00000|  0%| F|  |TAMS 0x000000008bd00000, 0x000000008bd00000| Untracked 
| 190|0x000000008be00000, 0x000000008be00000, 0x000000008bf00000|  0%| F|  |TAMS 0x000000008be00000, 0x000000008be00000| Untracked 
| 191|0x000000008bf00000, 0x000000008bf00000, 0x000000008c000000|  0%| F|  |TAMS 0x000000008bf00000, 0x000000008bf00000| Untracked 
| 192|0x000000008c000000, 0x000000008c000000, 0x000000008c100000|  0%| F|  |TAMS 0x000000008c000000, 0x000000008c000000| Untracked 
| 193|0x000000008c100000, 0x000000008c100000, 0x000000008c200000|  0%| F|  |TAMS 0x000000008c100000, 0x000000008c100000| Untracked 
| 194|0x000000008c200000, 0x000000008c200000, 0x000000008c300000|  0%| F|  |TAMS 0x000000008c200000, 0x000000008c200000| Untracked 
| 195|0x000000008c300000, 0x000000008c300000, 0x000000008c400000|  0%| F|  |TAMS 0x000000008c300000, 0x000000008c300000| Untracked 
| 196|0x000000008c400000, 0x000000008c400000, 0x000000008c500000|  0%| F|  |TAMS 0x000000008c400000, 0x000000008c400000| Untracked 
| 197|0x000000008c500000, 0x000000008c500000, 0x000000008c600000|  0%| F|  |TAMS 0x000000008c500000, 0x000000008c500000| Untracked 
| 198|0x000000008c600000, 0x000000008c600000, 0x000000008c700000|  0%| F|  |TAMS 0x000000008c600000, 0x000000008c600000| Untracked 
| 199|0x000000008c700000, 0x000000008c700000, 0x000000008c800000|  0%| F|  |TAMS 0x000000008c700000, 0x000000008c700000| Untracked 
| 200|0x000000008c800000, 0x000000008c800000, 0x000000008c900000|  0%| F|  |TAMS 0x000000008c800000, 0x000000008c800000| Untracked 
| 201|0x000000008c900000, 0x000000008c900000, 0x000000008ca00000|  0%| F|  |TAMS 0x000000008c900000, 0x000000008c900000| Untracked 
| 202|0x000000008ca00000, 0x000000008ca00000, 0x000000008cb00000|  0%| F|  |TAMS 0x000000008ca00000, 0x000000008ca00000| Untracked 
| 203|0x000000008cb00000, 0x000000008cb00000, 0x000000008cc00000|  0%| F|  |TAMS 0x000000008cb00000, 0x000000008cb00000| Untracked 
| 204|0x000000008cc00000, 0x000000008cc00000, 0x000000008cd00000|  0%| F|  |TAMS 0x000000008cc00000, 0x000000008cc00000| Untracked 
| 205|0x000000008cd00000, 0x000000008cd00000, 0x000000008ce00000|  0%| F|  |TAMS 0x000000008cd00000, 0x000000008cd00000| Untracked 
| 206|0x000000008ce00000, 0x000000008ce00000, 0x000000008cf00000|  0%| F|  |TAMS 0x000000008ce00000, 0x000000008ce00000| Untracked 
| 207|0x000000008cf00000, 0x000000008cf00000, 0x000000008d000000|  0%| F|  |TAMS 0x000000008cf00000, 0x000000008cf00000| Untracked 
| 208|0x000000008d000000, 0x000000008d000000, 0x000000008d100000|  0%| F|  |TAMS 0x000000008d000000, 0x000000008d000000| Untracked 
| 209|0x000000008d100000, 0x000000008d100000, 0x000000008d200000|  0%| F|  |TAMS 0x000000008d100000, 0x000000008d100000| Untracked 
| 210|0x000000008d200000, 0x000000008d200000, 0x000000008d300000|  0%| F|  |TAMS 0x000000008d200000, 0x000000008d200000| Untracked 
| 211|0x000000008d300000, 0x000000008d300000, 0x000000008d400000|  0%| F|  |TAMS 0x000000008d300000, 0x000000008d300000| Untracked 
| 212|0x000000008d400000, 0x000000008d400000, 0x000000008d500000|  0%| F|  |TAMS 0x000000008d400000, 0x000000008d400000| Untracked 
| 213|0x000000008d500000, 0x000000008d500000, 0x000000008d600000|  0%| F|  |TAMS 0x000000008d500000, 0x000000008d500000| Untracked 
| 214|0x000000008d600000, 0x000000008d600000, 0x000000008d700000|  0%| F|  |TAMS 0x000000008d600000, 0x000000008d600000| Untracked 
| 215|0x000000008d700000, 0x000000008d700000, 0x000000008d800000|  0%| F|  |TAMS 0x000000008d700000, 0x000000008d700000| Untracked 
| 216|0x000000008d800000, 0x000000008d800000, 0x000000008d900000|  0%| F|  |TAMS 0x000000008d800000, 0x000000008d800000| Untracked 
| 217|0x000000008d900000, 0x000000008d900000, 0x000000008da00000|  0%| F|  |TAMS 0x000000008d900000, 0x000000008d900000| Untracked 
| 218|0x000000008da00000, 0x000000008da00000, 0x000000008db00000|  0%| F|  |TAMS 0x000000008da00000, 0x000000008da00000| Untracked 
| 219|0x000000008db00000, 0x000000008db00000, 0x000000008dc00000|  0%| F|  |TAMS 0x000000008db00000, 0x000000008db00000| Untracked 
| 220|0x000000008dc00000, 0x000000008dc00000, 0x000000008dd00000|  0%| F|  |TAMS 0x000000008dc00000, 0x000000008dc00000| Untracked 
| 221|0x000000008dd00000, 0x000000008dd00000, 0x000000008de00000|  0%| F|  |TAMS 0x000000008dd00000, 0x000000008dd00000| Untracked 
| 222|0x000000008de00000, 0x000000008de00000, 0x000000008df00000|  0%| F|  |TAMS 0x000000008de00000, 0x000000008de00000| Untracked 
| 223|0x000000008df00000, 0x000000008df00000, 0x000000008e000000|  0%| F|  |TAMS 0x000000008df00000, 0x000000008df00000| Untracked 
| 224|0x000000008e000000, 0x000000008e000000, 0x000000008e100000|  0%| F|  |TAMS 0x000000008e000000, 0x000000008e000000| Untracked 
| 225|0x000000008e100000, 0x000000008e100000, 0x000000008e200000|  0%| F|  |TAMS 0x000000008e100000, 0x000000008e100000| Untracked 
| 226|0x000000008e200000, 0x000000008e200000, 0x000000008e300000|  0%| F|  |TAMS 0x000000008e200000, 0x000000008e200000| Untracked 
| 227|0x000000008e300000, 0x000000008e300000, 0x000000008e400000|  0%| F|  |TAMS 0x000000008e300000, 0x000000008e300000| Untracked 
| 228|0x000000008e400000, 0x000000008e400000, 0x000000008e500000|  0%| F|  |TAMS 0x000000008e400000, 0x000000008e400000| Untracked 
| 229|0x000000008e500000, 0x000000008e500000, 0x000000008e600000|  0%| F|  |TAMS 0x000000008e500000, 0x000000008e500000| Untracked 
| 230|0x000000008e600000, 0x000000008e600000, 0x000000008e700000|  0%| F|  |TAMS 0x000000008e600000, 0x000000008e600000| Untracked 
| 231|0x000000008e700000, 0x000000008e700000, 0x000000008e800000|  0%| F|  |TAMS 0x000000008e700000, 0x000000008e700000| Untracked 
| 232|0x000000008e800000, 0x000000008e800000, 0x000000008e900000|  0%| F|  |TAMS 0x000000008e800000, 0x000000008e800000| Untracked 
| 233|0x000000008e900000, 0x000000008e900000, 0x000000008ea00000|  0%| F|  |TAMS 0x000000008e900000, 0x000000008e900000| Untracked 
| 234|0x000000008ea00000, 0x000000008ea00000, 0x000000008eb00000|  0%| F|  |TAMS 0x000000008ea00000, 0x000000008ea00000| Untracked 
| 235|0x000000008eb00000, 0x000000008eb00000, 0x000000008ec00000|  0%| F|  |TAMS 0x000000008eb00000, 0x000000008eb00000| Untracked 
| 236|0x000000008ec00000, 0x000000008ec00000, 0x000000008ed00000|  0%| F|  |TAMS 0x000000008ec00000, 0x000000008ec00000| Untracked 
| 237|0x000000008ed00000, 0x000000008ed00000, 0x000000008ee00000|  0%| F|  |TAMS 0x000000008ed00000, 0x000000008ed00000| Untracked 
| 238|0x000000008ee00000, 0x000000008ee00000, 0x000000008ef00000|  0%| F|  |TAMS 0x000000008ee00000, 0x000000008ee00000| Untracked 
| 239|0x000000008ef00000, 0x000000008ef00000, 0x000000008f000000|  0%| F|  |TAMS 0x000000008ef00000, 0x000000008ef00000| Untracked 
| 240|0x000000008f000000, 0x000000008f000000, 0x000000008f100000|  0%| F|  |TAMS 0x000000008f000000, 0x000000008f000000| Untracked 
| 241|0x000000008f100000, 0x000000008f100000, 0x000000008f200000|  0%| F|  |TAMS 0x000000008f100000, 0x000000008f100000| Untracked 
| 242|0x000000008f200000, 0x000000008f200000, 0x000000008f300000|  0%| F|  |TAMS 0x000000008f200000, 0x000000008f200000| Untracked 
| 243|0x000000008f300000, 0x000000008f300000, 0x000000008f400000|  0%| F|  |TAMS 0x000000008f300000, 0x000000008f300000| Untracked 
| 244|0x000000008f400000, 0x000000008f400000, 0x000000008f500000|  0%| F|  |TAMS 0x000000008f400000, 0x000000008f400000| Untracked 
| 245|0x000000008f500000, 0x000000008f500000, 0x000000008f600000|  0%| F|  |TAMS 0x000000008f500000, 0x000000008f500000| Untracked 
| 246|0x000000008f600000, 0x000000008f600000, 0x000000008f700000|  0%| F|  |TAMS 0x000000008f600000, 0x000000008f600000| Untracked 
| 247|0x000000008f700000, 0x000000008f700000, 0x000000008f800000|  0%| F|  |TAMS 0x000000008f700000, 0x000000008f700000| Untracked 
| 248|0x000000008f800000, 0x000000008f800000, 0x000000008f900000|  0%| F|  |TAMS 0x000000008f800000, 0x000000008f800000| Untracked 
| 249|0x000000008f900000, 0x000000008f900000, 0x000000008fa00000|  0%| F|  |TAMS 0x000000008f900000, 0x000000008f900000| Untracked 
| 250|0x000000008fa00000, 0x000000008fa00000, 0x000000008fb00000|  0%| F|  |TAMS 0x000000008fa00000, 0x000000008fa00000| Untracked 
| 251|0x000000008fb00000, 0x000000008fb00000, 0x000000008fc00000|  0%| F|  |TAMS 0x000000008fb00000, 0x000000008fb00000| Untracked 
| 252|0x000000008fc00000, 0x000000008fc00000, 0x000000008fd00000|  0%| F|  |TAMS 0x000000008fc00000, 0x000000008fc00000| Untracked 
| 253|0x000000008fd00000, 0x000000008fd00000, 0x000000008fe00000|  0%| F|  |TAMS 0x000000008fd00000, 0x000000008fd00000| Untracked 
| 254|0x000000008fe00000, 0x000000008fe00000, 0x000000008ff00000|  0%| F|  |TAMS 0x000000008fe00000, 0x000000008fe00000| Untracked 
| 255|0x000000008ff00000, 0x000000008ff00000, 0x0000000090000000|  0%| F|  |TAMS 0x000000008ff00000, 0x000000008ff00000| Untracked 
| 256|0x0000000090000000, 0x0000000090000000, 0x0000000090100000|  0%| F|  |TAMS 0x0000000090000000, 0x0000000090000000| Untracked 
| 257|0x0000000090100000, 0x0000000090100000, 0x0000000090200000|  0%| F|  |TAMS 0x0000000090100000, 0x0000000090100000| Untracked 
| 258|0x0000000090200000, 0x0000000090200000, 0x0000000090300000|  0%| F|  |TAMS 0x0000000090200000, 0x0000000090200000| Untracked 
| 259|0x0000000090300000, 0x0000000090300000, 0x0000000090400000|  0%| F|  |TAMS 0x0000000090300000, 0x0000000090300000| Untracked 
| 260|0x0000000090400000, 0x0000000090400000, 0x0000000090500000|  0%| F|  |TAMS 0x0000000090400000, 0x0000000090400000| Untracked 
| 261|0x0000000090500000, 0x0000000090500000, 0x0000000090600000|  0%| F|  |TAMS 0x0000000090500000, 0x0000000090500000| Untracked 
| 262|0x0000000090600000, 0x0000000090600000, 0x0000000090700000|  0%| F|  |TAMS 0x0000000090600000, 0x0000000090600000| Untracked 
| 263|0x0000000090700000, 0x0000000090700000, 0x0000000090800000|  0%| F|  |TAMS 0x0000000090700000, 0x0000000090700000| Untracked 
| 264|0x0000000090800000, 0x0000000090800000, 0x0000000090900000|  0%| F|  |TAMS 0x0000000090800000, 0x0000000090800000| Untracked 
| 265|0x0000000090900000, 0x0000000090900000, 0x0000000090a00000|  0%| F|  |TAMS 0x0000000090900000, 0x0000000090900000| Untracked 
| 266|0x0000000090a00000, 0x0000000090a00000, 0x0000000090b00000|  0%| F|  |TAMS 0x0000000090a00000, 0x0000000090a00000| Untracked 

Card table byte_map: [0x000001e2f4a90000,0x000001e2f4e90000] _byte_map_base: 0x000001e2f4690000

Marking Bits (Prev, Next): (CMBitMap*) 0x000001e2eed98030, (CMBitMap*) 0x000001e2eed97ff8
 Prev Bits: [0x000001e2f7290000, 0x000001e2f9290000)
 Next Bits: [0x000001e2f5290000, 0x000001e2f7290000)

Polling page: 0x000001e2eee30000

Metaspace:

Usage:
  Non-class:    100.98 MB capacity,    98.94 MB ( 98%) used,     1.65 MB (  2%) free+waste,   403.25 KB ( <1%) overhead. 
      Class:     15.79 MB capacity,    14.55 MB ( 92%) used,     1.06 MB (  7%) free+waste,   183.06 KB (  1%) overhead. 
       Both:    116.77 MB capacity,   113.49 MB ( 97%) used,     2.71 MB (  2%) free+waste,   586.31 KB ( <1%) overhead. 

Virtual space:
  Non-class space:      102.00 MB reserved,     101.05 MB (>99%) committed 
      Class space:        1.00 GB reserved,      15.82 MB (  2%) committed 
             Both:        1.10 GB reserved,     116.87 MB ( 10%) committed 

Chunk freelists:
   Non-Class:  2.00 KB
       Class:  0 bytes
        Both:  2.00 KB

MaxMetaspaceSize: 17179869184.00 GB
CompressedClassSpaceSize: 1.00 GB
Initial GC threshold: 20.80 MB
Current GC threshold: 157.91 MB
CDS: off

CodeHeap 'non-profiled nmethods': size=120064Kb used=9309Kb max_used=9309Kb free=110754Kb
 bounds [0x000001e287ac0000, 0x000001e2883e0000, 0x000001e28f000000]
CodeHeap 'profiled nmethods': size=120000Kb used=34861Kb max_used=34861Kb free=85138Kb
 bounds [0x000001e280590000, 0x000001e2827a0000, 0x000001e287ac0000]
CodeHeap 'non-nmethods': size=5696Kb used=2524Kb max_used=2532Kb free=3171Kb
 bounds [0x000001e280000000, 0x000001e280290000, 0x000001e280590000]
 total_blobs=16726 nmethods=15737 adapters=898
 compilation: enabled
              stopped_count=0, restarted_count=0
 full_count=0

Compilation events (20 events):
Event: 33.004 Thread 0x000001e2fb901800 nmethod 15928 0x000001e282795c10 code [0x000001e282795ea0, 0x000001e2827964d8]
Event: 33.004 Thread 0x000001e2fb901800 15929       2       com.android.tools.r8.internal.ne::a (72 bytes)
Event: 33.005 Thread 0x000001e2fb901800 nmethod 15929 0x000001e282796990 code [0x000001e282796b80, 0x000001e282796f68]
Event: 33.005 Thread 0x000001e2fb901800 15930       2       com.android.tools.r8.internal.Ro::E (254 bytes)
Event: 33.007 Thread 0x000001e2fb901800 nmethod 15930 0x000001e282797290 code [0x000001e2827975e0, 0x000001e282798228]
Event: 33.007 Thread 0x000001e2fb901800 15932       1       com.android.tools.r8.internal.iV::b (5 bytes)
Event: 33.007 Thread 0x000001e2fb901800 nmethod 15932 0x000001e2883d6e90 code [0x000001e2883d7040, 0x000001e2883d70f8]
Event: 33.007 Thread 0x000001e2fb901800 15933       1       com.android.tools.r8.internal.iV::d (2 bytes)
Event: 33.007 Thread 0x000001e2fb901800 nmethod 15933 0x000001e2883d7190 code [0x000001e2883d7340, 0x000001e2883d73f8]
Event: 33.007 Thread 0x000001e2fb901800 15931       2       com.android.tools.r8.internal.G50::S (5 bytes)
Event: 33.007 Thread 0x000001e2fb901800 nmethod 15931 0x000001e282798b90 code [0x000001e282798d40, 0x000001e282798e78]
Event: 33.008 Thread 0x000001e2fb901800 15934       2       com.android.tools.r8.ir.regalloc.c::a (46 bytes)
Event: 33.008 Thread 0x000001e2fb901800 nmethod 15934 0x000001e282798f10 code [0x000001e282799100, 0x000001e282799418]
Event: 33.009 Thread 0x000001e2fb901800 15935       2       com.android.tools.r8.ir.regalloc.h::hashCode (32 bytes)
Event: 33.009 Thread 0x000001e2fb901800 nmethod 15935 0x000001e282799610 code [0x000001e2827997c0, 0x000001e282799908]
Event: 33.009 Thread 0x000001e2fb901800 15936       2       com.android.tools.r8.ir.regalloc.c::f (138 bytes)
Event: 33.010 Thread 0x000001e2fb901800 nmethod 15936 0x000001e282799a10 code [0x000001e282799be0, 0x000001e282799f88]
Event: 33.010 Thread 0x000001e2fb901800 15938       2       com.android.tools.r8.ir.regalloc.i::a (353 bytes)
Event: 33.011 Thread 0x000001e2fb901800 nmethod 15938 0x000001e28279a190 code [0x000001e28279a480, 0x000001e28279ae48]
Event: 33.012 Thread 0x000001e2fb901800 15942 %     3       com.android.tools.r8.ir.regalloc.b::a @ 682 (1831 bytes)

GC Heap History (20 events):
Event: 24.424 GC heap after
{Heap after GC invocations=33 (full 0):
 garbage-first heap   total 227328K, used 109866K [0x0000000080000000, 0x0000000100000000)
  region size 1024K, 1 young (1024K), 1 survivors (1024K)
 Metaspace       used 94236K, capacity 96767K, committed 97020K, reserved 1134592K
  class space    used 12008K, capacity 12935K, committed 13004K, reserved 1048576K
}
Event: 24.653 GC heap before
{Heap before GC invocations=33 (full 0):
 garbage-first heap   total 227328K, used 185642K [0x0000000080000000, 0x0000000100000000)
  region size 1024K, 75 young (76800K), 1 survivors (1024K)
 Metaspace       used 94236K, capacity 96767K, committed 97020K, reserved 1134592K
  class space    used 12008K, capacity 12935K, committed 13004K, reserved 1048576K
}
Event: 24.657 GC heap after
{Heap after GC invocations=34 (full 0):
 garbage-first heap   total 227328K, used 113298K [0x0000000080000000, 0x0000000100000000)
  region size 1024K, 3 young (3072K), 3 survivors (3072K)
 Metaspace       used 94236K, capacity 96767K, committed 97020K, reserved 1134592K
  class space    used 12008K, capacity 12935K, committed 13004K, reserved 1048576K
}
Event: 24.922 GC heap before
{Heap before GC invocations=35 (full 0):
 garbage-first heap   total 227328K, used 186002K [0x0000000080000000, 0x0000000100000000)
  region size 1024K, 76 young (77824K), 3 survivors (3072K)
 Metaspace       used 94239K, capacity 96767K, committed 97020K, reserved 1134592K
  class space    used 12008K, capacity 12935K, committed 13004K, reserved 1048576K
}
Event: 24.929 GC heap after
{Heap after GC invocations=36 (full 0):
 garbage-first heap   total 227328K, used 114532K [0x0000000080000000, 0x0000000100000000)
  region size 1024K, 4 young (4096K), 4 survivors (4096K)
 Metaspace       used 94239K, capacity 96767K, committed 97020K, reserved 1134592K
  class space    used 12008K, capacity 12935K, committed 13004K, reserved 1048576K
}
Event: 25.146 GC heap before
{Heap before GC invocations=36 (full 0):
 garbage-first heap   total 227328K, used 188260K [0x0000000080000000, 0x0000000100000000)
  region size 1024K, 77 young (78848K), 4 survivors (4096K)
 Metaspace       used 94241K, capacity 96767K, committed 97020K, reserved 1134592K
  class space    used 12008K, capacity 12935K, committed 13004K, reserved 1048576K
}
Event: 25.160 GC heap after
{Heap after GC invocations=37 (full 0):
 garbage-first heap   total 227328K, used 114701K [0x0000000080000000, 0x0000000100000000)
  region size 1024K, 4 young (4096K), 4 survivors (4096K)
 Metaspace       used 94241K, capacity 96767K, committed 97020K, reserved 1134592K
  class space    used 12008K, capacity 12935K, committed 13004K, reserved 1048576K
}
Event: 25.547 GC heap before
{Heap before GC invocations=37 (full 0):
 garbage-first heap   total 227328K, used 189453K [0x0000000080000000, 0x0000000100000000)
  region size 1024K, 78 young (79872K), 4 survivors (4096K)
 Metaspace       used 94213K, capacity 96720K, committed 97020K, reserved 1134592K
  class space    used 11998K, capacity 12918K, committed 13004K, reserved 1048576K
}
Event: 25.556 GC heap after
{Heap after GC invocations=38 (full 0):
 garbage-first heap   total 273408K, used 116177K [0x0000000080000000, 0x0000000100000000)
  region size 1024K, 6 young (6144K), 6 survivors (6144K)
 Metaspace       used 94213K, capacity 96720K, committed 97020K, reserved 1134592K
  class space    used 11998K, capacity 12918K, committed 13004K, reserved 1048576K
}
Event: 25.778 GC heap before
{Heap before GC invocations=39 (full 0):
 garbage-first heap   total 273408K, used 213457K [0x0000000080000000, 0x0000000100000000)
  region size 1024K, 102 young (104448K), 6 survivors (6144K)
 Metaspace       used 94216K, capacity 96720K, committed 97020K, reserved 1134592K
  class space    used 11998K, capacity 12918K, committed 13004K, reserved 1048576K
}
Event: 25.790 GC heap after
{Heap after GC invocations=40 (full 0):
 garbage-first heap   total 273408K, used 115650K [0x0000000080000000, 0x0000000100000000)
  region size 1024K, 7 young (7168K), 7 survivors (7168K)
 Metaspace       used 94216K, capacity 96720K, committed 97020K, reserved 1134592K
  class space    used 11998K, capacity 12918K, committed 13004K, reserved 1048576K
}
Event: 26.155 GC heap before
{Heap before GC invocations=40 (full 0):
 garbage-first heap   total 273408K, used 229314K [0x0000000080000000, 0x0000000100000000)
  region size 1024K, 119 young (121856K), 7 survivors (7168K)
 Metaspace       used 94256K, capacity 96787K, committed 97276K, reserved 1134592K
  class space    used 11998K, capacity 12918K, committed 13004K, reserved 1048576K
}
Event: 26.159 GC heap after
{Heap after GC invocations=41 (full 0):
 garbage-first heap   total 273408K, used 110158K [0x0000000080000000, 0x0000000100000000)
  region size 1024K, 2 young (2048K), 2 survivors (2048K)
 Metaspace       used 94256K, capacity 96787K, committed 97276K, reserved 1134592K
  class space    used 11998K, capacity 12918K, committed 13004K, reserved 1048576K
}
Event: 28.034 GC heap before
{Heap before GC invocations=41 (full 0):
 garbage-first heap   total 273408K, used 235086K [0x0000000080000000, 0x0000000100000000)
  region size 1024K, 125 young (128000K), 2 survivors (2048K)
 Metaspace       used 101766K, capacity 104380K, committed 104700K, reserved 1140736K
  class space    used 12932K, capacity 13883K, committed 14028K, reserved 1048576K
}
Event: 28.046 GC heap after
{Heap after GC invocations=42 (full 0):
 garbage-first heap   total 273408K, used 114964K [0x0000000080000000, 0x0000000100000000)
  region size 1024K, 6 young (6144K), 6 survivors (6144K)
 Metaspace       used 101766K, capacity 104380K, committed 104700K, reserved 1140736K
  class space    used 12932K, capacity 13883K, committed 14028K, reserved 1048576K
}
Event: 29.982 GC heap before
{Heap before GC invocations=42 (full 0):
 garbage-first heap   total 273408K, used 232724K [0x0000000080000000, 0x0000000100000000)
  region size 1024K, 122 young (124928K), 6 survivors (6144K)
 Metaspace       used 108778K, capacity 111827K, committed 111996K, reserved 1146880K
  class space    used 13932K, capacity 15047K, committed 15180K, reserved 1048576K
}
Event: 30.009 GC heap after
{Heap after GC invocations=43 (full 0):
 garbage-first heap   total 273408K, used 131718K [0x0000000080000000, 0x0000000100000000)
  region size 1024K, 16 young (16384K), 16 survivors (16384K)
 Metaspace       used 108778K, capacity 111827K, committed 111996K, reserved 1146880K
  class space    used 13932K, capacity 15047K, committed 15180K, reserved 1048576K
}
Event: 31.687 GC heap before
{Heap before GC invocations=43 (full 0):
 garbage-first heap   total 273408K, used 223878K [0x0000000080000000, 0x0000000100000000)
  region size 1024K, 107 young (109568K), 16 survivors (16384K)
 Metaspace       used 113696K, capacity 116986K, committed 117116K, reserved 1150976K
  class space    used 14682K, capacity 15925K, committed 15948K, reserved 1048576K
}
Event: 31.723 GC heap after
{Heap after GC invocations=44 (full 0):
 garbage-first heap   total 273408K, used 142272K [0x0000000080000000, 0x0000000100000000)
  region size 1024K, 14 young (14336K), 14 survivors (14336K)
 Metaspace       used 113696K, capacity 116986K, committed 117116K, reserved 1150976K
  class space    used 14682K, capacity 15925K, committed 15948K, reserved 1048576K
}
Event: 33.013 GC heap before
{Heap before GC invocations=44 (full 0):
 garbage-first heap   total 273408K, used 222144K [0x0000000080000000, 0x0000000100000000)
  region size 1024K, 92 young (94208K), 14 survivors (14336K)
 Metaspace       used 116210K, capacity 119576K, committed 119676K, reserved 1153024K
  class space    used 14899K, capacity 16170K, committed 16204K, reserved 1048576K
}

Deoptimization events (20 events):
Event: 32.881 Thread 0x000001e29123e800 Uncommon trap: trap_request=0xffffffde fr.pc=0x000001e2883b8690 relative=0x0000000000000390
Event: 32.881 Thread 0x000001e29123e800 Uncommon trap: reason=class_check action=maybe_recompile pc=0x000001e2883b8690 method=com.android.tools.r8.graph.Q2.a(Ljava/util/function/Predicate;Ljava/util/function/Consumer;Lcom/android/tools/r8/graph/p0;)Lcom/android/tools/r8/internal/d30; @ 2 c2
Event: 32.881 Thread 0x000001e29123e800 DEOPT PACKING pc=0x000001e2883b8690 sp=0x0000001279ef6a40
Event: 32.881 Thread 0x000001e29123e800 DEOPT UNPACKING pc=0x000001e28004a1af sp=0x0000001279ef6988 mode 2
Event: 32.881 Thread 0x000001e29123e800 Uncommon trap: trap_request=0xffffffde fr.pc=0x000001e2883b8690 relative=0x0000000000000390
Event: 32.881 Thread 0x000001e29123e800 Uncommon trap: reason=class_check action=maybe_recompile pc=0x000001e2883b8690 method=com.android.tools.r8.graph.Q2.a(Ljava/util/function/Predicate;Ljava/util/function/Consumer;Lcom/android/tools/r8/graph/p0;)Lcom/android/tools/r8/internal/d30; @ 2 c2
Event: 32.881 Thread 0x000001e29123e800 DEOPT PACKING pc=0x000001e2883b8690 sp=0x0000001279ef6a40
Event: 32.881 Thread 0x000001e29123e800 DEOPT UNPACKING pc=0x000001e28004a1af sp=0x0000001279ef6988 mode 2
Event: 32.881 Thread 0x000001e29123e800 Uncommon trap: trap_request=0xffffffde fr.pc=0x000001e2883b8690 relative=0x0000000000000390
Event: 32.881 Thread 0x000001e29123e800 Uncommon trap: reason=class_check action=maybe_recompile pc=0x000001e2883b8690 method=com.android.tools.r8.graph.Q2.a(Ljava/util/function/Predicate;Ljava/util/function/Consumer;Lcom/android/tools/r8/graph/p0;)Lcom/android/tools/r8/internal/d30; @ 2 c2
Event: 32.881 Thread 0x000001e29123e800 DEOPT PACKING pc=0x000001e2883b8690 sp=0x0000001279ef6a40
Event: 32.881 Thread 0x000001e29123e800 DEOPT UNPACKING pc=0x000001e28004a1af sp=0x0000001279ef6988 mode 2
Event: 32.920 Thread 0x000001e28f9b6000 Uncommon trap: trap_request=0xffffff4d fr.pc=0x000001e2882f8c50 relative=0x0000000000000230
Event: 32.920 Thread 0x000001e28f9b6000 Uncommon trap: reason=unstable_if action=reinterpret pc=0x000001e2882f8c50 method=com.android.tools.r8.graph.e1.a([C)I @ 44 c2
Event: 32.920 Thread 0x000001e28f9b6000 DEOPT PACKING pc=0x000001e2882f8c50 sp=0x00000012780f95d0
Event: 32.920 Thread 0x000001e28f9b6000 DEOPT UNPACKING pc=0x000001e28004a1af sp=0x00000012780f9548 mode 2
Event: 32.920 Thread 0x000001e28f9b6000 Uncommon trap: trap_request=0xffffff4d fr.pc=0x000001e287ad2aa8 relative=0x0000000000000308
Event: 32.920 Thread 0x000001e28f9b6000 Uncommon trap: reason=unstable_if action=reinterpret pc=0x000001e287ad2aa8 method=java.lang.StringUTF16.compress([CI[BII)I @ 20 c2
Event: 32.920 Thread 0x000001e28f9b6000 DEOPT PACKING pc=0x000001e287ad2aa8 sp=0x00000012780f9540
Event: 32.920 Thread 0x000001e28f9b6000 DEOPT UNPACKING pc=0x000001e28004a1af sp=0x00000012780f94c0 mode 2

Classes redefined (0 events):
No events

Internal exceptions (20 events):
Event: 29.310 Thread 0x000001e29123e800 Exception <a 'java/lang/IncompatibleClassChangeError'{0x000000008b9ce760}: Found class java.lang.Object, but interface was expected> (0x000000008b9ce760) thrown at [src/hotspot/share/interpreter/linkResolver.cpp, line 839]
Event: 29.377 Thread 0x000001e28f9bf000 Exception <a 'java/lang/NoSuchMethodError'{0x000000008b6c4c48}: 'java.lang.Object java.lang.invoke.DirectMethodHandle$Holder.invokeStatic(java.lang.Object, long)'> (0x000000008b6c4c48) thrown at [src/hotspot/share/interpreter/linkResolver.cpp, line 773]
Event: 29.377 Thread 0x000001e28f9bf000 Exception <a 'java/lang/NoSuchMethodError'{0x000000008b6c9708}: 'java.lang.Object java.lang.invoke.DirectMethodHandle$Holder.invokeSpecial(java.lang.Object, java.lang.Object, long)'> (0x000000008b6c9708) thrown at [src/hotspot/share/interpreter/linkResolver.cpp, line 773]
Event: 29.377 Thread 0x000001e28f9b6000 Exception <a 'java/lang/NoSuchMethodError'{0x000000008b6be480}: 'java.lang.Object java.lang.invoke.DirectMethodHandle$Holder.invokeStatic(java.lang.Object, long)'> (0x000000008b6be480) thrown at [src/hotspot/share/interpreter/linkResolver.cpp, line 773]
Event: 29.377 Thread 0x000001e29123e800 Exception <a 'java/lang/NoSuchMethodError'{0x000000008b6cbac8}: 'java.lang.Object java.lang.invoke.DirectMethodHandle$Holder.invokeSpecial(java.lang.Object, java.lang.Object, long)'> (0x000000008b6cbac8) thrown at [src/hotspot/share/interpreter/linkResolver.cpp, line 773]
Event: 29.382 Thread 0x000001e29123e800 Exception <a 'java/lang/NoSuchMethodError'{0x000000008b6d7670}: 'java.lang.Object java.lang.invoke.Invokers$Holder.linkToTargetMethod(long, java.lang.Object)'> (0x000000008b6d7670) thrown at [src/hotspot/share/interpreter/linkResolver.cpp, line 773]
Event: 29.648 Thread 0x000001e29123e800 Exception <a 'java/lang/NoSuchMethodError'{0x000000008a692c48}: 'void java.lang.invoke.DirectMethodHandle$Holder.invokeStatic(java.lang.Object, java.lang.Object, java.lang.Object, int)'> (0x000000008a692c48) thrown at [src/hotspot/share/interpreter/linkResolver.cpp, line 773]
Event: 29.650 Thread 0x000001e29123e800 Exception <a 'java/lang/IncompatibleClassChangeError'{0x000000008a6b1810}: Found class java.lang.Object, but interface was expected> (0x000000008a6b1810) thrown at [src/hotspot/share/interpreter/linkResolver.cpp, line 839]
Event: 30.248 Thread 0x000001e29123e800 Exception <a 'java/lang/NoSuchMethodError'{0x000000008f9a51b0}: 'java.lang.Object java.lang.invoke.DirectMethodHandle$Holder.invokeStatic(java.lang.Object, int, java.lang.Object, java.lang.Object)'> (0x000000008f9a51b0) thrown at [src/hotspot/share/interpreter/linkResolver.cpp, line 773]
Event: 30.249 Thread 0x000001e28f9b6000 Exception <a 'java/lang/NoSuchMethodError'{0x000000008f84a240}: 'java.lang.Object java.lang.invoke.DirectMethodHandle$Holder.invokeStatic(java.lang.Object, int, java.lang.Object, java.lang.Object)'> (0x000000008f84a240) thrown at [src/hotspot/share/interpreter/linkResolver.cpp, line 773]
Event: 31.090 Thread 0x000001e29123e800 Exception <a 'java/lang/IncompatibleClassChangeError'{0x000000008e24ac28}: Found class java.lang.Object, but interface was expected> (0x000000008e24ac28) thrown at [src/hotspot/share/interpreter/linkResolver.cpp, line 839]
Event: 31.156 Thread 0x000001e29123e800 Exception <a 'java/lang/IncompatibleClassChangeError'{0x000000008e258070}: Found class java.lang.Object, but interface was expected> (0x000000008e258070) thrown at [src/hotspot/share/interpreter/linkResolver.cpp, line 839]
Event: 31.321 Thread 0x000001e28f9b6000 Exception <a 'java/lang/NoSuchMethodError'{0x000000008d0f6c10}: 'void java.lang.invoke.DirectMethodHandle$Holder.invokeSpecial(java.lang.Object, java.lang.Object, int, java.lang.Object)'> (0x000000008d0f6c10) thrown at [src/hotspot/share/interpreter/linkResolver.cpp, line 773]
Event: 31.480 Thread 0x000001e29123e800 Exception <a 'java/lang/NoSuchMethodError'{0x000000008bdf82f8}: 'int java.lang.invoke.DirectMethodHandle$Holder.invokeSpecial(java.lang.Object, java.lang.Object, java.lang.Object, int, java.lang.Object)'> (0x000000008bdf82f8) thrown at [src/hotspot/share/interpreter/linkResolver.cpp, line 773]
Event: 31.844 Thread 0x000001e28f9b6000 Exception <a 'java/lang/NoSuchMethodError'{0x0000000090215218}: 'java.lang.Object java.lang.invoke.DirectMethodHandle$Holder.invokeInterface(java.lang.Object, java.lang.Object, int)'> (0x0000000090215218) thrown at [src/hotspot/share/interpreter/linkResolver.cpp, line 773]
Event: 32.365 Thread 0x000001e28f9b6000 Exception <a 'java/lang/NoSuchMethodError'{0x000000008d5f4330}: 'java.lang.Object java.lang.invoke.DirectMethodHandle$Holder.invokeSpecial(java.lang.Object, java.lang.Object, java.lang.Object, java.lang.Object, java.lang.Object, java.lang.Object, java.lang.Object, java.lang.Object, java.lang.Object, java.lang.Object, java.lang.Object)'> (0x000000008d5f4330) thrown at [src/hotspot/share/interpreter/linkResolver.cpp, line 773]
Event: 32.366 Thread 0x000001e28f9b6000 Exception <a 'java/lang/NoSuchMethodError'{0x000000008d5ffcd0}: 'java.lang.Object java.lang.invoke.Invokers$Holder.linkToTargetMethod(java.lang.Object, java.lang.Object, java.lang.Object, java.lang.Object, java.lang.Object, java.lang.Object, java.lang.Object, java.lang.Object, java.lang.Object, java.lang.Object)'> (0x000000008d5ffcd0) thrown at [src/hotspot/share/interpreter/linkResolver.cpp, line 773]
Event: 32.383 Thread 0x000001e28f9b6000 Exception <a 'java/lang/IncompatibleClassChangeError'{0x000000008d4680b8}: Found class java.lang.Object, but interface was expected> (0x000000008d4680b8) thrown at [src/hotspot/share/interpreter/linkResolver.cpp, line 839]
Event: 32.387 Thread 0x000001e28f9bf000 Exception <a 'java/lang/NoSuchMethodError'{0x000000008d7a8b20}: 'int java.lang.invoke.DirectMethodHandle$Holder.invokeStatic(java.lang.Object, java.lang.Object, int, java.lang.Object)'> (0x000000008d7a8b20) thrown at [src/hotspot/share/interpreter/linkResolver.cpp, line 773]
Event: 32.421 Thread 0x000001e28f9b6000 Exception <a 'java/lang/NoSuchMethodError'{0x000000008d4ab508}: 'void java.lang.invoke.DirectMethodHandle$Holder.invokeSpecialIFC(java.lang.Object, java.lang.Object, java.lang.Object, java.lang.Object)'> (0x000000008d4ab508) thrown at [src/hotspot/share/interpreter/linkResolver.cpp, line 773]

Events (20 events):
Event: 32.959 loading class com/android/tools/r8/internal/OD done
Event: 32.960 loading class com/android/tools/r8/internal/SD
Event: 32.960 loading class com/android/tools/r8/internal/SD done
Event: 32.961 loading class com/android/tools/r8/internal/Aw
Event: 32.961 loading class com/android/tools/r8/internal/Aw done
Event: 32.961 loading class com/android/tools/r8/internal/Aw
Event: 32.961 loading class com/android/tools/r8/internal/Aw done
Event: 32.961 loading class com/android/tools/r8/graph/g
Event: 32.961 loading class com/android/tools/r8/graph/g done
Event: 32.961 loading class com/android/tools/r8/graph/g
Event: 32.961 loading class com/android/tools/r8/graph/g done
Event: 32.961 loading class com/android/tools/r8/graph/g
Event: 32.961 loading class com/android/tools/r8/graph/g done
Event: 32.961 loading class com/android/tools/r8/graph/g
Event: 32.961 loading class com/android/tools/r8/graph/g done
Event: 33.008 loading class com/android/tools/r8/graph/g
Event: 33.008 loading class com/android/tools/r8/graph/g done
Event: 33.009 loading class com/android/tools/r8/graph/g
Event: 33.009 loading class com/android/tools/r8/graph/g done
Event: 33.012 Executing VM operation: G1CollectForAllocation


Dynamic libraries:
0x00007ff7ae9e0000 - 0x00007ff7ae9ea000 	C:\Program Files\Android\Android Studio\jbr\bin\java.exe
0x00007ffb1aca0000 - 0x00007ffb1aea9000 	C:\WINDOWS\SYSTEM32\ntdll.dll
0x00007ffb19f40000 - 0x00007ffb19ffe000 	C:\WINDOWS\System32\KERNEL32.DLL
0x00007ffb18590000 - 0x00007ffb18914000 	C:\WINDOWS\System32\KERNELBASE.dll
0x00007ffb18260000 - 0x00007ffb18371000 	C:\WINDOWS\System32\ucrtbase.dll
0x00007ffb078a0000 - 0x00007ffb078bb000 	C:\Program Files\Android\Android Studio\jbr\bin\VCRUNTIME140.dll
0x00007ffb07940000 - 0x00007ffb07957000 	C:\Program Files\Android\Android Studio\jbr\bin\jli.dll
0x00007ffb18b10000 - 0x00007ffb18cbd000 	C:\WINDOWS\System32\USER32.dll
0x00007ffb183f0000 - 0x00007ffb18416000 	C:\WINDOWS\System32\win32u.dll
0x00007ffaff110000 - 0x00007ffaff3b5000 	C:\WINDOWS\WinSxS\amd64_microsoft.windows.common-controls_6595b64144ccf1df_6.0.22000.120_none_9d947278b86cc467\COMCTL32.dll
0x00007ffb19850000 - 0x00007ffb1987a000 	C:\WINDOWS\System32\GDI32.dll
0x00007ffb1aad0000 - 0x00007ffb1ab73000 	C:\WINDOWS\System32\msvcrt.dll
0x00007ffb18920000 - 0x00007ffb18a3f000 	C:\WINDOWS\System32\gdi32full.dll
0x00007ffb181c0000 - 0x00007ffb1825d000 	C:\WINDOWS\System32\msvcp_win.dll
0x00007ffb1ac20000 - 0x00007ffb1ac51000 	C:\WINDOWS\System32\IMM32.DLL
0x00007ffb0a550000 - 0x00007ffb0a55c000 	C:\Program Files\Android\Android Studio\jbr\bin\vcruntime140_1.dll
0x00007ffaefcb0000 - 0x00007ffaefd3d000 	C:\Program Files\Android\Android Studio\jbr\bin\msvcp140.dll
0x00007ffa90e40000 - 0x00007ffa919fc000 	C:\Program Files\Android\Android Studio\jbr\bin\server\jvm.dll
0x00007ffb19680000 - 0x00007ffb1972f000 	C:\WINDOWS\System32\ADVAPI32.dll
0x00007ffb19790000 - 0x00007ffb1982e000 	C:\WINDOWS\System32\sechost.dll
0x00007ffb19920000 - 0x00007ffb19a41000 	C:\WINDOWS\System32\RPCRT4.dll
0x00007ffb19910000 - 0x00007ffb19918000 	C:\WINDOWS\System32\PSAPI.DLL
0x00007ffb135e0000 - 0x00007ffb13613000 	C:\WINDOWS\SYSTEM32\WINMM.dll
0x00007ffb12ce0000 - 0x00007ffb12cea000 	C:\WINDOWS\SYSTEM32\VERSION.dll
0x00007ffb13c50000 - 0x00007ffb13c59000 	C:\WINDOWS\SYSTEM32\WSOCK32.dll
0x00007ffb194f0000 - 0x00007ffb1955f000 	C:\WINDOWS\System32\WS2_32.dll
0x00007ffb172a0000 - 0x00007ffb172b8000 	C:\WINDOWS\SYSTEM32\kernel.appcore.dll
0x00007ffb13620000 - 0x00007ffb13630000 	C:\Program Files\Android\Android Studio\jbr\bin\verify.dll
0x00007ffb15d10000 - 0x00007ffb15f31000 	C:\WINDOWS\SYSTEM32\DBGHELP.DLL
0x00007ffb00460000 - 0x00007ffb00491000 	C:\WINDOWS\SYSTEM32\dbgcore.DLL
0x00007ffb18140000 - 0x00007ffb181bf000 	C:\WINDOWS\System32\bcryptPrimitives.dll
0x00007ffb07970000 - 0x00007ffb07998000 	C:\Program Files\Android\Android Studio\jbr\bin\java.dll
0x00007ffb07aa0000 - 0x00007ffb07aaa000 	C:\Program Files\Android\Android Studio\jbr\bin\jimage.dll
0x00007ffb072c0000 - 0x00007ffb072d8000 	C:\Program Files\Android\Android Studio\jbr\bin\zip.dll
0x00007ffb1a300000 - 0x00007ffb1aac5000 	C:\WINDOWS\System32\SHELL32.dll
0x00007ffb16220000 - 0x00007ffb16a84000 	C:\WINDOWS\SYSTEM32\windows.storage.dll
0x00007ffb18cc0000 - 0x00007ffb19036000 	C:\WINDOWS\System32\combase.dll
0x00007ffb160b0000 - 0x00007ffb16217000 	C:\WINDOWS\SYSTEM32\wintypes.dll
0x00007ffb1a210000 - 0x00007ffb1a2fa000 	C:\WINDOWS\System32\SHCORE.dll
0x00007ffb19730000 - 0x00007ffb1978d000 	C:\WINDOWS\System32\shlwapi.dll
0x00007ffb18070000 - 0x00007ffb18091000 	C:\WINDOWS\SYSTEM32\profapi.dll
0x00007ffb014d0000 - 0x00007ffb014e9000 	C:\Program Files\Android\Android Studio\jbr\bin\net.dll
0x00007ffb12570000 - 0x00007ffb12683000 	C:\WINDOWS\SYSTEM32\WINHTTP.dll
0x00007ffb17750000 - 0x00007ffb177b7000 	C:\WINDOWS\system32\mswsock.dll
0x00007ffaefe60000 - 0x00007ffaefe73000 	C:\Program Files\Android\Android Studio\jbr\bin\nio.dll
0x00007ffb078c0000 - 0x00007ffb078e7000 	C:\Users\user\.gradle\native\e1d6ef7f7dcc3fd88c89a11ec53ec762bb8ba0a96d01ffa2cd45eb1d1d8dd5c5\windows-amd64\native-platform.dll
0x00007ffade280000 - 0x00007ffade3c4000 	C:\Users\user\.gradle\native\0d407fdbe67a94daf76414ababcb853783967236a71b16ec16e742cd7a986fd3\windows-amd64\native-platform-file-events.dll
0x00007ffb079f0000 - 0x00007ffb079fa000 	C:\Program Files\Android\Android Studio\jbr\bin\management.dll
0x00007ffb07960000 - 0x00007ffb0796b000 	C:\Program Files\Android\Android Studio\jbr\bin\management_ext.dll
0x00007ffb179b0000 - 0x00007ffb179c8000 	C:\WINDOWS\SYSTEM32\CRYPTSP.dll
0x00007ffb17200000 - 0x00007ffb17235000 	C:\WINDOWS\system32\rsaenh.dll
0x00007ffb17850000 - 0x00007ffb17879000 	C:\WINDOWS\SYSTEM32\USERENV.dll
0x00007ffb17b20000 - 0x00007ffb17b47000 	C:\WINDOWS\SYSTEM32\bcrypt.dll
0x00007ffb179a0000 - 0x00007ffb179ac000 	C:\WINDOWS\SYSTEM32\CRYPTBASE.dll
0x00007ffb16dc0000 - 0x00007ffb16ded000 	C:\WINDOWS\SYSTEM32\IPHLPAPI.DLL
0x00007ffb18b00000 - 0x00007ffb18b09000 	C:\WINDOWS\System32\NSI.dll
0x00007ffb12880000 - 0x00007ffb12899000 	C:\WINDOWS\SYSTEM32\dhcpcsvc6.DLL
0x00007ffb12b20000 - 0x00007ffb12b3e000 	C:\WINDOWS\SYSTEM32\dhcpcsvc.DLL
0x00007ffb16df0000 - 0x00007ffb16ed7000 	C:\WINDOWS\SYSTEM32\DNSAPI.dll
0x00007ffb13ce0000 - 0x00007ffb13cf7000 	C:\WINDOWS\system32\napinsp.dll
0x00007ffb14510000 - 0x00007ffb1452b000 	C:\WINDOWS\system32\pnrpnsp.dll
0x00007ffb13d00000 - 0x00007ffb13d12000 	C:\WINDOWS\System32\winrnr.dll
0x00007ffaed1e0000 - 0x00007ffaed1f5000 	C:\WINDOWS\system32\wshbth.dll
0x00007ffac4a70000 - 0x00007ffac4a8f000 	C:\WINDOWS\system32\nlansp_c.dll
0x00007ffb0f800000 - 0x00007ffb0f80a000 	C:\Windows\System32\rasadhlp.dll
0x00007ffb111b0000 - 0x00007ffb11232000 	C:\WINDOWS\System32\fwpuclnt.dll
0x00007ffb145a0000 - 0x00007ffb145a7000 	C:\Program Files\Android\Android Studio\jbr\bin\rmi.dll

dbghelp: loaded successfully - version: 4.0.5 - missing functions: none
symbol engine: initialized successfully - sym options: 0x614 - pdb path: .;C:\Program Files\Android\Android Studio\jbr\bin;C:\WINDOWS\SYSTEM32;C:\WINDOWS\WinSxS\amd64_microsoft.windows.common-controls_6595b64144ccf1df_6.0.22000.120_none_9d947278b86cc467;C:\Program Files\Android\Android Studio\jbr\bin\server;C:\Users\user\.gradle\native\e1d6ef7f7dcc3fd88c89a11ec53ec762bb8ba0a96d01ffa2cd45eb1d1d8dd5c5\windows-amd64;C:\Users\user\.gradle\native\0d407fdbe67a94daf76414ababcb853783967236a71b16ec16e742cd7a986fd3\windows-amd64

VM Arguments:
jvm_args: --add-opens=java.base/java.util=ALL-UNNAMED --add-opens=java.base/java.lang=ALL-UNNAMED --add-opens=java.base/java.lang.invoke=ALL-UNNAMED --add-opens=java.base/java.util=ALL-UNNAMED --add-opens=java.prefs/java.util.prefs=ALL-UNNAMED --add-opens=java.prefs/java.util.prefs=ALL-UNNAMED --add-opens=java.base/java.nio.charset=ALL-UNNAMED --add-opens=java.base/java.net=ALL-UNNAMED --add-opens=java.base/java.util.concurrent.atomic=ALL-UNNAMED -Xmx2048m -Dfile.encoding=UTF-8 -Duser.country=US -Duser.language=en -Duser.variant 
java_command: org.gradle.launcher.daemon.bootstrap.GradleDaemon 7.5
java_class_path (initial): C:\Users\user\.gradle\wrapper\dists\gradle-7.5-bin\f1w0cc9nuo0eivz97x2xlu9sv\gradle-7.5\lib\gradle-launcher-7.5.jar
Launcher Type: SUN_STANDARD

[Global flags]
     intx CICompilerCount                          = 3                                         {product} {ergonomic}
     uint ConcGCThreads                            = 1                                         {product} {ergonomic}
     uint G1ConcRefinementThreads                  = 4                                         {product} {ergonomic}
   size_t G1HeapRegionSize                         = 1048576                                   {product} {ergonomic}
    uintx GCDrainStackTargetSize                   = 64                                        {product} {ergonomic}
   size_t InitialHeapSize                          = 134217728                                 {product} {ergonomic}
   size_t MarkStackSize                            = 4194304                                   {product} {ergonomic}
   size_t MaxHeapSize                              = 2147483648                                {product} {command line}
   size_t MaxNewSize                               = 1287651328                                {product} {ergonomic}
   size_t MinHeapDeltaBytes                        = 1048576                                   {product} {ergonomic}
    uintx NonNMethodCodeHeapSize                   = 5830732                                {pd product} {ergonomic}
    uintx NonProfiledCodeHeapSize                  = 122913754                              {pd product} {ergonomic}
    uintx ProfiledCodeHeapSize                     = 122913754                              {pd product} {ergonomic}
    uintx ReservedCodeCacheSize                    = 251658240                              {pd product} {ergonomic}
     bool SegmentedCodeCache                       = true                                      {product} {ergonomic}
     bool UseCompressedClassPointers               = true                                 {lp64_product} {ergonomic}
     bool UseCompressedOops                        = true                                 {lp64_product} {ergonomic}
     bool UseG1GC                                  = true                                      {product} {ergonomic}
     bool UseLargePagesIndividualAllocation        = false                                  {pd product} {ergonomic}

Logging:
Log output configuration:
 #0: stdout all=warning uptime,level,tags
 #1: stderr all=off uptime,level,tags

Environment Variables:
JAVA_HOME=C:\Program Files\Java\jdk-19.0.2
PATH=C:\Program Files\Zulu\zulu-8\bin\;C:\Program Files (x86)\Common Files\Oracle\Java\javapath;C:\WINDOWS\system32;C:\WINDOWS;C:\WINDOWS\System32\Wbem;C:\WINDOWS\System32\WindowsPowerShell\v1.0\;C:\WINDOWS\System32\OpenSSH\;C:\Program Files\Java\jdk-19.0.2\bin;C:\Program Files\Java\gradle-6.6\bin;C:\Program Files\Java\jdk-19.0.2;C:\Program Files\Git\cmd;C:\Users\user\AppData\Local\activestate\cache\bin;C:\Users\user\AppData\Local\ActiveState\StateTool\release;C:\Users\user\AppData\Local\Programs\Python\Python39\Scripts\;C:\Users\user\AppData\Local\Programs\Python\Python39\;C:\Users\user\AppData\Local\Microsoft\WindowsApps;;C:\Users\user\AppData\Local\Programs\Microsoft VS Code\bin
USERNAME=user
OS=Windows_NT
PROCESSOR_IDENTIFIER=Intel64 Family 6 Model 142 Stepping 9, GenuineIntel



---------------  S Y S T E M  ---------------

OS: Windows 11 , 64 bit Build 22000 (10.0.22000.2003)
OS uptime: 1 days 14:00 hours

CPU:total 4 (initial active 4) (2 cores per cpu, 2 threads per core) family 6 model 142 stepping 9 microcode 0xde, cmov, cx8, fxsr, mmx, sse, sse2, sse3, ssse3, sse4.1, sse4.2, popcnt, avx, avx2, aes, clmul, erms, 3dnowpref, lzcnt, ht, tsc, tscinvbit, bmi1, bmi2, adx, fma

Memory: 4k page, system-wide physical 8111M (975M free)
TotalPageFile size 9976M (AvailPageFile size 55M)
current process WorkingSet (physical memory assigned to process): 642M, peak: 647M
current process commit charge ("private bytes"): 684M, peak: 738M

vm_info: OpenJDK 64-Bit Server VM (11.0.15+0-b2043.56-9505619) for windows-amd64 JRE (11.0.15+0-b2043.56-9505619), built on Jan 19 2023 02:48:00 by "builduser" with unknown MS VC++:1929

END.
